  t=43.308824, Gx=0.000000, Gy=1.541985, Gz=5.229008, Ax=1.752197, Ay=-2.000000, Az=-0.322998
  t=43.826471, Gx=23.488550, Gy=-11.473282, Gz=2.206107, Ax=0.451965, Ay=-0.980469, Az=-0.031555
  t=43.826471, Gx=-9.908397, Gy=19.320611, Gz=0.496183, Ax=0.393311, Ay=-0.968262, Az=-0.081360
  t=44.061765, Gx=-12.549618, Gy=2.458015, Gz=0.671756, Ax=0.425659, Ay=-0.966248, Az=-0.074829
  t=44.297059, Gx=-0.656489, Gy=-1.816794, Gz=0.595420, Ax=0.443359, Ay=-0.968140, Az=-0.053345
  t=44.673529, Gx=0.717557, Gy=-5.916031, Gz=0.519084, Ax=0.458740, Ay=-0.971313, Az=-0.035828
  t=44.673529, Gx=-6.534351, Gy=-2.946565, Gz=0.496183, Ax=0.392883, Ay=-0.962341, Az=-0.084961
  t=45.332353, Gx=-13.022901, Gy=3.076336, Gz=0.557252, Ax=0.447205, Ay=-0.971497, Az=-0.051880
  t=45.426471, Gx=-10.404580, Gy=-1.526718, Gz=0.595420, Ax=0.422668, Ay=-0.962280, Az=-0.080261
  t=44.814706, Gx=-8.152672, Gy=-3.198473, Gz=0.572519, Ax=0.471069, Ay=-0.972229, Az=-0.030579
  t=44.908824, Gx=15.488550, Gy=-2.389313, Gz=0.664122, Ax=0.444031, Ay=-0.971619, Az=-0.052063
  t=44.814706, Gx=14.900763, Gy=-0.274809, Gz=0.572519, Ax=0.430176, Ay=-0.966675, Az=-0.072876
  t=45.426471, Gx=12.000000, Gy=1.603053, Gz=0.572519, Ax=0.462463, Ay=-0.972351, Az=-0.039307
  t=44.814706, Gx=12.068702, Gy=1.900763, Gz=0.717557, Ax=0.426331, Ay=-0.965393, Az=-0.071838
  t=44.061765, Gx=0.251908, Gy=-3.259542, Gz=0.480916, Ax=0.454773, Ay=-0.971985, Az=-0.044495
  t=44.155882, Gx=0.190840, Gy=-1.946565, Gz=0.679389, Ax=0.438171, Ay=-0.970459, Az=-0.045959
  t=45.473529, Gx=7.908397, Gy=0.267176, Gz=0.526718, Ax=0.433167, Ay=-0.963684, Az=-0.064453
  t=44.908824, Gx=7.282443, Gy=1.259542, Gz=0.595420, Ax=0.433472, Ay=-0.966980, Az=-0.065552
  t=44.108824, Gx=6.610687, Gy=-0.213740, Gz=0.587786, Ax=0.432739, Ay=-0.967346, Az=-0.063782
  t=44.673529, Gx=-7.893130, Gy=-0.404580, Gz=0.519084, Ax=0.422119, Ay=-0.965515, Az=-0.077209
  t=44.814706, Gx=-1.587786, Gy=-0.893130, Gz=0.534351, Ax=0.469299, Ay=-0.973938, Az=-0.031311
  t=44.532353, Gx=11.312977, Gy=-0.244275, Gz=0.480916, Ax=0.446472, Ay=-0.970581, Az=-0.057251
  t=44.673529, Gx=-2.984733, Gy=0.259542, Gz=0.511450, Ax=0.445984, Ay=-0.969299, Az=-0.054810
  t=44.532353, Gx=-0.412214, Gy=0.152672, Gz=0.656489, Ax=0.448975, Ay=-0.966980, Az=-0.047974
  t=44.720588, Gx=9.557252, Gy=-1.244275, Gz=0.648855, Ax=0.431091, Ay=-0.963684, Az=-0.069885
  t=44.908824, Gx=21.923664, Gy=3.641221, Gz=0.580153, Ax=0.468018, Ay=-0.974304, Az=-0.035217
  t=44.108824, Gx=15.992366, Gy=-4.641221, Gz=0.465649, Ax=0.433533, Ay=-0.969116, Az=-0.065247
  t=45.002941, Gx=14.175573, Gy=2.847328, Gz=0.549618, Ax=0.446716, Ay=-0.968079, Az=-0.058289
  t=44.814706, Gx=29.648855, Gy=1.160305, Gz=0.755725, Ax=0.466309, Ay=-0.982239, Az=-0.031311
  t=45.473529, Gx=21.954198, Gy=-4.076336, Gz=0.610687, Ax=0.438843, Ay=-0.974304, Az=-0.055542
  t=44.155882, Gx=-20.267176, Gy=18.435115, Gz=0.633588, Ax=0.409912, Ay=-0.967773, Az=-0.087097
  t=45.097059, Gx=-28.709924, Gy=16.679389, Gz=0.625954, Ax=0.436279, Ay=-0.975830, Az=-0.057251
  t=44.908824, Gx=-19.900763, Gy=-0.358779, Gz=0.618321, Ax=0.430664, Ay=-0.965271, Az=-0.063477
  t=45.050000, Gx=-5.580153, Gy=0.625954, Gz=0.610687, Ax=0.449036, Ay=-0.965881, Az=-0.059570
  t=45.002941, Gx=-12.145038, Gy=0.473282, Gz=0.687023, Ax=0.445068, Ay=-0.966553, Az=-0.060181
  t=45.002941, Gx=-26.083969, Gy=1.351145, Gz=0.519084, Ax=0.450684, Ay=-0.978577, Az=-0.044800
  t=45.379412, Gx=-13.770992, Gy=-2.832061, Gz=0.648855, Ax=0.478027, Ay=-0.973694, Az=-0.028442
  t=45.191176, Gx=5.832061, Gy=2.458015, Gz=0.595420, Ax=0.442749, Ay=-0.966248, Az=-0.059387
  t=45.238235, Gx=5.473282, Gy=0.160305, Gz=0.511450, Ax=0.433289, Ay=-0.958923, Az=-0.078430
  t=45.332353, Gx=11.549618, Gy=-1.480916, Gz=0.603053, Ax=0.422974, Ay=-0.968079, Az=-0.075073
  t=45.332353, Gx=33.511450, Gy=-10.618321, Gz=0.625954, Ax=0.458557, Ay=-0.976746, Az=-0.079346
  t=45.238235, Gx=-2.076336, Gy=-0.091603, Gz=0.732824, Ax=0.432617, Ay=-0.978027, Az=-0.073914
  t=45.332353, Gx=-1.160305, Gy=0.564885, Gz=0.603053, Ax=0.463257, Ay=-0.972229, Az=-0.076233
  t=45.379412, Gx=-2.557252, Gy=1.427481, Gz=0.641221, Ax=0.458069, Ay=-0.979431, Az=-0.071838
  t=45.191176, Gx=-11.129771, Gy=-2.213740, Gz=0.641221, Ax=0.447266, Ay=-0.959229, Az=-0.076599
  t=45.426471, Gx=-21.259542, Gy=2.603053, Gz=0.648855, Ax=0.462646, Ay=-0.967773, Az=-0.027466
  t=45.238235, Gx=-37.526718, Gy=12.877863, Gz=0.618321, Ax=0.462158, Ay=-0.961365, Az=-0.046448
  t=45.238235, Gx=-46.656489, Gy=5.633588, Gz=0.534351, Ax=0.424255, Ay=-0.971130, Az=-0.066345
  t=45.379412, Gx=-32.488550, Gy=-2.870229, Gz=0.549618, Ax=0.432007, Ay=-0.974121, Az=-0.055542
  t=45.379412, Gx=-52.526718, Gy=5.297710, Gz=0.580153, Ax=0.408813, Ay=-0.954407, Az=-0.047974
  t=44.814706, Gx=-50.366412, Gy=10.229008, Gz=0.633588, Ax=0.411560, Ay=-0.979675, Az=-0.078064
  t=45.332353, Gx=30.732824, Gy=-7.511450, Gz=0.534351, Ax=0.459839, Ay=-0.954407, Az=-0.036987
  t=45.332353, Gx=1.145038, Gy=7.671756, Gz=0.595420, Ax=0.432922, Ay=-0.946472, Az=-0.086914
  t=45.332353, Gx=-11.977099, Gy=-30.610687, Gz=0.496183, Ax=0.468018, Ay=-0.986206, Az=-0.093628
  t=44.814706, Gx=-57.129771, Gy=6.473282, Gz=0.610687, Ax=0.436157, Ay=-1.007019, Az=-0.108643
  t=45.097059, Gx=-29.259542, Gy=25.687023, Gz=0.580153, Ax=0.488098, Ay=-0.999878, Az=-0.074219
  t=44.814706, Gx=12.832061, Gy=-14.748092, Gz=0.618321, Ax=0.457214, Ay=-0.970276, Az=-0.070923
  t=45.379412, Gx=-42.045802, Gy=-5.664122, Gz=0.633588, Ax=0.487366, Ay=-0.993774, Az=-0.068909
  t=46.273529, Gx=-15.473282, Gy=9.847328, Gz=0.610687, Ax=0.455933, Ay=-0.958618, Az=-0.062439
  t=45.614706, Gx=-29.053435, Gy=23.938931, Gz=0.610687, Ax=0.383362, Ay=-1.007141, Az=-0.035339
  t=44.861765, Gx=-30.770992, Gy=46.923664, Gz=0.618321, Ax=0.407959, Ay=-1.050171, Az=-0.061707
  t=45.755882, Gx=-23.175573, Gy=9.328244, Gz=0.618321, Ax=0.479553, Ay=-0.971069, Az=-0.033997
  t=46.132353, Gx=7.938931, Gy=-1.045802, Gz=0.549618, Ax=0.444458, Ay=-0.953247, Az=-0.058411
  t=44.814706, Gx=6.687023, Gy=1.000000, Gz=0.557252, Ax=0.434937, Ay=-0.957214, Az=-0.063171
  t=46.179412, Gx=-3.458015, Gy=2.816794, Gz=0.572519, Ax=0.466553, Ay=-0.974976, Az=-0.053040
  t=46.273529, Gx=13.992366, Gy=-1.343511, Gz=0.549618, Ax=0.404602, Ay=-0.970825, Az=-0.073181
  t=45.614706, Gx=-23.175573, Gy=2.198473, Gz=0.526718, Ax=0.450867, Ay=-0.966736, Az=-0.052979
  t=46.132353, Gx=6.251908, Gy=-1.908397, Gz=0.534351, Ax=0.474304, Ay=-0.979492, Az=-0.045288
  t=46.179412, Gx=-7.625954, Gy=1.824427, Gz=0.534351, Ax=0.463440, Ay=-0.983032, Az=-0.046265
  t=45.191176, Gx=1.083969, Gy=-6.137405, Gz=0.534351, Ax=0.467957, Ay=-0.980652, Az=-0.043091
  t=45.238235, Gx=16.793893, Gy=-6.251908, Gz=0.549618, Ax=0.446594, Ay=-0.981689, Az=-0.062073
  t=45.191176, Gx=14.442748, Gy=-5.893130, Gz=0.679389, Ax=0.444885, Ay=-0.974731, Az=-0.067078
  t=45.379412, Gx=14.282443, Gy=-7.122137, Gz=0.557252, Ax=0.445374, Ay=-0.977783, Az=-0.057678
  t=45.332353, Gx=2.625954, Gy=0.519084, Gz=0.618321, Ax=0.445740, Ay=-0.962952, Az=-0.055847
  t=45.097059, Gx=3.961832, Gy=-3.167939, Gz=0.702290, Ax=0.444580, Ay=-0.977661, Az=-0.046875
  t=45.520588, Gx=-1.427481, Gy=2.061069, Gz=0.641221, Ax=0.451660, Ay=-0.973999, Az=-0.050964
  t=45.332353, Gx=-1.862595, Gy=3.709924, Gz=0.648855, Ax=0.433167, Ay=-0.962036, Az=-0.074280
  t=45.520588, Gx=-1.633588, Gy=1.603053, Gz=0.572519, Ax=0.430481, Ay=-0.984680, Az=-0.044678
  t=45.426471, Gx=-6.969466, Gy=-2.267176, Gz=0.709924, Ax=0.409607, Ay=-0.959534, Az=-0.079529
  t=45.238235, Gx=21.450382, Gy=-2.816794, Gz=0.679389, Ax=0.411743, Ay=-0.963257, Az=-0.083374
  t=45.002941, Gx=5.732824, Gy=-3.366412, Gz=0.618321, Ax=0.448059, Ay=-0.978516, Az=-0.036926
  t=45.238235, Gx=13.900763, Gy=4.755725, Gz=0.541985, Ax=0.427307, Ay=-0.973999, Az=-0.052856
  t=45.567647, Gx=5.557252, Gy=-13.167939, Gz=0.671756, Ax=0.414490, Ay=-0.962341, Az=-0.069702
  t=45.426471, Gx=-14.396947, Gy=7.954198, Gz=0.610687, Ax=0.428650, Ay=-0.980896, Az=-0.045044
  t=45.426471, Gx=-17.083969, Gy=1.167939, Gz=0.549618, Ax=0.451660, Ay=-0.983215, Az=-0.042786
  t=45.567647, Gx=-11.007634, Gy=9.916031, Gz=0.549618, Ax=0.427429, Ay=-0.977051, Az=-0.056335
  t=45.426471, Gx=0.458015, Gy=1.725191, Gz=0.648855, Ax=0.443726, Ay=-0.974792, Az=-0.053650
  t=46.179412, Gx=11.526718, Gy=-10.320611, Gz=0.580153, Ax=0.428223, Ay=-0.969360, Az=-0.063477
  t=45.002941, Gx=1.068702, Gy=-3.145038, Gz=0.541985, Ax=0.435425, Ay=-0.979736, Az=-0.048828
  t=45.332353, Gx=3.961832, Gy=0.702290, Gz=0.648855, Ax=0.427185, Ay=-0.977966, Az=-0.049438
  t=46.085294, Gx=-1.984733, Gy=5.114504, Gz=0.587786, Ax=0.423950, Ay=-0.979553, Az=-0.052002
  t=44.814706, Gx=-5.068702, Gy=5.709924, Gz=0.519084, Ax=0.420898, Ay=-0.980835, Az=-0.049805
  t=45.944118, Gx=-5.648855, Gy=5.839695, Gz=0.564885, Ax=0.418823, Ay=-0.980713, Az=-0.052185
  t=44.814706, Gx=-7.152672, Gy=5.022901, Gz=0.641221, Ax=0.435974, Ay=-0.974365, Az=-0.045898
  t=44.861765, Gx=-4.526718, Gy=6.312977, Gz=0.603053, Ax=0.437622, Ay=-0.989014, Az=-0.026245
  t=46.179412, Gx=-4.938931, Gy=-0.503817, Gz=0.496183, Ax=0.423950, Ay=-0.980957, Az=-0.047241
  t=46.132353, Gx=-3.221374, Gy=3.580153, Gz=0.633588, Ax=0.412842, Ay=-0.982239, Az=-0.050354
  t=46.085294, Gx=-1.175573, Gy=1.748092, Gz=0.419847, Ax=0.424622, Ay=-0.980286, Az=-0.042969
  t=45.708824, Gx=9.641221, Gy=-17.343511, Gz=0.580153, Ax=0.446167, Ay=-0.963135, Az=-0.033752
  t=45.379412, Gx=12.290076, Gy=2.458015, Gz=0.534351, Ax=0.448792, Ay=-0.962830, Az=-0.058960
  t=45.238235, Gx=-6.931298, Gy=3.908397, Gz=0.488550, Ax=0.444824, Ay=-0.965332, Az=-0.060303
  t=45.238235, Gx=-9.931298, Gy=0.969466, Gz=0.503817, Ax=0.438110, Ay=-0.962891, Az=-0.061768
  t=44.814706, Gx=16.488550, Gy=-3.267176, Gz=0.572519, Ax=0.443665, Ay=-0.968445, Az=-0.059937
  t=45.238235, Gx=27.664122, Gy=-10.564885, Gz=0.549618, Ax=0.442383, Ay=-0.975159, Az=-0.050659
  t=44.814706, Gx=12.587786, Gy=0.893130, Gz=0.534351, Ax=0.448181, Ay=-0.960510, Az=-0.052979
  t=46.132353, Gx=-10.427481, Gy=-1.801527, Gz=0.526718, Ax=0.436829, Ay=-0.960144, Az=-0.063538
  t=45.332353, Gx=-5.038168, Gy=3.458015, Gz=0.419847, Ax=0.446228, Ay=-0.956177, Az=-0.060181
  t=45.050000, Gx=3.732824, Gy=-1.122137, Gz=0.671756, Ax=0.447754, Ay=-0.956238, Az=-0.064941
  t=45.379412, Gx=6.465649, Gy=-1.786260, Gz=0.671756, Ax=0.446716, Ay=-0.954590, Az=-0.060913
  t=45.332353, Gx=4.557252, Gy=0.305344, Gz=0.541985, Ax=0.445007, Ay=-0.954224, Az=-0.059998
  t=45.238235, Gx=1.106870, Gy=-1.358779, Gz=0.580153, Ax=0.437439, Ay=-0.954834, Az=-0.067993
  t=46.179412, Gx=1.297710, Gy=-1.106870, Gz=0.587786, Ax=0.455566, Ay=-0.971924, Az=-0.072754
  t=45.238235, Gx=10.740458, Gy=-5.183206, Gz=0.587786, Ax=0.442444, Ay=-0.961243, Az=-0.054626
  t=45.379412, Gx=7.007634, Gy=0.793893, Gz=0.610687, Ax=0.439819, Ay=-0.960388, Az=-0.057251
  t=45.238235, Gx=8.549618, Gy=0.068702, Gz=0.595420, Ax=0.442505, Ay=-0.956116, Az=-0.066895
  t=46.132353, Gx=1.900763, Gy=-0.221374, Gz=0.664122, Ax=0.448547, Ay=-0.958557, Az=-0.053711
  t=45.238235, Gx=16.244275, Gy=3.183206, Gz=0.664122, Ax=0.439331, Ay=-0.973877, Az=-0.045471
  t=45.426471, Gx=5.290076, Gy=1.305344, Gz=0.603053, Ax=0.427307, Ay=-0.973389, Az=-0.049805
  t=46.179412, Gx=-16.190840, Gy=2.755725, Gz=0.648855, Ax=0.424255, Ay=-0.964844, Az=-0.064331
  t=44.814706, Gx=-4.129771, Gy=2.732824, Gz=0.488550, Ax=0.433716, Ay=-0.932922, Az=-0.012939
  t=45.520588, Gx=2.526718, Gy=1.290076, Gz=0.610687, Ax=0.436035, Ay=-0.941711, Az=-0.042664
  t=45.614706, Gx=2.954198, Gy=-1.503817, Gz=0.618321, Ax=0.431030, Ay=-0.955872, Az=-0.047607
  t=45.379412, Gx=-3.725191, Gy=3.068702, Gz=0.603053, Ax=0.451782, Ay=-0.965576, Az=-0.045654
  t=45.614706, Gx=1.183206, Gy=1.450382, Gz=0.656489, Ax=0.436401, Ay=-0.951111, Az=-0.049927
  t=45.238235, Gx=-0.015267, Gy=-0.038168, Gz=0.610687, Ax=0.441162, Ay=-0.961914, Az=-0.058411
  t=46.132353, Gx=-3.587786, Gy=-2.274809, Gz=0.740458, Ax=0.443115, Ay=-0.968628, Az=-0.055054
  t=44.814706, Gx=0.473282, Gy=2.251908, Gz=0.572519, Ax=0.437683, Ay=-0.964844, Az=-0.059448
  t=46.132353, Gx=5.374046, Gy=-0.732824, Gz=0.541985, Ax=0.439270, Ay=-0.963867, Az=-0.059570
  t=44.814706, Gx=6.977099, Gy=-2.786260, Gz=0.618321, Ax=0.441589, Ay=-0.963196, Az=-0.057007
  t=45.426471, Gx=8.404580, Gy=-0.946565, Gz=0.656489, Ax=0.440857, Ay=-0.962036, Az=-0.058350
  t=45.002941, Gx=6.160305, Gy=-2.778626, Gz=0.511450, Ax=0.429626, Ay=-0.960022, Az=-0.067261
  t=45.614706, Gx=9.809160, Gy=-9.259542, Gz=0.587786, Ax=0.424438, Ay=-0.977844, Az=-0.047180
  t=45.567647, Gx=4.908397, Gy=-4.038168, Gz=0.595420, Ax=0.399414, Ay=-0.970276, Az=-0.063843
  t=45.614706, Gx=8.480916, Gy=0.862595, Gz=0.671756, Ax=0.439392, Ay=-0.958801, Az=-0.049072
  t=44.861765, Gx=7.832061, Gy=-0.038168, Gz=0.519084, Ax=0.440735, Ay=-0.959656, Az=-0.049438
  t=45.379412, Gx=0.328244, Gy=-0.923664, Gz=0.580153, Ax=0.440186, Ay=-0.960510, Az=-0.051819
  t=44.814706, Gx=7.648855, Gy=-2.305344, Gz=0.580153, Ax=0.427795, Ay=-0.963867, Az=-0.054810
  t=45.379412, Gx=2.244275, Gy=-4.152672, Gz=0.541985, Ax=0.433838, Ay=-0.982788, Az=-0.031128
  t=45.379412, Gx=-1.106870, Gy=-0.389313, Gz=0.534351, Ax=0.434875, Ay=-0.972534, Az=-0.040588
  t=45.708824, Gx=6.328244, Gy=1.351145, Gz=0.641221, Ax=0.450439, Ay=-0.953186, Az=-0.070190
  t=45.426471, Gx=-2.595420, Gy=1.045802, Gz=0.694656, Ax=0.449524, Ay=-0.960693, Az=-0.056580
  t=45.426471, Gx=5.137405, Gy=-5.068702, Gz=0.503817, Ax=0.451355, Ay=-0.966614, Az=-0.056335
  t=45.850000, Gx=-5.236641, Gy=-5.290076, Gz=0.595420, Ax=0.447388, Ay=-0.962463, Az=-0.052917
  t=45.379412, Gx=2.190840, Gy=-1.213740, Gz=0.503817, Ax=0.444519, Ay=-0.961304, Az=-0.061157
  t=44.861765, Gx=-2.122137, Gy=0.893130, Gz=0.526718, Ax=0.440979, Ay=-0.961975, Az=-0.060974
  t=45.755882, Gx=4.404580, Gy=-1.748092, Gz=0.580153, Ax=0.442444, Ay=-0.960999, Az=-0.061829
  t=45.708824, Gx=0.106870, Gy=0.381679, Gz=0.618321, Ax=0.451477, Ay=-0.964722, Az=-0.054443
  t=45.708824, Gx=4.526718, Gy=-0.152672, Gz=0.633588, Ax=0.444336, Ay=-0.962219, Az=-0.058533
  t=45.897059, Gx=7.137405, Gy=-1.045802, Gz=0.572519, Ax=0.444397, Ay=-0.960999, Az=-0.059265
  t=45.614706, Gx=5.656489, Gy=0.641221, Gz=0.618321, Ax=0.445862, Ay=-0.962280, Az=-0.058472
  t=46.038235, Gx=5.961832, Gy=0.564885, Gz=0.549618, Ax=0.448181, Ay=-0.962036, Az=-0.057373
  t=45.755882, Gx=10.259542, Gy=-1.038168, Gz=0.564885, Ax=0.445984, Ay=-0.962585, Az=-0.059326
  t=45.850000, Gx=-7.717557, Gy=15.213740, Gz=0.618321, Ax=0.443787, Ay=-0.964417, Az=-0.062195
  t=45.614706, Gx=-1.442748, Gy=-1.534351, Gz=0.519084, Ax=0.424316, Ay=-0.954773, Az=-0.080383
  t=45.755882, Gx=22.221374, Gy=-9.122137, Gz=0.595420, Ax=0.437378, Ay=-0.963135, Az=-0.064148
  t=45.567647, Gx=5.793893, Gy=-6.244275, Gz=0.587786, Ax=0.447998, Ay=-0.968384, Az=-0.058228
  t=46.038235, Gx=8.297710, Gy=2.290076, Gz=0.450382, Ax=0.445251, Ay=-0.962891, Az=-0.059204
  t=45.897059, Gx=10.702290, Gy=-4.770992, Gz=0.679389, Ax=0.446472, Ay=-0.962891, Az=-0.059692
  t=45.850000, Gx=0.152672, Gy=-2.290076, Gz=0.595420, Ax=0.446350, Ay=-0.963562, Az=-0.058716
  t=45.708824, Gx=3.412214, Gy=-1.145038, Gz=0.625954, Ax=0.445374, Ay=-0.961548, Az=-0.060486
  t=46.085294, Gx=3.740458, Gy=-0.648855, Gz=0.595420, Ax=0.443115, Ay=-0.963257, Az=-0.061035
  t=45.755882, Gx=0.404580, Gy=0.396947, Gz=0.541985, Ax=0.446899, Ay=-0.960510, Az=-0.062012
  t=45.944118, Gx=7.740458, Gy=-2.847328, Gz=0.557252, Ax=0.444397, Ay=-0.962646, Az=-0.061096
  t=45.755882, Gx=1.793893, Gy=-1.908397, Gz=0.595420, Ax=0.436340, Ay=-0.959656, Az=-0.067566
  t=46.085294, Gx=9.045802, Gy=-4.511450, Gz=0.458015, Ax=0.442383, Ay=-0.961914, Az=-0.063904
  t=45.755882, Gx=5.603053, Gy=-0.076336, Gz=0.526718, Ax=0.444214, Ay=-0.961060, Az=-0.065430
  t=45.897059, Gx=7.076336, Gy=-0.885496, Gz=0.641221, Ax=0.445007, Ay=-0.962158, Az=-0.059448
  t=45.614706, Gx=7.877863, Gy=-5.267176, Gz=0.557252, Ax=0.446167, Ay=-0.962463, Az=-0.058350
  t=45.755882, Gx=0.755725, Gy=-1.404580, Gz=0.595420, Ax=0.444153, Ay=-0.962952, Az=-0.061951
  t=45.755882, Gx=-1.007634, Gy=2.183206, Gz=0.641221, Ax=0.448486, Ay=-0.963623, Az=-0.055237
  t=45.850000, Gx=-2.175573, Gy=-7.587786, Gz=0.564885, Ax=0.459351, Ay=-0.968201, Az=-0.042175
  t=46.085294, Gx=2.984733, Gy=2.725191, Gz=0.633588, Ax=0.448914, Ay=-0.964478, Az=-0.054565
  t=46.085294, Gx=8.862595, Gy=0.175573, Gz=0.541985, Ax=0.435730, Ay=-0.960327, Az=-0.074219
  t=45.897059, Gx=2.618321, Gy=-3.160305, Gz=0.580153, Ax=0.452271, Ay=-0.966187, Az=-0.057190
  t=46.085294, Gx=-10.030534, Gy=-9.938931, Gz=0.564885, Ax=0.440979, Ay=-0.959595, Az=-0.060669
  t=45.755882, Gx=1.549618, Gy=-9.366412, Gz=0.526718, Ax=0.441162, Ay=-0.964172, Az=-0.064392
  t=46.038235, Gx=-11.160305, Gy=5.122137, Gz=0.694656, Ax=0.446228, Ay=-0.964478, Az=-0.058289
  t=46.038235, Gx=-3.022901, Gy=0.366412, Gz=0.458015, Ax=0.446289, Ay=-0.960938, Az=-0.057312
  t=45.897059, Gx=0.381679, Gy=1.625954, Gz=0.549618, Ax=0.453491, Ay=-0.965393, Az=-0.052917
  t=45.944118, Gx=-5.839695, Gy=12.122137, Gz=0.625954, Ax=0.443787, Ay=-0.960632, Az=-0.060120
  t=45.850000, Gx=16.305344, Gy=2.625954, Gz=0.534351, Ax=0.446045, Ay=-0.961914, Az=-0.058167
  t=46.132353, Gx=4.687023, Gy=-0.259542, Gz=0.580153, Ax=0.447510, Ay=-0.964844, Az=-0.062317
  t=46.226471, Gx=-2.534351, Gy=-0.030534, Gz=0.526718, Ax=0.441711, Ay=-0.960510, Az=-0.061340
  t=45.755882, Gx=11.473282, Gy=3.328244, Gz=0.679389, Ax=0.445312, Ay=-0.963013, Az=-0.061829
  t=45.755882, Gx=3.244275, Gy=0.015267, Gz=0.503817, Ax=0.446350, Ay=-0.965271, Az=-0.063843
  t=45.708824, Gx=3.206107, Gy=-1.648855, Gz=0.671756, Ax=0.444580, Ay=-0.961121, Az=-0.058838
  t=45.614706, Gx=4.969466, Gy=-1.839695, Gz=0.519084, Ax=0.443909, Ay=-0.963379, Az=-0.060425
  t=45.755882, Gx=1.122137, Gy=0.465649, Gz=0.732824, Ax=0.443115, Ay=-0.962341, Az=-0.061646
  t=45.708824, Gx=5.145038, Gy=-2.763359, Gz=0.656489, Ax=0.446289, Ay=-0.962524, Az=-0.059326
  t=46.038235, Gx=-1.328244, Gy=0.488550, Gz=0.511450, Ax=0.440308, Ay=-0.960266, Az=-0.063965
  t=46.038235, Gx=8.000000, Gy=1.671756, Gz=0.496183, Ax=0.438904, Ay=-0.958191, Az=-0.066956
  t=45.755882, Gx=-1.717557, Gy=-3.748092, Gz=0.580153, Ax=0.441956, Ay=-0.961487, Az=-0.060669
  t=45.002941, Gx=7.053435, Gy=-0.809160, Gz=0.564885, Ax=0.446106, Ay=-0.959534, Az=-0.057678
  t=46.038235, Gx=8.274809, Gy=-5.229008, Gz=0.610687, Ax=0.446716, Ay=-0.963684, Az=-0.060486
  t=45.850000, Gx=-0.580153, Gy=-2.267176, Gz=0.564885, Ax=0.446533, Ay=-0.961060, Az=-0.055786
  t=45.755882, Gx=2.519084, Gy=-5.412214, Gz=0.648855, Ax=0.442383, Ay=-0.960693, Az=-0.057495
  t=45.614706, Gx=-0.038168, Gy=-6.793893, Gz=0.610687, Ax=0.449280, Ay=-0.960083, Az=-0.052429
  t=45.614706, Gx=7.274809, Gy=0.656489, Gz=0.610687, Ax=0.429565, Ay=-0.955444, Az=-0.073120
  t=46.273529, Gx=7.572519, Gy=4.847328, Gz=0.511450, Ax=0.445190, Ay=-0.963562, Az=-0.054077
  t=45.567647, Gx=9.526718, Gy=-3.717557, Gz=0.564885, Ax=0.439209, Ay=-0.960693, Az=-0.059021
  t=45.755882, Gx=7.671756, Gy=-2.282443, Gz=0.618321, Ax=0.445312, Ay=-0.961975, Az=-0.060242
  t=45.897059, Gx=1.893130, Gy=1.893130, Gz=0.534351, Ax=0.441162, Ay=-0.959534, Az=-0.059875
  t=45.897059, Gx=3.648855, Gy=0.045802, Gz=0.564885, Ax=0.444519, Ay=-0.961426, Az=-0.055664
  t=44.814706, Gx=11.351145, Gy=0.755725, Gz=0.450382, Ax=0.445312, Ay=-0.961853, Az=-0.055420
  t=46.132353, Gx=2.587786, Gy=-1.687023, Gz=0.580153, Ax=0.465149, Ay=-0.966614, Az=-0.035034
  t=45.191176, Gx=12.641221, Gy=7.641221, Gz=0.519084, Ax=0.460510, Ay=-0.967224, Az=-0.047729
  t=45.379412, Gx=-12.923664, Gy=10.450382, Gz=0.572519, Ax=0.462952, Ay=-0.970703, Az=-0.040649
  t=45.567647, Gx=-11.763359, Gy=-5.557252, Gz=0.473282, Ax=0.454712, Ay=-0.963684, Az=-0.051392
  t=45.614706, Gx=7.801527, Gy=-1.427481, Gz=0.549618, Ax=0.446655, Ay=-0.962952, Az=-0.052917
  t=46.179412, Gx=26.175573, Gy=-2.175573, Gz=0.564885, Ax=0.446289, Ay=-0.968628, Az=-0.058411
  t=46.132353, Gx=12.885496, Gy=-0.992366, Gz=0.610687, Ax=0.440002, Ay=-0.966492, Az=-0.048157
  t=45.426471, Gx=19.923664, Gy=2.633588, Gz=0.534351, Ax=0.449036, Ay=-0.967651, Az=-0.051270
  t=45.379412, Gx=13.595420, Gy=-5.969466, Gz=0.648855, Ax=0.448792, Ay=-0.964600, Az=-0.057190
  t=45.332353, Gx=-0.358779, Gy=-1.603053, Gz=0.572519, Ax=0.437988, Ay=-0.964600, Az=-0.050903
  t=46.132353, Gx=3.343511, Gy=-2.473282, Gz=0.671756, Ax=0.437744, Ay=-0.965454, Az=-0.050781
  t=44.861765, Gx=0.290076, Gy=-3.389313, Gz=0.633588, Ax=0.452881, Ay=-0.964722, Az=-0.049561
  t=45.991176, Gx=-4.893130, Gy=1.419847, Gz=0.633588, Ax=0.451355, Ay=-0.965820, Az=-0.051331
  t=44.861765, Gx=2.229008, Gy=2.473282, Gz=0.618321, Ax=0.443787, Ay=-0.963562, Az=-0.056519
  t=45.332353, Gx=6.435115, Gy=-0.167939, Gz=0.687023, Ax=0.438416, Ay=-0.961243, Az=-0.065430
  t=45.379412, Gx=8.404580, Gy=-4.641221, Gz=0.641221, Ax=0.446045, Ay=-0.963135, Az=-0.058289
  t=45.332353, Gx=8.503817, Gy=-0.206107, Gz=0.610687, Ax=0.439636, Ay=-0.962708, Az=-0.064880
  t=45.379412, Gx=4.427481, Gy=9.580153, Gz=0.564885, Ax=0.441895, Ay=-0.961487, Az=-0.066772
  t=45.567647, Gx=-6.206107, Gy=5.091603, Gz=0.641221, Ax=0.441223, Ay=-0.962646, Az=-0.059326
  t=45.567647, Gx=13.687023, Gy=4.564885, Gz=0.610687, Ax=0.442505, Ay=-0.962708, Az=-0.063049
  t=45.520588, Gx=-0.664122, Gy=2.954198, Gz=0.610687, Ax=0.439636, Ay=-0.964783, Az=-0.077637
  t=46.179412, Gx=-3.572519, Gy=-9.206107, Gz=0.595420, Ax=0.448792, Ay=-0.963989, Az=-0.052979
  t=45.755882, Gx=5.549618, Gy=-4.809160, Gz=0.656489, Ax=0.438660, Ay=-0.962036, Az=-0.065063
  t=45.850000, Gx=0.992366, Gy=-2.847328, Gz=0.618321, Ax=0.440491, Ay=-0.963318, Az=-0.060059
  t=45.850000, Gx=-5.343511, Gy=-5.893130, Gz=0.519084, Ax=0.446533, Ay=-0.962463, Az=-0.055603
  t=45.567647, Gx=6.221374, Gy=-9.213740, Gz=0.641221, Ax=0.440247, Ay=-0.960449, Az=-0.061035
  t=45.850000, Gx=7.030534, Gy=-2.389313, Gz=0.526718, Ax=0.440796, Ay=-0.962646, Az=-0.066772
  t=45.567647, Gx=-16.572519, Gy=31.358779, Gz=0.541985, Ax=0.457031, Ay=-0.976807, Az=-0.045227
  t=45.755882, Gx=2.900763, Gy=-2.198473, Gz=0.519084, Ax=0.443787, Ay=-0.961914, Az=-0.060852
  t=45.944118, Gx=13.122137, Gy=-11.106870, Gz=0.511450, Ax=0.437927, Ay=-0.962280, Az=-0.066284
  t=45.755882, Gx=26.419847, Gy=2.816794, Gz=0.580153, Ax=0.445312, Ay=-0.964600, Az=-0.059265
  t=45.708824, Gx=24.748092, Gy=-6.641221, Gz=0.519084, Ax=0.449097, Ay=-0.984009, Az=-0.054810
  t=44.861765, Gx=1.832061, Gy=-1.129771, Gz=0.694656, Ax=0.444946, Ay=-0.964722, Az=-0.056152
  t=45.897059, Gx=2.427481, Gy=1.503817, Gz=0.618321, Ax=0.443909, Ay=-0.961548, Az=-0.059326
  t=45.567647, Gx=8.099237, Gy=-0.854962, Gz=0.480916, Ax=0.442200, Ay=-0.963440, Az=-0.060608
  t=45.850000, Gx=0.129771, Gy=-0.374046, Gz=0.687023, Ax=0.446106, Ay=-0.963928, Az=-0.061279
  t=45.897059, Gx=-2.717557, Gy=0.816794, Gz=0.534351, Ax=0.440491, Ay=-0.961182, Az=-0.065002
  t=45.097059, Gx=-5.839695, Gy=-4.038168, Gz=0.442748, Ax=0.439880, Ay=-0.961792, Az=-0.058838
  t=45.097059, Gx=1.969466, Gy=-1.007634, Gz=0.557252, Ax=0.442017, Ay=-0.961548, Az=-0.062317
  t=45.567647, Gx=0.335878, Gy=0.954198, Gz=0.687023, Ax=0.442932, Ay=-0.962585, Az=-0.062439
  t=45.614706, Gx=-0.290076, Gy=-0.717557, Gz=0.641221, Ax=0.443176, Ay=-0.961975, Az=-0.059326
  t=45.614706, Gx=2.351145, Gy=-2.847328, Gz=0.595420, Ax=0.444824, Ay=-0.961975, Az=-0.062744
  t=45.567647, Gx=-2.763359, Gy=-5.099237, Gz=0.725191, Ax=0.437683, Ay=-0.965149, Az=-0.053894
  t=45.567647, Gx=1.251908, Gy=-1.389313, Gz=0.465649, Ax=0.442322, Ay=-0.961060, Az=-0.061829
  t=45.332353, Gx=4.687023, Gy=-0.320611, Gz=0.595420, Ax=0.446045, Ay=-0.962402, Az=-0.058533
  t=45.614706, Gx=4.259542, Gy=-2.358779, Gz=0.648855, Ax=0.445068, Ay=-0.964905, Az=-0.056641
  t=45.614706, Gx=9.618321, Gy=1.160305, Gz=0.511450, Ax=0.441589, Ay=-0.961792, Az=-0.065796
  t=45.002941, Gx=1.290076, Gy=-1.236641, Gz=0.603053, Ax=0.447754, Ay=-0.963806, Az=-0.060303
  t=45.614706, Gx=2.854962, Gy=0.366412, Gz=0.633588, Ax=0.445129, Ay=-0.963684, Az=-0.056641
  t=45.002941, Gx=8.190840, Gy=0.961832, Gz=0.541985, Ax=0.444702, Ay=-0.962097, Az=-0.059570
  t=45.708824, Gx=4.045802, Gy=-1.366412, Gz=0.557252, Ax=0.442688, Ay=-0.962463, Az=-0.060791
  t=45.614706, Gx=0.030534, Gy=-1.587786, Gz=0.610687, Ax=0.443481, Ay=-0.963440, Az=-0.059387
  t=45.614706, Gx=5.404580, Gy=-0.824427, Gz=0.480916, Ax=0.444275, Ay=-0.963562, Az=-0.059570
  t=45.755882, Gx=2.709924, Gy=0.541985, Gz=0.603053, Ax=0.445862, Ay=-0.963989, Az=-0.059448
  t=45.285294, Gx=4.000000, Gy=0.541985, Gz=0.717557, Ax=0.445251, Ay=-0.962952, Az=-0.059082
  t=45.567647, Gx=6.618321, Gy=-1.977099, Gz=0.580153, Ax=0.444458, Ay=-0.961548, Az=-0.077637
  t=44.814706, Gx=3.343511, Gy=-1.549618, Gz=0.625954, Ax=0.442078, Ay=-0.963196, Az=-0.062195
  t=45.755882, Gx=3.679389, Gy=-1.992366, Gz=0.534351, Ax=0.448669, Ay=-0.964417, Az=-0.056641
  t=45.614706, Gx=3.633588, Gy=-0.427481, Gz=0.633588, Ax=0.445679, Ay=-0.963257, Az=-0.058960
  t=45.708824, Gx=4.763359, Gy=0.099237, Gz=0.557252, Ax=0.444702, Ay=-0.960938, Az=-0.062622
  t=45.850000, Gx=7.251908, Gy=-0.809160, Gz=0.595420, Ax=0.448181, Ay=-0.963928, Az=-0.057922
  t=45.755882, Gx=8.786260, Gy=7.007634, Gz=0.618321, Ax=0.451111, Ay=-0.965759, Az=-0.051880
  t=45.897059, Gx=13.297710, Gy=1.419847, Gz=0.610687, Ax=0.442322, Ay=-0.963196, Az=-0.058777
  t=45.755882, Gx=3.083969, Gy=2.847328, Gz=0.656489, Ax=0.450867, Ay=-0.968384, Az=-0.055664
  t=46.038235, Gx=-10.335878, Gy=7.603053, Gz=0.488550, Ax=0.441406, Ay=-0.963501, Az=-0.047058
  t=45.897059, Gx=-0.793893, Gy=0.366412, Gz=0.656489, Ax=0.443604, Ay=-0.962341, Az=-0.059753
  t=45.897059, Gx=8.908397, Gy=-0.061069, Gz=0.595420, Ax=0.448669, Ay=-0.963074, Az=-0.061096
  t=46.038235, Gx=1.709924, Gy=1.580153, Gz=0.564885, Ax=0.447693, Ay=-0.963501, Az=-0.059265
  t=46.132353, Gx=2.213740, Gy=-0.099237, Gz=0.664122, Ax=0.446106, Ay=-0.962463, Az=-0.059387
  t=46.132353, Gx=3.053435, Gy=-0.679389, Gz=0.435115, Ax=0.445374, Ay=-0.962708, Az=-0.060852
  t=45.850000, Gx=-0.312977, Gy=0.961832, Gz=0.526718, Ax=0.448364, Ay=-0.963989, Az=-0.060303
  t=45.708824, Gx=1.503817, Gy=-0.648855, Gz=0.587786, Ax=0.449097, Ay=-0.962769, Az=-0.057983
  t=45.755882, Gx=5.541985, Gy=-1.297710, Gz=0.618321, Ax=0.449951, Ay=-0.963379, Az=-0.058228
  t=46.085294, Gx=3.541985, Gy=-1.152672, Gz=0.580153, Ax=0.444946, Ay=-0.962952, Az=-0.062195
  t=46.038235, Gx=3.824427, Gy=-2.114504, Gz=0.725191, Ax=0.449280, Ay=-0.963623, Az=-0.055786
  t=46.226471, Gx=2.404580, Gy=-1.007634, Gz=0.572519, Ax=0.446167, Ay=-0.962646, Az=-0.058716
  t=46.273529, Gx=1.664122, Gy=-2.992366, Gz=0.694656, Ax=0.447266, Ay=-0.963074, Az=-0.061157
  t=45.614706, Gx=3.129771, Gy=-2.580153, Gz=0.625954, Ax=0.447815, Ay=-0.962463, Az=-0.058594
  t=46.273529, Gx=1.717557, Gy=-2.893130, Gz=0.641221, Ax=0.450623, Ay=-0.962585, Az=-0.056580
  t=45.708824, Gx=0.786260, Gy=-0.351145, Gz=0.496183, Ax=0.449829, Ay=-0.961914, Az=-0.058655
  t=46.085294, Gx=3.595420, Gy=-0.778626, Gz=0.595420, Ax=0.446350, Ay=-0.961365, Az=-0.058472
  t=46.085294, Gx=6.053435, Gy=-0.900763, Gz=0.625954, Ax=0.445618, Ay=-0.963257, Az=-0.059326
  t=46.038235, Gx=1.938931, Gy=0.282443, Gz=0.610687, Ax=0.445190, Ay=-0.960693, Az=-0.061829
  t=46.085294, Gx=4.290076, Gy=0.160305, Gz=0.595420, Ax=0.450134, Ay=-0.962402, Az=-0.059143
  t=46.273529, Gx=4.381679, Gy=-3.404580, Gz=0.671756, Ax=0.445068, Ay=-0.963440, Az=-0.059692
  t=46.038235, Gx=5.160305, Gy=-2.908397, Gz=0.541985, Ax=0.442688, Ay=-0.960388, Az=-0.063660
  t=46.226471, Gx=0.412214, Gy=-2.916031, Gz=0.641221, Ax=0.446899, Ay=-0.961060, Az=-0.059631
  t=46.085294, Gx=1.129771, Gy=0.145038, Gz=0.603053, Ax=0.440369, Ay=-0.958740, Az=-0.066101
  t=46.085294, Gx=-2.366412, Gy=-3.564885, Gz=0.595420, Ax=0.447754, Ay=-0.962036, Az=-0.056641
  t=45.755882, Gx=5.083969, Gy=-2.091603, Gz=0.618321, Ax=0.443115, Ay=-0.957764, Az=-0.062561
  t=45.897059, Gx=9.702290, Gy=-4.648855, Gz=0.648855, Ax=0.449646, Ay=-0.962341, Az=-0.057739
  t=45.850000, Gx=1.702290, Gy=-0.725191, Gz=0.526718, Ax=0.449219, Ay=-0.963806, Az=-0.059326
  t=45.755882, Gx=0.328244, Gy=0.725191, Gz=0.641221, Ax=0.445801, Ay=-0.960449, Az=-0.061096
  t=45.897059, Gx=7.312977, Gy=-1.122137, Gz=0.488550, Ax=0.446777, Ay=-0.963257, Az=-0.058716
  t=46.085294, Gx=5.351145, Gy=-0.366412, Gz=0.603053, Ax=0.443970, Ay=-0.963562, Az=-0.059814
  t=45.850000, Gx=4.007634, Gy=1.664122, Gz=0.580153, Ax=0.443726, Ay=-0.960144, Az=-0.047241
  t=46.132353, Gx=3.396947, Gy=1.725191, Gz=0.488550, Ax=0.445496, Ay=-0.962463, Az=-0.059937
  t=45.755882, Gx=6.748092, Gy=1.847328, Gz=0.541985, Ax=0.442017, Ay=-0.962769, Az=-0.059998
  t=45.850000, Gx=6.213740, Gy=0.916031, Gz=0.496183, Ax=0.452576, Ay=-0.962952, Az=-0.048767
  t=45.614706, Gx=9.610687, Gy=-2.053435, Gz=0.587786, Ax=0.445374, Ay=-0.963684, Az=-0.058105
  t=46.085294, Gx=-4.755725, Gy=0.221374, Gz=0.557252, Ax=0.446045, Ay=-0.961182, Az=-0.058228
  t=46.038235, Gx=-2.923664, Gy=-2.244275, Gz=0.625954, Ax=0.444824, Ay=-0.962463, Az=-0.056152
  t=45.897059, Gx=-4.259542, Gy=-5.992366, Gz=0.549618, Ax=0.447510, Ay=-0.964172, Az=-0.060242
  t=46.085294, Gx=-10.145038, Gy=-7.312977, Gz=0.694656, Ax=0.454529, Ay=-0.965210, Az=-0.050476
  t=45.755882, Gx=5.007634, Gy=2.458015, Gz=0.519084, Ax=0.450989, Ay=-0.964783, Az=-0.053650
  t=45.897059, Gx=-5.992366, Gy=-2.213740, Gz=0.557252, Ax=0.446289, Ay=-0.964478, Az=-0.057739
  t=45.755882, Gx=-3.534351, Gy=-0.015267, Gz=0.526718, Ax=0.444458, Ay=-0.966187, Az=-0.064148
  t=45.755882, Gx=-20.396947, Gy=8.122137, Gz=0.580153, Ax=0.461426, Ay=-0.975037, Az=-0.044312
  t=45.708824, Gx=-5.946565, Gy=5.152672, Gz=0.511450, Ax=0.425293, Ay=-0.958740, Az=-0.074097
  t=45.897059, Gx=23.038168, Gy=5.770992, Gz=0.648855, Ax=0.436096, Ay=-0.963745, Az=-0.065430
  t=45.708824, Gx=19.931298, Gy=-2.839695, Gz=0.526718, Ax=0.448730, Ay=-0.968018, Az=-0.055115
  t=46.132353, Gx=-16.503817, Gy=7.274809, Gz=0.671756, Ax=0.467590, Ay=-0.966858, Az=-0.050781
  t=45.567647, Gx=0.358779, Gy=-3.290076, Gz=0.587786, Ax=0.451233, Ay=-0.963623, Az=-0.049744
  t=45.755882, Gx=21.305344, Gy=-5.656489, Gz=0.595420, Ax=0.446106, Ay=-0.965271, Az=-0.057312
  t=46.132353, Gx=-6.763359, Gy=0.450382, Gz=0.595420, Ax=0.443970, Ay=-0.963135, Az=-0.063843
  t=46.179412, Gx=-8.832061, Gy=-2.961832, Gz=0.595420, Ax=0.450806, Ay=-0.965515, Az=-0.049133
  t=45.755882, Gx=13.519084, Gy=-2.770992, Gz=0.572519, Ax=0.440308, Ay=-0.963013, Az=-0.062256
  t=45.944118, Gx=7.122137, Gy=-3.419847, Gz=0.633588, Ax=0.456543, Ay=-0.967102, Az=-0.050964
  t=45.567647, Gx=-0.671756, Gy=0.221374, Gz=0.580153, Ax=0.451660, Ay=-0.963745, Az=-0.050110
  t=45.991176, Gx=6.427481, Gy=-0.038168, Gz=0.572519, Ax=0.450928, Ay=-0.963257, Az=-0.048889
  t=45.379412, Gx=2.236641, Gy=0.610687, Gz=0.740458, Ax=0.445740, Ay=-0.963379, Az=-0.050720
  t=45.567647, Gx=-5.679389, Gy=-3.312977, Gz=0.549618, Ax=0.440430, Ay=-0.960022, Az=-0.057373
  t=45.614706, Gx=5.251908, Gy=-2.923664, Gz=0.679389, Ax=0.441284, Ay=-0.960999, Az=-0.063293
  t=45.614706, Gx=7.427481, Gy=1.839695, Gz=0.625954, Ax=0.441772, Ay=-0.962646, Az=-0.060974
  t=46.179412, Gx=3.374046, Gy=0.068702, Gz=0.625954, Ax=0.444275, Ay=-0.963196, Az=-0.053345
  t=46.273529, Gx=-4.809160, Gy=-2.236641, Gz=0.564885, Ax=0.441711, Ay=-0.964050, Az=-0.054749
  t=46.132353, Gx=1.282443, Gy=-3.274809, Gz=0.656489, Ax=0.435181, Ay=-0.958191, Az=-0.066833
  t=46.273529, Gx=6.305344, Gy=-3.503817, Gz=0.671756, Ax=0.445190, Ay=-0.964539, Az=-0.056396
  t=44.814706, Gx=-3.167939, Gy=-3.526718, Gz=0.595420, Ax=0.444092, Ay=-0.964417, Az=-0.053528
  t=45.520588, Gx=9.000000, Gy=-4.038168, Gz=0.534351, Ax=0.442932, Ay=-0.962891, Az=-0.054626
  t=45.379412, Gx=0.679389, Gy=-0.358779, Gz=0.664122, Ax=0.436279, Ay=-0.962402, Az=-0.065796
  t=45.379412, Gx=8.984733, Gy=0.511450, Gz=0.549618, Ax=0.433411, Ay=-0.961914, Az=-0.065918
  t=45.426471, Gx=-5.755725, Gy=-1.198473, Gz=0.610687, Ax=0.446594, Ay=-0.969299, Az=-0.053955
  t=45.191176, Gx=-26.709924, Gy=3.190840, Gz=0.671756, Ax=0.434875, Ay=-0.953186, Az=-0.059753
  t=45.050000, Gx=-1.381679, Gy=-1.022901, Gz=0.541985, Ax=0.454468, Ay=-0.966797, Az=-0.042236
  t=45.238235, Gx=16.404580, Gy=-12.778626, Gz=0.572519, Ax=0.452271, Ay=-0.972961, Az=-0.040771
  t=45.097059, Gx=0.557252, Gy=1.816794, Gz=0.610687, Ax=0.425110, Ay=-0.962830, Az=-0.079651
  t=45.238235, Gx=-2.580153, Gy=-2.511450, Gz=0.549618, Ax=0.439758, Ay=-0.963135, Az=-0.061646
  t=45.238235, Gx=11.473282, Gy=-8.091603, Gz=0.572519, Ax=0.429688, Ay=-0.961182, Az=-0.070679
  t=45.191176, Gx=5.076336, Gy=-11.648855, Gz=0.580153, Ax=0.416687, Ay=-0.958862, Az=-0.087891
  t=45.379412, Gx=1.732824, Gy=-4.396947, Gz=0.625954, Ax=0.435181, Ay=-0.962646, Az=-0.062866
  t=45.097059, Gx=-2.366412, Gy=-7.305344, Gz=0.618321, Ax=0.456055, Ay=-0.968323, Az=-0.044006
  t=45.332353, Gx=8.519084, Gy=-7.526718, Gz=0.595420, Ax=0.414124, Ay=-0.956665, Az=-0.089966
  t=45.379412, Gx=5.251908, Gy=15.778626, Gz=0.656489, Ax=0.435120, Ay=-0.961243, Az=-0.065918
  t=45.520588, Gx=-1.816794, Gy=4.404580, Gz=0.610687, Ax=0.455139, Ay=-0.966858, Az=-0.043823
  t=45.238235, Gx=6.213740, Gy=-1.381679, Gz=0.580153, Ax=0.432495, Ay=-0.960632, Az=-0.071289
  t=45.097059, Gx=6.992366, Gy=-9.664122, Gz=0.618321, Ax=0.435730, Ay=-0.961975, Az=-0.061951
  t=45.191176, Gx=-0.885496, Gy=0.267176, Gz=0.633588, Ax=0.415894, Ay=-0.956909, Az=-0.087402
  t=45.332353, Gx=-1.312977, Gy=-3.656489, Gz=0.580153, Ax=0.423279, Ay=-0.961304, Az=-0.062622
  t=45.002941, Gx=6.152672, Gy=-3.702290, Gz=0.496183, Ax=0.431458, Ay=-0.961853, Az=-0.066040
  t=45.520588, Gx=2.969466, Gy=2.114504, Gz=0.656489, Ax=0.418274, Ay=-0.957092, Az=-0.087891
  t=45.238235, Gx=5.763359, Gy=1.633588, Gz=0.480916, Ax=0.419434, Ay=-0.954041, Az=-0.087036
  t=45.238235, Gx=1.541985, Gy=0.862595, Gz=0.564885, Ax=0.443054, Ay=-0.965393, Az=-0.055176
  t=45.991176, Gx=3.618321, Gy=-0.244275, Gz=0.534351, Ax=0.442932, Ay=-0.911011, Az=-0.084839
  t=45.332353, Gx=3.557252, Gy=-0.564885, Gz=0.618321, Ax=0.445557, Ay=-0.912048, Az=-0.053833
  t=45.379412, Gx=3.587786, Gy=-0.656489, Gz=0.564885, Ax=0.439087, Ay=-0.913269, Az=-0.053406
  t=45.097059, Gx=3.664122, Gy=-0.656489, Gz=0.572519, Ax=0.444458, Ay=-0.912720, Az=-0.052856
  t=45.238235, Gx=3.618321, Gy=-0.702290, Gz=0.564885, Ax=0.440857, Ay=-0.912476, Az=-0.051941
  t=44.814706, Gx=3.549618, Gy=-0.511450, Gz=0.618321, Ax=0.444031, Ay=-0.913757, Az=-0.051941
  t=45.002941, Gx=3.572519, Gy=-0.541985, Gz=0.610687, Ax=0.444580, Ay=-0.912354, Az=-0.051636
  t=45.426471, Gx=3.496183, Gy=-0.603053, Gz=0.625954, Ax=0.442932, Ay=-0.913513, Az=-0.053345
  t=45.379412, Gx=3.511450, Gy=-0.580153, Gz=0.603053, Ax=0.443481, Ay=-0.913147, Az=-0.052612
  t=44.814706, Gx=3.526718, Gy=-0.534351, Gz=0.557252, Ax=0.444275, Ay=-0.913269, Az=-0.053101
  t=45.379412, Gx=3.488550, Gy=-0.725191, Gz=0.664122, Ax=0.439941, Ay=-0.913330, Az=-0.052490
  t=45.238235, Gx=3.595420, Gy=-0.770992, Gz=0.618321, Ax=0.443909, Ay=-0.912964, Az=-0.054138
  t=44.861765, Gx=3.595420, Gy=-0.717557, Gz=0.572519, Ax=0.439636, Ay=-0.911316, Az=-0.052979
  t=45.191176, Gx=3.587786, Gy=-0.732824, Gz=0.625954, Ax=0.443909, Ay=-0.912842, Az=-0.052124
  t=44.861765, Gx=3.580153, Gy=-0.709924, Gz=0.541985, Ax=0.443604, Ay=-0.912537, Az=-0.054321
  t=45.379412, Gx=3.519084, Gy=-0.687023, Gz=0.603053, Ax=0.444641, Ay=-0.913818, Az=-0.052856
  t=45.097059, Gx=3.519084, Gy=-0.610687, Gz=0.496183, Ax=0.445740, Ay=-0.912598, Az=-0.051514
  t=45.332353, Gx=3.610687, Gy=-0.603053, Gz=0.625954, Ax=0.439087, Ay=-0.912231, Az=-0.051453
  t=45.097059, Gx=3.488550, Gy=-0.748092, Gz=0.587786, Ax=0.447021, Ay=-0.912537, Az=-0.053528
  t=45.379412, Gx=3.557252, Gy=-0.496183, Gz=0.679389, Ax=0.445068, Ay=-0.913696, Az=-0.052734
  t=45.238235, Gx=3.564885, Gy=-0.648855, Gz=0.587786, Ax=0.443481, Ay=-0.912903, Az=-0.052673
  t=45.379412, Gx=3.549618, Gy=-0.687023, Gz=0.603053, Ax=0.445007, Ay=-0.913574, Az=-0.053589
  t=45.332353, Gx=3.503817, Gy=-0.526718, Gz=0.511450, Ax=0.441895, Ay=-0.912781, Az=-0.053406
  t=45.238235, Gx=3.534351, Gy=-0.618321, Gz=0.587786, Ax=0.442627, Ay=-0.912964, Az=-0.054321
  t=45.379412, Gx=3.557252, Gy=-0.702290, Gz=0.641221, Ax=0.438354, Ay=-0.914429, Az=-0.053955
  t=45.426471, Gx=3.557252, Gy=-0.557252, Gz=0.473282, Ax=0.442688, Ay=-0.913513, Az=-0.054382
  t=45.332353, Gx=3.557252, Gy=-0.465649, Gz=0.580153, Ax=0.442322, Ay=-0.913574, Az=-0.052185
  t=44.814706, Gx=3.541985, Gy=-0.694656, Gz=0.610687, Ax=0.441650, Ay=-0.911865, Az=-0.054016
  t=45.332353, Gx=3.587786, Gy=-0.557252, Gz=0.587786, Ax=0.443665, Ay=-0.913635, Az=-0.051208
  t=45.050000, Gx=3.587786, Gy=-0.732824, Gz=0.603053, Ax=0.442871, Ay=-0.914185, Az=-0.054138
  t=45.097059, Gx=3.557252, Gy=-0.557252, Gz=0.587786, Ax=0.443054, Ay=-0.912903, Az=-0.053589
  t=45.191176, Gx=3.557252, Gy=-0.679389, Gz=0.603053, Ax=0.443054, Ay=-0.913269, Az=-0.053223
  t=45.238235, Gx=3.496183, Gy=-0.671756, Gz=0.648855, Ax=0.444031, Ay=-0.914246, Az=-0.053528
  t=45.097059, Gx=3.526718, Gy=-0.534351, Gz=0.580153, Ax=0.442932, Ay=-0.912781, Az=-0.052246
  t=45.002941, Gx=3.534351, Gy=-0.778626, Gz=0.603053, Ax=0.444397, Ay=-0.912842, Az=-0.053345
  t=45.332353, Gx=3.557252, Gy=-0.572519, Gz=0.580153, Ax=0.444092, Ay=-0.913635, Az=-0.052063
  t=45.426471, Gx=3.587786, Gy=-0.709924, Gz=0.557252, Ax=0.442688, Ay=-0.912537, Az=-0.053650
  t=45.379412, Gx=3.511450, Gy=-0.625954, Gz=0.610687, Ax=0.442993, Ay=-0.913635, Az=-0.051331
  t=45.520588, Gx=3.580153, Gy=-0.679389, Gz=0.534351, Ax=0.441406, Ay=-0.913513, Az=-0.052612
  t=45.238235, Gx=3.587786, Gy=-0.709924, Gz=0.610687, Ax=0.444153, Ay=-0.912170, Az=-0.053345
  t=45.097059, Gx=3.534351, Gy=-0.671756, Gz=0.580153, Ax=0.444275, Ay=-0.912720, Az=-0.052368
  t=45.379412, Gx=3.587786, Gy=-0.549618, Gz=0.557252, Ax=0.444763, Ay=-0.912842, Az=-0.053589
  t=45.426471, Gx=3.595420, Gy=-0.709924, Gz=0.580153, Ax=0.444214, Ay=-0.913147, Az=-0.056152
  t=45.332353, Gx=3.595420, Gy=-0.473282, Gz=0.564885, Ax=0.443481, Ay=-0.912842, Az=-0.052917
  t=45.379412, Gx=3.587786, Gy=-0.717557, Gz=0.694656, Ax=0.445557, Ay=-0.912903, Az=-0.051819
  t=45.426471, Gx=3.557252, Gy=-0.625954, Gz=0.633588, Ax=0.443542, Ay=-0.912781, Az=-0.053467
  t=45.379412, Gx=3.618321, Gy=-0.633588, Gz=0.572519, Ax=0.445251, Ay=-0.912170, Az=-0.052307
  t=45.520588, Gx=3.511450, Gy=-0.595420, Gz=0.572519, Ax=0.446472, Ay=-0.913391, Az=-0.052185
  t=44.814706, Gx=3.603053, Gy=-0.641221, Gz=0.557252, Ax=0.446533, Ay=-0.911865, Az=-0.053528
  t=44.814706, Gx=3.526718, Gy=-0.610687, Gz=0.656489, Ax=0.444275, Ay=-0.913025, Az=-0.052795
  t=45.567647, Gx=3.625954, Gy=-0.595420, Gz=0.580153, Ax=0.440186, Ay=-0.913086, Az=-0.053955
  t=45.002941, Gx=3.557252, Gy=-0.564885, Gz=0.519084, Ax=0.445862, Ay=-0.912842, Az=-0.053101
  t=44.814706, Gx=3.557252, Gy=-0.648855, Gz=0.587786, Ax=0.443787, Ay=-0.912109, Az=-0.052429
  t=45.567647, Gx=3.610687, Gy=-0.526718, Gz=0.694656, Ax=0.446289, Ay=-0.912292, Az=-0.052307
  t=44.814706, Gx=3.603053, Gy=-0.763359, Gz=0.549618, Ax=0.446350, Ay=-0.912720, Az=-0.053833
  t=46.273529, Gx=3.526718, Gy=-0.511450, Gz=0.694656, Ax=0.446716, Ay=-0.911865, Az=-0.051086
  t=45.379412, Gx=3.610687, Gy=-0.648855, Gz=0.549618, Ax=0.444031, Ay=-0.912659, Az=-0.054382
  t=46.132353, Gx=3.610687, Gy=-0.648855, Gz=0.534351, Ax=0.445312, Ay=-0.912292, Az=-0.052490
  t=46.273529, Gx=3.496183, Gy=-0.610687, Gz=0.694656, Ax=0.446655, Ay=-0.912659, Az=-0.053711
  t=45.755882, Gx=3.526718, Gy=-0.709924, Gz=0.687023, Ax=0.445129, Ay=-0.911987, Az=-0.053894
  t=45.426471, Gx=3.679389, Gy=-0.610687, Gz=0.526718, Ax=0.445801, Ay=-0.912292, Az=-0.052673
  t=46.179412, Gx=3.557252, Gy=-0.580153, Gz=0.557252, Ax=0.446838, Ay=-0.913696, Az=-0.053101
  t=45.520588, Gx=3.564885, Gy=-0.702290, Gz=0.603053, Ax=0.445312, Ay=-0.912720, Az=-0.054626
  t=45.567647, Gx=3.564885, Gy=-0.709924, Gz=0.664122, Ax=0.444824, Ay=-0.911804, Az=-0.053040
  t=45.567647, Gx=3.564885, Gy=-0.549618, Gz=0.580153, Ax=0.445679, Ay=-0.912048, Az=-0.054504
  t=45.897059, Gx=3.610687, Gy=-0.679389, Gz=0.717557, Ax=0.446594, Ay=-0.911865, Az=-0.051941
  t=45.567647, Gx=3.587786, Gy=-0.480916, Gz=0.633588, Ax=0.448425, Ay=-0.912109, Az=-0.052002
  t=45.567647, Gx=3.564885, Gy=-0.740458, Gz=0.641221, Ax=0.445129, Ay=-0.912109, Az=-0.054199
  t=46.038235, Gx=3.587786, Gy=-0.450382, Gz=0.564885, Ax=0.445679, Ay=-0.911926, Az=-0.052429
  t=45.567647, Gx=3.534351, Gy=-0.740458, Gz=0.557252, Ax=0.448486, Ay=-0.912537, Az=-0.054199
  t=45.614706, Gx=3.465649, Gy=-0.488550, Gz=0.564885, Ax=0.443604, Ay=-0.912537, Az=-0.052185
  t=45.614706, Gx=3.534351, Gy=-0.763359, Gz=0.633588, Ax=0.446106, Ay=-0.911926, Az=-0.054382
