Accel calibration start
Accel calibration complete
Gyro calibration start
Gyro calibration complete
 Accel [ X:-0.0236592 Y:+0.0267205 Z:+0.9844082]  Gyro  [ X:+53.2415466 Y:-31.2726746 Z:-0.3263245]  Magnet [ X:-17.2429792 Y:+47.2307692 Z:-7.3470085]
 Accel [ X:-0.0427021 Y:+0.0584587 Z:+0.9538906]  Gyro  [ X:-15.7586975 Y:+0.2825012 Z:+0.3450623]  Magnet [ X:-16.6432234 Y:+62.2246642 Z:+2.8488400]
 Accel [ X:-0.0927510 Y:+0.0733513 Z:+0.8943203]  Gyro  [ X:+6.7632751 Y:-16.9904480 Z:-0.3263245]  Magnet [ X:-14.5440781 Y:+59.2258852 Z:+2.2490842]
 Accel [ X:-0.0580830 Y:+0.0787224 Z:+0.9299648]  Gyro  [ X:+41.0955505 Y:-4.3866882 Z:+0.0704041]  Magnet [ X:-16.1934066 Y:+50.3794872 Z:-3.2986569]
 Accel [ X:-0.0886006 Y:+0.0628533 Z:+0.9043301]  Gyro  [ X:-65.1361389 Y:+6.5691223 Z:+0.3145447]  Magnet [ X:-14.3941392 Y:+54.8776557 Z:-0.2998779]
 Accel [ X:-0.2057881 Y:+0.0804314 Z:+0.7742031]  Gyro  [ X:-93.5174866 Y:-39.5734558 Z:+0.0093689]  Magnet [ X:-14.3941392 Y:+56.9768010 Z:+0.8996337]
 Accel [ X:-0.0661396 Y:+0.0892205 Z:+0.9067715]  Gyro  [ X:+44.0862732 Y:+3.6394348 Z:-0.2652893]  Magnet [ X:-16.6432234 Y:+54.4278388 Z:-1.3494505]
 Accel [ X:-0.1396260 Y:+0.0648064 Z:+0.8406094]  Gyro  [ X:-53.7225647 Y:+4.9822083 Z:+0.1314392]  Magnet [ X:-20.3916972 Y:+55.7772894 Z:-4.1982906]
 Accel [ X:-0.1613545 Y:+0.0682244 Z:+0.8208340]  Gyro  [ X:-85.9186096 Y:-17.9670105 Z:+0.1924744]  Magnet [ X:-13.1946276 Y:+52.4786325 Z:+0.2998779]
 Accel [ X:-0.0944600 Y:+0.0926384 Z:+0.8750332]  Gyro  [ X:-9.5025940 Y:+2.6018372 Z:+0.0093689]  Magnet [ X:-14.5440781 Y:+55.3274725 Z:+1.3494505]
 Accel [ X:-0.0126729 Y:+0.0606560 Z:+0.9712246]  Gyro  [ X:-4.0704651 Y:-8.0487976 Z:+0.1314392]  Magnet [ X:-15.5936508 Y:+58.1763126 Z:+0.8996337]
 Accel [ X:-0.1010518 Y:+0.0811638 Z:+0.8791836]  Gyro  [ X:-0.6219788 Y:-10.0629578 Z:-0.0821838]  Magnet [ X:-13.6444444 Y:+53.5282051 Z:+0.7496947]
 Accel [ X:-0.1271748 Y:+0.0879998 Z:+0.8271816]  Gyro  [ X:+0.2325134 Y:-0.4804382 Z:-0.2347717]  Magnet [ X:-13.1946276 Y:+54.2778999 Z:+0.5997558]
 Accel [ X:-0.1022725 Y:+0.0713982 Z:+0.8723477]  Gyro  [ X:-2.7276917 Y:-11.3141785 Z:-0.2042542]  Magnet [ X:-9.5960928 Y:+57.5765568 Z:+2.6989011]
 Accel [ X:-0.0561299 Y:+0.0757927 Z:+0.9192227]  Gyro  [ X:+27.6372986 Y:-9.0253601 Z:-0.4178772]  Magnet [ X:-4.7980464 Y:+53.9780220 Z:+1.7992674]
 Accel [ X:-0.0854268 Y:+0.0794548 Z:+0.8970059]  Gyro  [ X:+9.7539978 Y:-4.5087585 Z:-0.0516663]  Magnet [ X:-13.4945055 Y:+54.8776557 Z:+0.8996337]
 Accel [ X:-0.0226826 Y:+0.0584587 Z:+0.9441250]  Gyro  [ X:+39.1119080 Y:+3.1816711 Z:+0.1314392]  Magnet [ X:-10.6456654 Y:+55.6273504 Z:+3.4485958]
 Accel [ X:-0.1025166 Y:+0.0652947 Z:+0.8909023]  Gyro  [ X:+56.6595154 Y:+0.4350891 Z:+0.0093689]  Magnet [ X:-18.2925519 Y:+57.2766789 Z:+0.0000000]
 Accel [ X:-0.1503682 Y:+0.0831169 Z:+0.8342617]  Gyro  [ X:-12.5543518 Y:-13.0536804 Z:-0.6009827]  Magnet [ X:-19.6420024 Y:+56.5269841 Z:-1.6493284]
 Accel [ X:-0.0453877 Y:+0.0582146 Z:+0.9399746]  Gyro  [ X:-36.7242737 Y:-9.7272644 Z:+0.1314392]  Magnet [ X:-17.0930403 Y:+60.5753358 Z:+1.4993895]
 Accel [ X:-0.0143818 Y:+0.0535759 Z:+0.9690273]  Gyro  [ X:+13.4466248 Y:-5.5463562 Z:-0.3263245]  Magnet [ X:-15.4437118 Y:+58.0263736 Z:+2.2490842]
 Accel [ X:-0.0724873 Y:+0.0472283 Z:+0.9219082]  Gyro  [ X:-66.5704651 Y:-27.0307312 Z:-0.2652893]  Magnet [ X:-15.7435897 Y:+56.5269841 Z:+0.1499389]
 Accel [ X:-0.0348896 Y:+0.0648064 Z:+0.9389980]  Gyro  [ X:-6.5118713 Y:-9.9714050 Z:+0.0093689]  Magnet [ X:-11.8451770 Y:+54.7277167 Z:+1.9492063]
 Accel [ X:+0.0039287 Y:+0.0550408 Z:+0.9753750]  Gyro  [ X:+67.3101501 Y:+5.3484192 Z:+0.0704041]  Magnet [ X:-6.7472527 Y:+55.6273504 Z:+2.5489621]
 Accel [ X:+0.0307842 Y:-0.0284553 Z:+1.0217617]  Gyro  [ X:+181.2933044 Y:-32.1271667 Z:-0.0516663]  Magnet [ X:-23.8402930 Y:+58.6261294 Z:-4.9479853]
 Accel [ X:-0.2070088 Y:+0.0694451 Z:+0.8015469]  Gyro  [ X:-88.6957092 Y:+70.6255188 Z:+0.1009216]  Magnet [ X:-24.8898657 Y:+49.1799756 Z:-20.0918193]
 Accel [ X:+0.0649639 Y:-0.0079475 Z:+1.0749844]  Gyro  [ X:-116.6803284 Y:+59.3034973 Z:-0.1737366]  Magnet [ X:-8.9963370 Y:+47.3807082 Z:-1.7992674]
 Accel [ X:-0.0329365 Y:+0.0596794 Z:+0.9468105]  Gyro  [ X:-45.2386780 Y:-2.0978699 Z:+0.0398865]  Magnet [ X:-8.3965812 Y:+53.0783883 Z:+1.7992674]
 Accel [ X:-0.0768818 Y:+0.0872673 Z:+0.8855313]  Gyro  [ X:+20.0994568 Y:+12.4284973 Z:-0.0211487]  Magnet [ X:-6.2974359 Y:+52.4786325 Z:+2.0991453]
 Accel [ X:+0.1001201 Y:+0.0389275 Z:+1.0815762]  Gyro  [ X:+14.2400818 Y:-21.5680847 Z:-0.0211487]  Magnet [ X:-8.9963370 Y:+50.0796093 Z:-1.1995116]
 Accel [ X:+0.1579814 Y:+0.0203728 Z:+1.1299160]  Gyro  [ X:+49.2132263 Y:-12.1686707 Z:-0.2042542]  Magnet [ X:-13.7943834 Y:+52.7785104 Z:-1.7992674]
 Accel [ X:-0.0463643 Y:+0.0723748 Z:+0.9294766]  Gyro  [ X:+13.8128357 Y:-3.1659851 Z:-0.2042542]  Magnet [ X:-15.7435897 Y:+56.2271062 Z:+1.6493284]
 Accel [ X:+0.1650615 Y:+0.0220818 Z:+1.1611660]  Gyro  [ X:+22.0220642 Y:+12.7641907 Z:-0.1737366]  Magnet [ X:-13.9443223 Y:+56.5269841 Z:+1.3494505]
 Accel [ X:-0.4352803 Y:+0.0477166 Z:+0.6501797]  Gyro  [ X:-164.0130920 Y:+75.3862610 Z:-0.4178772]  Magnet [ X:+31.4871795 Y:+56.6769231 Z:-8.6964591]
 Accel [ X:-0.0680928 Y:+0.0821404 Z:+0.9868496]  Gyro  [ X:+106.8304138 Y:-24.1620789 Z:+0.2535095]  Magnet [ X:+27.8886447 Y:+44.3819292 Z:-20.9914530]
 Accel [ X:-0.1015400 Y:+0.0220818 Z:+0.8342617]  Gyro  [ X:-25.8600159 Y:+6.0808411 Z:+0.0398865]  Magnet [ X:+31.0373626 Y:+61.6249084 Z:-7.6468864]
 Accel [ X:+0.0259014 Y:+0.0533318 Z:+0.8459805]  Gyro  [ X:-11.3641663 Y:+3.2121887 Z:-0.4178772]  Magnet [ X:+35.0857143 Y:+59.9755800 Z:-14.0942613]
 Accel [ X:-0.0261006 Y:+0.0254998 Z:+0.8801602]  Gyro  [ X:-5.0165100 Y:-9.7272644 Z:-0.1432190]  Magnet [ X:+31.9369963 Y:+52.9284493 Z:-13.9443223]
 Accel [ X:-0.0265889 Y:+0.1680779 Z:+0.9209316]  Gyro  [ X:-31.2005920 Y:+12.2453918 Z:-0.1127014]  Magnet [ X:+32.9865690 Y:+52.1787546 Z:-18.5924298]
 Accel [ X:-0.0722432 Y:+0.0792107 Z:+0.8928555]  Gyro  [ X:+188.0376892 Y:-33.3173523 Z:-0.0821838]  Magnet [ X:+30.1377289 Y:+62.5245421 Z:-6.4473748]
 Accel [ X:-0.1520771 Y:+0.0355095 Z:+0.9282559]  Gyro  [ X:+229.2974548 Y:-76.3776550 Z:-0.2652893]  Magnet [ X:+28.7882784 Y:+47.9804640 Z:-14.3941392]
 Accel [ X:-0.0505146 Y:+0.0867791 Z:+0.9272793]  Gyro  [ X:+150.5621033 Y:+19.6916809 Z:+0.0398865]  Magnet [ X:+31.1873016 Y:+53.9780220 Z:-11.9951160]
 Accel [ X:+0.0068584 Y:+0.0640740 Z:+0.7576016]  Gyro  [ X:+89.4659119 Y:-66.0016785 Z:+0.0093689]  Magnet [ X:+22.4908425 Y:+67.1726496 Z:+2.3990232]
 Accel [ X:+0.0656963 Y:+0.0384392 Z:+0.7617520]  Gyro  [ X:-9.6246643 Y:+24.7270813 Z:-0.0516663]  Magnet [ X:+27.8886447 Y:+61.7748474 Z:-3.2986569]
 Accel [ X:+0.0298076 Y:+0.1275505 Z:+0.9499844]  Gyro  [ X:-105.1446838 Y:+12.7641907 Z:+0.0093689]  Magnet [ X:+30.5875458 Y:+45.5814408 Z:-20.3916972]
 Accel [ X:-0.1181416 Y:+0.0916619 Z:+0.9118984]  Gyro  [ X:+5.4815369 Y:-8.1098328 Z:-0.1127014]  Magnet [ X:+29.3880342 Y:+48.2803419 Z:-13.1946276]
 Accel [ X:+0.0486064 Y:+0.0001091 Z:+0.7424648]  Gyro  [ X:-4.7418518 Y:-70.8234558 Z:-0.0516663]  Magnet [ X:+27.7387057 Y:+68.2222222 Z:-2.5489621]
 Accel [ X:-0.0373311 Y:-0.1561409 Z:+0.8491543]  Gyro  [ X:-287.7008362 Y:+39.1313782 Z:-0.1432190]  Magnet [ X:+23.2405372 Y:+41.2332112 Z:-19.3421245]
 Accel [ X:-0.4264912 Y:+0.8243279 Z:+1.7493008]  Gyro  [ X:-86.0101624 Y:+14.3816223 Z:+0.1924744]  Magnet [ X:+22.7907204 Y:+73.1702076 Z:+1.1995116]
 Accel [ X:-0.1576924 Y:+0.0501580 Z:+0.8948086]  Gyro  [ X:-181.3775940 Y:+49.1716614 Z:-0.1737366]  Magnet [ X:+29.5379731 Y:+53.5282051 Z:-7.3470085]
 Accel [ X:-0.1313252 Y:+0.1868767 Z:+0.8989590]  Gyro  [ X:-42.8888245 Y:+80.9099426 Z:-0.1432190]  Magnet [ X:+24.5899878 Y:+40.1836386 Z:-24.8898657]
 Accel [ X:-0.1752705 Y:+0.1378044 Z:+0.8037441]  Gyro  [ X:+20.8623962 Y:-27.8241882 Z:+0.0398865]  Magnet [ X:+30.2876679 Y:+50.9792430 Z:-11.9951160]
 Accel [ X:-0.1528096 Y:-0.2349983 Z:+0.8630703]  Gyro  [ X:+50.6780701 Y:-143.0280457 Z:-0.2042542]  Magnet [ X:+35.0857143 Y:+73.7699634 Z:-11.6952381]
 Accel [ X:-0.1132588 Y:-0.1038948 Z:+0.7561367]  Gyro  [ X:+144.1228943 Y:-84.9225769 Z:+0.3755798]  Magnet [ X:+24.1401709 Y:+65.2234432 Z:-1.9492063]
 Accel [ X:-0.0759053 Y:+0.1321892 Z:+0.8645352]  Gyro  [ X:-10.4486389 Y:+20.8513489 Z:-0.3263245]  Magnet [ X:+14.8439560 Y:+71.5208791 Z:+4.9479853]
 Accel [ X:+0.0012432 Y:+0.0821404 Z:+0.8662441]  Gyro  [ X:-35.2899475 Y:-6.7365417 Z:+0.0398865]  Magnet [ X:-1.6493284 Y:+66.4229548 Z:+8.2466422]
 Accel [ X:+0.0771709 Y:+0.0284294 Z:+0.9678066]  Gyro  [ X:-0.9881897 Y:-7.6520691 Z:+0.1619568]  Magnet [ X:-12.8947497 Y:+51.5789988 Z:-1.7992674]
 Accel [ X:-0.2165303 Y:+0.0660271 Z:+0.8447598]  Gyro  [ X:+44.7881775 Y:-0.2362976 Z:+0.2535095]  Magnet [ X:-16.0434676 Y:+53.2283272 Z:-1.6493284]
 Accel [ X:+0.0090557 Y:+0.0567498 Z:+0.9802578]  Gyro  [ X:-85.3998108 Y:+12.3674622 Z:+0.2229919]  Magnet [ X:-11.5452991 Y:+43.9321123 Z:-8.2466422]
 Accel [ X:-0.0353779 Y:+0.0377068 Z:+0.8921230]  Gyro  [ X:+26.9353943 Y:+17.6775208 Z:-0.0821838]  Magnet [ X:-17.2429792 Y:+52.9284493 Z:-4.9479853]
 Accel [ X:+0.0827861 Y:-0.0572639 Z:+1.0432461]  Gyro  [ X:-42.0648499 Y:-33.4699402 Z:-0.0516663]  Magnet [ X:-12.1450549 Y:+57.1267399 Z:+1.0495726]
 Accel [ X:-0.0812764 Y:+0.0667595 Z:+0.8415859]  Gyro  [ X:-22.9913635 Y:+1.8083801 Z:+0.0704041]  Magnet [ X:+3.8984127 Y:+66.2730159 Z:+7.1970696]
 Accel [ X:-0.0883564 Y:+0.0569939 Z:+0.8498867]  Gyro  [ X:-41.0272522 Y:+27.4431458 Z:+0.1924744]  Magnet [ X:-3.4485958 Y:+71.2210012 Z:+7.9467643]
 Accel [ X:-0.0783467 Y:+0.0499138 Z:+0.8918789]  Gyro  [ X:-34.1913147 Y:+24.1777649 Z:+0.2840271]  Magnet [ X:+2.9987790 Y:+71.6708181 Z:+7.4969475]
 Accel [ X:+0.0344463 Y:+0.0442986 Z:+0.9853848]  Gyro  [ X:-44.1400452 Y:+5.1958313 Z:+0.1009216]  Magnet [ X:+2.2490842 Y:+71.8207570 Z:+7.0471306]
 Accel [ X:-0.0407490 Y:+0.0792107 Z:+0.8804043]  Gyro  [ X:-3.2464905 Y:+16.4568176 Z:-0.1737366]  Magnet [ X:+0.8996337 Y:+69.5716728 Z:+9.2962149]
 Accel [ X:-0.0702900 Y:+0.0494255 Z:+0.9136074]  Gyro  [ X:-32.6959534 Y:-6.9806824 Z:-0.1737366]  Magnet [ X:-3.4485958 Y:+68.5221001 Z:+7.6468864]
 Accel [ X:+0.0298076 Y:+0.0381951 Z:+1.0034512]  Gyro  [ X:-20.2142639 Y:+31.4409485 Z:+0.3755798]  Magnet [ X:-9.5960928 Y:+68.3721612 Z:+7.7968254]
 Accel [ X:-0.1139912 Y:+0.0013298 Z:+0.9529141]  Gyro  [ X:-12.4017639 Y:+5.1653137 Z:+0.0093689]  Magnet [ X:-7.4969475 Y:+66.2730159 Z:+5.9975580]
 Accel [ X:-0.1659932 Y:+0.0833611 Z:+0.8408535]  Gyro  [ X:-25.6463928 Y:-26.4508972 Z:-0.3263245]  Magnet [ X:-4.4981685 Y:+66.8727717 Z:+8.9963370]
 Accel [ X:-0.2331318 Y:+0.1165642 Z:+0.7300137]  Gyro  [ X:+54.0655212 Y:-1.3044128 Z:+0.1314392]  Magnet [ X:-16.3433455 Y:+61.3250305 Z:+0.4498168]
 Accel [ X:-0.0009541 Y:+0.0071892 Z:+1.0325039]  Gyro  [ X:+47.6873474 Y:-3.0439148 Z:+0.1009216]  Magnet [ X:-14.0942613 Y:+56.9768010 Z:+0.5997558]
 Accel [ X:-0.1513447 Y:+0.0340447 Z:+0.9145840]  Gyro  [ X:+66.7303162 Y:-37.8644714 Z:-0.0516663]  Magnet [ X:-12.1450549 Y:+43.3323565 Z:-10.9455433]
 Accel [ X:-0.0627217 Y:+0.0577263 Z:+0.9582852]  Gyro  [ X:+117.8167419 Y:+24.6660461 Z:-0.1737366]  Magnet [ X:+5.8476190 Y:+36.1352869 Z:-17.2429792]
 Accel [ X:-0.1476826 Y:+0.0587029 Z:+0.8852871]  Gyro  [ X:+94.8064880 Y:-56.9684753 Z:+0.1619568]  Magnet [ X:+14.9938950 Y:+36.8849817 Z:-22.7907204]
 Accel [ X:-0.0385518 Y:+0.0320916 Z:+1.0168789]  Gyro  [ X:+59.2840271 Y:-69.5722351 Z:+0.4060974]  Magnet [ X:-1.0495726 Y:+36.4351648 Z:-19.0422466]
 Accel [ X:-0.1569600 Y:+0.0233025 Z:+0.9592617]  Gyro  [ X:+26.6607361 Y:+10.1701965 Z:+0.2840271]  Magnet [ X:-18.8923077 Y:+60.8752137 Z:+0.5997558]
 Accel [ X:-0.1323018 Y:+0.0828728 Z:+0.8872402]  Gyro  [ X:+47.5347595 Y:-22.8498230 Z:-0.1127014]  Magnet [ X:+2.9987790 Y:+72.5704518 Z:+6.8971917]
 Accel [ X:-0.0732197 Y:+0.0145134 Z:+0.9834316]  Gyro  [ X:+1.8804626 Y:-14.7626648 Z:-0.1432190]  Magnet [ X:-15.1438339 Y:+64.6236874 Z:+4.3482295]
 Accel [ X:-0.1147236 Y:+0.0262322 Z:+0.9399746]  Gyro  [ X:+11.3714294 Y:+3.4563293 Z:-0.1432190]  Magnet [ X:-8.0967033 Y:+66.2730159 Z:+6.2974359]
 Accel [ X:-0.1672139 Y:+0.0320916 Z:+0.9297207]  Gyro  [ X:-5.0470276 Y:+0.5266418 Z:-0.4789124]  Magnet [ X:-7.9467643 Y:+69.7216117 Z:+8.2466422]
 Accel [ X:-0.1733174 Y:+0.0147576 Z:+0.9441250]  Gyro  [ X:+18.0852966 Y:-6.5229187 Z:+0.0093689]  Magnet [ X:-5.8476190 Y:+71.5208791 Z:+6.7472527]
 Accel [ X:-0.1655049 Y:+0.0269646 Z:+0.9433926]  Gyro  [ X:+31.6351013 Y:-21.2018738 Z:+0.1619568]  Magnet [ X:-6.7472527 Y:+70.3213675 Z:+7.6468864]
 Accel [ X:-0.1305928 Y:+0.0482048 Z:+0.8999355]  Gyro  [ X:+52.2955017 Y:-27.0307312 Z:+0.0093689]  Magnet [ X:-8.0967033 Y:+68.0722833 Z:+7.1970696]
 Accel [ X:-0.1596455 Y:-0.0128303 Z:+0.9929531]  Gyro  [ X:+21.1065369 Y:-9.4831238 Z:+0.4060974]  Magnet [ X:-2.6989011 Y:+70.4713065 Z:+8.6964591]
 Accel [ X:-0.1232686 Y:+0.0340447 Z:+0.9380215]  Gyro  [ X:-12.6153870 Y:-16.3190613 Z:-0.4178772]  Magnet [ X:+0.7496947 Y:+75.1194139 Z:+7.6468864]
 Accel [ X:-0.1750264 Y:+0.0152458 Z:+0.9223965]  Gyro  [ X:+37.6470642 Y:-16.5937195 Z:-0.1432190]  Magnet [ X:+3.7484737 Y:+76.3189255 Z:+8.8463980]
 Accel [ X:-0.1115498 Y:+0.1109490 Z:+0.8930996]  Gyro  [ X:+35.3887634 Y:+14.6562805 Z:-0.0516663]  Magnet [ X:+15.2937729 Y:+73.7699634 Z:+5.3978022]
 Accel [ X:-0.0773701 Y:+0.0848259 Z:+0.9014004]  Gyro  [ X:+34.5647888 Y:-9.8493347 Z:-0.0211487]  Magnet [ X:-11.5452991 Y:+63.7240537 Z:+4.9479853]
 Accel [ X:-0.0673604 Y:+0.0840935 Z:+0.9006680]  Gyro  [ X:-29.3695374 Y:+14.0764465 Z:-0.3263245]  Magnet [ X:-15.8935287 Y:+62.6744811 Z:+2.6989011]
 Accel [ X:-0.0744404 Y:+0.0862908 Z:+0.9189785]  Gyro  [ X:-44.6893616 Y:+3.0596008 Z:+0.1009216]  Magnet [ X:+0.0000000 Y:+64.7736264 Z:+7.7968254]
 Accel [ X:-0.0781025 Y:+0.1026482 Z:+0.8379238]  Gyro  [ X:+10.6695251 Y:-16.7157898 Z:-0.0821838]  Magnet [ X:-15.5936508 Y:+55.4774115 Z:-2.3990232]
 Accel [ X:-0.0387959 Y:+0.0711541 Z:+0.8965176]  Gyro  [ X:+24.4939880 Y:-21.2629089 Z:-0.1432190]  Magnet [ X:-9.1462759 Y:+40.9333333 Z:-12.1450549]
 Accel [ X:-0.0578389 Y:+0.0740837 Z:+0.8974941]  Gyro  [ X:+26.8743591 Y:-34.5990906 Z:-0.0516663]  Magnet [ X:-16.9431013 Y:+43.9321123 Z:-13.6444444]
 Accel [ X:-0.0737080 Y:+0.1126580 Z:+0.9026211]  Gyro  [ X:-45.0555725 Y:-4.0815125 Z:+0.1314392]  Magnet [ X:-10.1958486 Y:+62.6744811 Z:+5.6976801]
 Accel [ X:-0.0578389 Y:+0.1209587 Z:+0.8987148]  Gyro  [ X:+23.0901794 Y:+1.5337219 Z:+0.2535095]  Magnet [ X:+1.1995116 Y:+71.6708181 Z:+8.9963370]
 Accel [ X:-0.0549092 Y:+0.1172966 Z:+0.8972500]  Gyro  [ X:+5.8172302 Y:-3.7153015 Z:+0.1924744]  Magnet [ X:+2.5489621 Y:+71.2210012 Z:+6.7472527]
 Accel [ X:-0.0583271 Y:+0.1231560 Z:+0.8867520]  Gyro  [ X:-2.6666565 Y:-5.3327332 Z:+0.1314392]  Magnet [ X:+2.3990232 Y:+72.5704518 Z:+7.7968254]
 Accel [ X:-0.0868916 Y:+0.1246208 Z:+0.8650234]  Gyro  [ X:+2.2771912 Y:-2.1589050 Z:+0.4060974]  Magnet [ X:-1.0495726 Y:+72.1206349 Z:+7.9467643]
 Accel [ X:-0.0881123 Y:+0.1168083 Z:+0.9072598]  Gyro  [ X:+14.4842224 Y:-23.9484558 Z:+0.0398865]  Magnet [ X:+8.9963370 Y:+72.8703297 Z:+6.8971917]
 Accel [ X:-0.0776143 Y:+0.1016716 Z:+0.9079922]  Gyro  [ X:+37.0061951 Y:-24.9250183 Z:-0.1432190]  Magnet [ X:+7.9467643 Y:+72.1206349 Z:+7.0471306]
 Accel [ X:-0.0619893 Y:+0.1038689 Z:+0.9070156]  Gyro  [ X:+29.2547302 Y:-15.9223328 Z:-0.2347717]  Magnet [ X:+4.6481074 Y:+73.9199023 Z:+9.1462759]
 Accel [ X:-0.0448994 Y:+0.1019158 Z:+0.9018887]  Gyro  [ X:+19.5196228 Y:-21.9037781 Z:-0.2347717]  Magnet [ X:+1.3494505 Y:+70.6212454 Z:+8.5465201]
 Accel [ X:-0.0698018 Y:+0.1092400 Z:+0.8916348]  Gyro  [ X:+26.1724548 Y:-16.0749207 Z:+0.0704041]  Magnet [ X:+3.1487179 Y:+70.6212454 Z:+8.5465201]
 Accel [ X:-0.0995869 Y:+0.0701775 Z:+0.8801602]  Gyro  [ X:+42.9571228 Y:-29.0143738 Z:+0.1009216]  Magnet [ X:-15.2937729 Y:+64.4737485 Z:+4.4981685]
 Accel [ X:-0.0678486 Y:+0.0254998 Z:+0.9797695]  Gyro  [ X:+6.9158630 Y:-6.6144714 Z:-0.2347717]  Magnet [ X:-15.8935287 Y:+59.0759463 Z:+1.7992674]
 Accel [ X:-0.1164326 Y:+0.0919060 Z:+0.9001797]  Gyro  [ X:+64.7466736 Y:-39.6650085 Z:+0.1314392]  Magnet [ X:+0.7496947 Y:+73.6200244 Z:+7.6468864]
 Accel [ X:-0.1708760 Y:+0.2454705 Z:+1.0471523]  Gyro  [ X:+12.5921326 Y:-5.9430847 Z:+0.0093689]  Magnet [ X:-8.9963370 Y:+69.5716728 Z:+7.1970696]
 Accel [ X:-0.0969014 Y:+0.1187615 Z:+0.9524258]  Gyro  [ X:+1.1175232 Y:-10.6122742 Z:+0.5586853]  Magnet [ X:-5.2478632 Y:+72.4205128 Z:+7.3470085]
 Accel [ X:-0.0929951 Y:+0.1187615 Z:+0.8972500]  Gyro  [ X:+1.6668396 Y:-8.5675964 Z:+0.1009216]  Magnet [ X:-4.1982906 Y:+70.4713065 Z:+7.4969475]
 Accel [ X:-0.0903096 Y:+0.1119255 Z:+0.9504727]  Gyro  [ X:-7.3663635 Y:+4.3413391 Z:-0.1737366]  Magnet [ X:-1.0495726 Y:+74.8195360 Z:+8.2466422]
 Accel [ X:-0.0759053 Y:+0.0899529 Z:+0.9067715]  Gyro  [ X:-6.5729065 Y:-4.9970398 Z:+0.2840271]  Magnet [ X:-0.4498168 Y:+70.6212454 Z:+8.5465201]
 Accel [ X:-0.0951924 Y:+0.0591912 Z:+0.9328945]  Gyro  [ X:-36.4496155 Y:+0.0993958 Z:+0.2229919]  Magnet [ X:-9.1462759 Y:+67.3225885 Z:+6.1474969]
 Accel [ X:-0.0649189 Y:+0.0779900 Z:+0.9451016]  Gyro  [ X:-32.5433655 Y:+11.5129700 Z:-0.2652893]  Magnet [ X:-6.5973138 Y:+69.5716728 Z:+7.4969475]
 Accel [ X:-0.0912861 Y:+0.0853142 Z:+0.9236172]  Gyro  [ X:-27.5690002 Y:+0.5571594 Z:+0.1009216]  Magnet [ X:-5.5477411 Y:+69.7216117 Z:+7.3470085]
 Accel [ X:-0.0832295 Y:+0.0821404 Z:+0.9233730]  Gyro  [ X:-16.6131897 Y:+2.9070129 Z:-0.0821838]  Magnet [ X:-2.0991453 Y:+71.3709402 Z:+7.7968254]
 Accel [ X:-0.1047139 Y:+0.0926384 Z:+0.9272793]  Gyro  [ X:-0.4083557 Y:+8.3391418 Z:+0.1619568]  Magnet [ X:-1.3494505 Y:+71.5208791 Z:+7.9467643]
 Accel [ X:-0.1506123 Y:+0.0342888 Z:+0.9438809]  Gyro  [ X:+31.4825134 Y:-11.4057312 Z:+0.1619568]  Magnet [ X:-3.2986569 Y:+69.8715507 Z:+8.6964591]
 Accel [ X:-0.2438740 Y:+0.0831169 Z:+0.8855313]  Gyro  [ X:+21.6558533 Y:-14.7321472 Z:+0.0398865]  Magnet [ X:-7.7968254 Y:+72.2705739 Z:+7.7968254]
 Accel [ X:-0.0898213 Y:+0.0977654 Z:+0.9521816]  Gyro  [ X:-11.1505432 Y:-7.8046570 Z:+0.0704041]  Magnet [ X:-6.7472527 Y:+68.8219780 Z:+7.0471306]
 Accel [ X:-0.0893330 Y:+0.1075310 Z:+0.9238613]  Gyro  [ X:+13.4771423 Y:-9.0558777 Z:-0.1127014]  Magnet [ X:-4.6481074 Y:+71.2210012 Z:+6.7472527]
 Accel [ X:-0.0822529 Y:+0.1036248 Z:+0.9338711]  Gyro  [ X:-6.5729065 Y:-10.2765808 Z:+0.0704041]  Magnet [ X:-1.7992674 Y:+71.0710623 Z:+8.6964591]
 Accel [ X:-0.0854268 Y:+0.0770134 Z:+0.9717129]  Gyro  [ X:+26.4165955 Y:-10.1545105 Z:+0.4366150]  Magnet [ X:-0.5997558 Y:+70.1714286 Z:+7.7968254]
 Accel [ X:-0.1452412 Y:+0.0176873 Z:+1.0281094]  Gyro  [ X:+33.1304626 Y:-5.8820496 Z:+0.0704041]  Magnet [ X:-5.8476190 Y:+70.3213675 Z:+7.3470085]
 Accel [ X:-0.0888447 Y:+0.0789666 Z:+0.9726895]  Gyro  [ X:+9.1741638 Y:-18.0280457 Z:+0.0093689]  Magnet [ X:-12.2949939 Y:+66.5728938 Z:+5.9975580]
 Accel [ X:-0.0051045 Y:+0.0740837 Z:+0.9790371]  Gyro  [ X:-40.4779358 Y:+1.1980286 Z:-0.0821838]  Magnet [ X:-14.5440781 Y:+61.6249084 Z:+3.4485958]
 Accel [ X:-0.0282979 Y:+0.0770134 Z:+0.9646328]  Gyro  [ X:-1.1712952 Y:+6.6301575 Z:-0.1127014]  Magnet [ X:-3.2986569 Y:+67.4725275 Z:+7.1970696]
 Accel [ X:-0.0798115 Y:+0.0984978 Z:+0.8901699]  Gyro  [ X:-15.6366272 Y:+8.0339661 Z:+0.1009216]  Magnet [ X:+14.3941392 Y:+72.8703297 Z:+5.6976801]
 Accel [ X:-0.0646748 Y:+0.0897087 Z:+0.8994473]  Gyro  [ X:+44.8492126 Y:-20.5915222 Z:-0.1127014]  Magnet [ X:+12.4449328 Y:+73.3201465 Z:+6.1474969]
 Accel [ X:-0.0634541 Y:+0.0840935 Z:+0.8987148]  Gyro  [ X:+3.5894470 Y:-8.7507019 Z:-0.3568420]  Magnet [ X:+4.7980464 Y:+73.1702076 Z:+6.8971917]
 Accel [ X:-0.0685811 Y:+0.0945916 Z:+0.9082363]  Gyro  [ X:+21.3811951 Y:-7.7131042 Z:+0.3450623]  Magnet [ X:+14.9938950 Y:+72.8703297 Z:+5.3978022]
 Accel [ X:-0.0619893 Y:+0.0870232 Z:+0.9131191]  Gyro  [ X:+10.8831482 Y:-11.2226257 Z:+0.2840271]  Magnet [ X:+6.4473748 Y:+73.0202686 Z:+7.9467643]
 Accel [ X:-0.0654072 Y:+0.0948357 Z:+0.9035977]  Gyro  [ X:+10.9441833 Y:-6.1872253 Z:-0.1737366]  Magnet [ X:+14.6940171 Y:+74.0698413 Z:+5.9975580]
 Accel [ X:-0.0629658 Y:+0.0945916 Z:+0.9121426]  Gyro  [ X:+22.5103455 Y:-5.6073914 Z:+0.5281677]  Magnet [ X:+10.3457875 Y:+73.3201465 Z:+6.4473748]
 Accel [ X:-0.0690693 Y:+0.0921501 Z:+0.8967617]  Gyro  [ X:+21.4422302 Y:-4.6308289 Z:+0.0093689]  Magnet [ X:+7.6468864 Y:+72.4205128 Z:+7.0471306]
 Accel [ X:-0.0800557 Y:+0.1011833 Z:+0.8869961]  Gyro  [ X:+8.1060486 Y:-6.4008484 Z:-0.3873596]  Magnet [ X:+8.6964591 Y:+73.7699634 Z:+6.8971917]
 Accel [ X:-0.0495381 Y:+0.0855583 Z:+0.9057949]  Gyro  [ X:-6.9696350 Y:-22.8193054 Z:+0.0398865]  Magnet [ X:+2.9987790 Y:+71.3709402 Z:+8.3965812]
 Accel [ X:-0.0014424 Y:+0.0628533 Z:+0.9575527]  Gyro  [ X:-60.7721252 Y:+13.4660950 Z:-0.1127014]  Magnet [ X:+30.7374847 Y:+76.0190476 Z:-5.8476190]
 Accel [ X:-0.0363545 Y:+0.0862908 Z:+0.9245938]  Gyro  [ X:+30.6890564 Y:-20.8051453 Z:+0.1009216]  Magnet [ X:+34.6358974 Y:+66.7228327 Z:-11.2454212]
 Accel [ X:-0.0239033 Y:+0.0716423 Z:+0.9214199]  Gyro  [ X:+3.1622009 Y:+0.4656067 Z:+0.2535095]  Magnet [ X:+13.0446886 Y:+77.8183150 Z:+5.2478632]
 Accel [ X:-0.0380635 Y:+0.0836052 Z:+0.9343594]  Gyro  [ X:-36.5411682 Y:-3.5321960 Z:+0.0398865]  Magnet [ X:+29.3880342 Y:+68.0722833 Z:-4.4981685]
 Accel [ X:-0.0429463 Y:+0.0855583 Z:+0.9082363]  Gyro  [ X:+39.0813904 Y:-20.3473816 Z:-0.1127014]  Magnet [ X:+28.1885226 Y:+69.5716728 Z:-2.3990232]
 Accel [ X:-0.0561299 Y:+0.0904412 Z:+0.9028652]  Gyro  [ X:-8.5870667 Y:-11.8024597 Z:+0.2229919]  Magnet [ X:+20.6915751 Y:+70.4713065 Z:+3.5985348]
 Accel [ X:-0.0600361 Y:+0.0936150 Z:+0.9028652]  Gyro  [ X:+7.6177673 Y:-9.5441589 Z:-0.5704651]  Magnet [ X:+28.1885226 Y:+66.5728938 Z:-1.4993895]
 Accel [ X:-0.0492939 Y:+0.0877556 Z:+0.8992031]  Gyro  [ X:+8.5638123 Y:-10.5512390 Z:+0.1314392]  Magnet [ X:+22.1909646 Y:+71.3709402 Z:+0.0000000]
 Accel [ X:-0.0712666 Y:+0.0936150 Z:+0.8962734]  Gyro  [ X:+24.6770935 Y:-11.1310730 Z:+0.0704041]  Magnet [ X:+25.1897436 Y:+68.0722833 Z:-0.5997558]
 Accel [ X:-0.0507588 Y:+0.0858025 Z:+0.8992031]  Gyro  [ X:-32.3297424 Y:-0.0531921 Z:+0.0398865]  Magnet [ X:+25.9394383 Y:+68.5221001 Z:-0.7496947]
 Accel [ X:-0.0468525 Y:+0.0870232 Z:+0.9206875]  Gyro  [ X:-3.8263245 Y:+0.8928528 Z:+0.2229919]  Magnet [ X:+27.7387057 Y:+66.7228327 Z:-1.6493284]
 Accel [ X:-0.0424580 Y:+0.0887322 Z:+0.9106777]  Gyro  [ X:-1.5375061 Y:-1.7926941 Z:+0.2535095]  Magnet [ X:+22.9406593 Y:+73.0202686 Z:+2.2490842]
 Accel [ X:-0.0519795 Y:+0.0870232 Z:+0.9082363]  Gyro  [ X:+8.6858826 Y:+2.0525208 Z:-0.0211487]  Magnet [ X:+25.7894994 Y:+69.8715507 Z:+0.0000000]
 Accel [ X:-0.0429463 Y:+0.0821404 Z:+0.9214199]  Gyro  [ X:+9.2351990 Y:-18.5773621 Z:+0.0093689]  Magnet [ X:+23.3904762 Y:+69.8715507 Z:+0.8996337]
 Accel [ X:-0.0478291 Y:+0.0806755 Z:+0.9150723]  Gyro  [ X:-4.6808167 Y:-1.1213074 Z:+0.3450623]  Magnet [ X:+22.0410256 Y:+70.3213675 Z:+2.8488400]
 Accel [ X:-0.0312275 Y:+0.0806755 Z:+0.9192227]  Gyro  [ X:-33.7640686 Y:+9.7124329 Z:-0.2958069]  Magnet [ X:+27.2888889 Y:+66.2730159 Z:-2.0991453]
 Accel [ X:-0.0351338 Y:+0.0811638 Z:+0.9128750]  Gyro  [ X:-12.4017639 Y:-24.4672546 Z:-0.0516663]  Magnet [ X:+27.5887668 Y:+65.3733822 Z:-2.6989011]
 Accel [ X:-0.0639424 Y:+0.0948357 Z:+0.8884609]  Gyro  [ X:+12.5005798 Y:-2.3114929 Z:-0.1432190]  Magnet [ X:+25.3396825 Y:+74.5196581 Z:+0.4498168]
 Accel [ X:-0.1012959 Y:+0.1031365 Z:+0.8506191]  Gyro  [ X:-1.9952698 Y:-20.4389343 Z:+0.1314392]  Magnet [ X:+13.0446886 Y:+68.2222222 Z:+5.2478632]
 Accel [ X:-0.0798115 Y:+0.0777458 Z:+0.8901699]  Gyro  [ X:-65.0445862 Y:+34.7673645 Z:-0.0211487]  Magnet [ X:+11.8451770 Y:+71.8207570 Z:+6.1474969]
 Accel [ X:-0.0456318 Y:+0.1006951 Z:+0.9421719]  Gyro  [ X:-28.6065979 Y:-38.4748230 Z:-0.0516663]  Magnet [ X:+34.7858364 Y:+59.9755800 Z:-12.5948718]
 Accel [ X:-0.0229268 Y:+0.0757927 Z:+0.9219082]  Gyro  [ X:+46.9854431 Y:-17.9364929 Z:-0.0821838]  Magnet [ X:+20.2417582 Y:+73.0202686 Z:+2.5489621]
 Accel [ X:-0.0507588 Y:+0.0931267 Z:+0.9214199]  Gyro  [ X:-8.8312073 Y:+1.0149231 Z:-0.1737366]  Magnet [ X:+31.7870574 Y:+64.7736264 Z:-5.6976801]
 Accel [ X:-0.0690693 Y:+0.0931267 Z:+0.8906582]  Gyro  [ X:+59.9248962 Y:-18.0585632 Z:+0.0704041]  Magnet [ X:+28.6383394 Y:+62.8244200 Z:-4.6481074]
 Accel [ X:-0.0221943 Y:+0.0760369 Z:+0.9377773]  Gyro  [ X:-59.6124573 Y:-9.0558777 Z:-0.4178772]  Magnet [ X:+29.2380952 Y:+64.0239316 Z:-5.2478632]
 Accel [ X:-0.0768818 Y:+0.1060662 Z:+0.8979824]  Gyro  [ X:+17.8106384 Y:-11.2226257 Z:-0.1127014]  Magnet [ X:+32.2368742 Y:+50.8293040 Z:-16.6432234]
 Accel [ X:-0.0514912 Y:+0.0787224 Z:+0.9028652]  Gyro  [ X:+39.2339783 Y:-2.5251160 Z:-0.2042542]  Magnet [ X:+25.9394383 Y:+69.1218559 Z:+0.4498168]
 Accel [ X:-0.0844502 Y:+0.0948357 Z:+0.9016445]  Gyro  [ X:-19.3902893 Y:-3.4406433 Z:-0.2347717]  Magnet [ X:+32.6866911 Y:+56.6769231 Z:-11.6952381]
 Accel [ X:-0.0558857 Y:+0.0818962 Z:+0.8970059]  Gyro  [ X:+45.9478455 Y:+4.7075500 Z:-0.1737366]  Magnet [ X:+33.1365079 Y:+59.2258852 Z:-10.0459096]
 Accel [ X:-0.0532002 Y:+0.0858025 Z:+0.8911465]  Gyro  [ X:-7.7630920 Y:+0.8013000 Z:+0.0704041]  Magnet [ X:+31.0373626 Y:+62.5245421 Z:-5.5477411]
 Accel [ X:-0.0986104 Y:+0.1060662 Z:+0.8664883]  Gyro  [ X:+18.1768494 Y:-10.3986511 Z:-0.0211487]  Magnet [ X:+33.4363858 Y:+57.7264957 Z:-10.6456654]
 Accel [ X:-0.0536885 Y:+0.0909294 Z:+0.9050625]  Gyro  [ X:+1.4532166 Y:+0.2519836 Z:+0.3145447]  Magnet [ X:+29.0881563 Y:+62.3746032 Z:-6.5973138]
 Accel [ X:-0.0138936 Y:+0.0872673 Z:+0.9555996]  Gyro  [ X:+10.7305603 Y:-15.7087097 Z:+0.1619568]  Magnet [ X:+33.2864469 Y:+59.0759463 Z:-11.0954823]
 Accel [ X:-0.0512471 Y:+0.0882439 Z:+0.9018887]  Gyro  [ X:+19.1228943 Y:-6.9806824 Z:-0.6009827]  Magnet [ X:+30.7374847 Y:+63.1242979 Z:-4.9479853]
 Accel [ X:-0.0671162 Y:+0.0945916 Z:+0.9140957]  Gyro  [ X:+5.2984314 Y:-6.1567078 Z:+0.1009216]  Magnet [ X:+32.2368742 Y:+58.3262515 Z:-10.3457875]
 Accel [ X:-0.0705342 Y:+0.0914177 Z:+0.8691738]  Gyro  [ X:+10.3033142 Y:+15.6633606 Z:-0.2347717]  Magnet [ X:+28.1885226 Y:+64.7736264 Z:-2.9987790]
 Accel [ X:-0.0534443 Y:+0.0860466 Z:+0.9387539]  Gyro  [ X:-4.9249573 Y:+13.3440247 Z:+0.2535095]  Magnet [ X:+31.4871795 Y:+56.3770452 Z:-10.7956044]
 Accel [ X:-0.0529561 Y:+0.0816521 Z:+0.9162930]  Gyro  [ X:+31.5435486 Y:-25.6574402 Z:+0.3755798]  Magnet [ X:+28.1885226 Y:+67.1726496 Z:-2.6989011]
 Accel [ X:-0.0619893 Y:+0.0965447 Z:+0.9128750]  Gyro  [ X:-8.3124084 Y:-13.9692078 Z:+0.2840271]  Magnet [ X:+30.1377289 Y:+61.9247863 Z:-6.1474969]
 Accel [ X:-0.0571064 Y:+0.1026482 Z:+0.9133633]  Gyro  [ X:+8.4417419 Y:-8.5065613 Z:-0.1737366]  Magnet [ X:+33.5863248 Y:+57.5765568 Z:-11.9951160]
 Accel [ X:-0.1088643 Y:+0.1175408 Z:+0.8762539]  Gyro  [ X:+5.7256775 Y:+12.2759094 Z:-0.0211487]  Magnet [ X:+31.7870574 Y:+61.1750916 Z:-7.4969475]
 Accel [ X:-0.0448994 Y:+0.0980095 Z:+0.9175137]  Gyro  [ X:+6.5191345 Y:+10.7500305 Z:+0.1314392]  Magnet [ X:+28.6383394 Y:+60.7252747 Z:-4.3482295]
 Accel [ X:-0.0615010 Y:+0.0972771 Z:+0.9180020]  Gyro  [ X:-23.1439514 Y:-24.7419128 Z:+0.2535095]  Magnet [ X:+30.8874237 Y:+52.7785104 Z:-11.9951160]
 Accel [ X:-0.0663838 Y:+0.0997185 Z:+0.8999355]  Gyro  [ X:+20.0079041 Y:-13.6945496 Z:-0.3568420]  Magnet [ X:+29.6879121 Y:+61.1750916 Z:-6.5973138]
 Accel [ X:-0.0573506 Y:+0.0921501 Z:+0.9206875]  Gyro  [ X:-16.9183655 Y:+5.2873840 Z:-0.1737366]  Magnet [ X:+33.5863248 Y:+60.5753358 Z:-9.8959707]
 Accel [ X:-0.0732197 Y:+0.0992302 Z:+0.9057949]  Gyro  [ X:+24.6465759 Y:-25.3522644 Z:-0.0211487]  Magnet [ X:+32.9865690 Y:+57.2766789 Z:-11.3953602]
 Accel [ X:-0.0558857 Y:+0.1026482 Z:+0.9060391]  Gyro  [ X:+14.6978455 Y:-7.7741394 Z:+0.1924744]  Magnet [ X:+30.7374847 Y:+65.2234432 Z:-4.9479853]
 Accel [ X:-0.0722432 Y:+0.1050896 Z:+0.9194668]  Gyro  [ X:+26.0503845 Y:-5.8210144 Z:-0.5704651]  Magnet [ X:+31.6371184 Y:+62.2246642 Z:-5.2478632]
 Accel [ X:+0.0036846 Y:+0.0589470 Z:+0.9834316]  Gyro  [ X:+10.6695251 Y:+29.8235168 Z:-0.5704651]  Magnet [ X:+28.1885226 Y:+74.6695971 Z:-1.4993895]
 Accel [ X:-0.0043721 Y:+0.0618767 Z:+0.9592617]  Gyro  [ X:-54.9127502 Y:+36.0185852 Z:+0.0093689]  Magnet [ X:+31.3372405 Y:+73.6200244 Z:-5.5477411]
 Accel [ X:-0.0878682 Y:+0.0994744 Z:+0.8889492]  Gyro  [ X:-33.0926819 Y:-19.0046082 Z:+0.1619568]  Magnet [ X:+32.2368742 Y:+47.2307692 Z:-20.5416361]
 Accel [ X:-0.0949482 Y:+0.1004509 Z:+0.8747891]  Gyro  [ X:+48.4502869 Y:-27.9462585 Z:+0.1314392]  Magnet [ X:+31.9369963 Y:+50.5294261 Z:-13.3445665]
 Accel [ X:-0.0505146 Y:+0.0694451 Z:+0.9148281]  Gyro  [ X:-50.5792542 Y:-28.8007507 Z:+0.0093689]  Magnet [ X:+26.3892552 Y:+59.3758242 Z:-3.8984127]
 Accel [ X:-0.0549092 Y:+0.0858025 Z:+0.9177578]  Gyro  [ X:-54.7601624 Y:-4.5087585 Z:+0.0704041]  Magnet [ X:+31.7870574 Y:+55.4774115 Z:-11.9951160]
 Accel [ X:-0.0717549 Y:+0.0992302 Z:+0.8987148]  Gyro  [ X:-0.9271545 Y:-3.9899597 Z:+0.0398865]  Magnet [ X:+32.3868132 Y:+54.2778999 Z:-10.4957265]
 Accel [ X:-0.0698018 Y:+0.0865349 Z:+0.8926113]  Gyro  [ X:-17.2540588 Y:+6.8132629 Z:+0.2535095]  Magnet [ X:+30.2876679 Y:+60.8752137 Z:-5.9975580]
 Accel [ X:-0.0319600 Y:+0.0772576 Z:+0.9346035]  Gyro  [ X:-49.3280334 Y:-15.6781921 Z:-0.0211487]  Magnet [ X:+29.5379731 Y:+57.1267399 Z:-8.8463980]
 Accel [ X:-0.0392842 Y:+0.0706658 Z:+0.9275234]  Gyro  [ X:-46.9171448 Y:-32.1882019 Z:-0.4178772]  Magnet [ X:+30.1377289 Y:+55.9272283 Z:-8.2466422]
 Accel [ X:-0.0099873 Y:+0.0609001 Z:+0.9441250]  Gyro  [ X:-60.0702209 Y:-7.8962097 Z:+0.0093689]  Magnet [ X:+29.6879121 Y:+59.9755800 Z:-6.5973138]
 Accel [ X:-0.0717549 Y:+0.0914177 Z:+0.9048184]  Gyro  [ X:-3.5516663 Y:+1.6557922 Z:+0.0704041]  Magnet [ X:+32.0869353 Y:+54.5777778 Z:-14.0942613]
 Accel [ X:-0.0627217 Y:+0.0858025 Z:+0.9048184]  Gyro  [ X:+15.0335388 Y:-13.3893738 Z:-0.3568420]  Magnet [ X:+32.3868132 Y:+54.2778999 Z:-14.6940171]
 Accel [ X:-0.0683369 Y:+0.0875115 Z:+0.8899258]  Gyro  [ X:+24.8296814 Y:-16.5632019 Z:+0.2229919]  Magnet [ X:+30.8874237 Y:+58.1763126 Z:-7.7968254]
 Accel [ X:-0.0671162 Y:+0.0928826 Z:+0.8979824]  Gyro  [ X:-11.6998596 Y:+3.2427063 Z:-0.1737366]  Magnet [ X:+31.6371184 Y:+55.0275946 Z:-8.5465201]
 Accel [ X:-0.0729756 Y:+0.0872673 Z:+0.9023770]  Gyro  [ X:-39.3793030 Y:+2.8154602 Z:+0.1314392]  Magnet [ X:+33.7362637 Y:+53.5282051 Z:-16.6432234]
 Accel [ X:-0.0478291 Y:+0.0899529 Z:+0.9143398]  Gyro  [ X:+32.3370056 Y:-35.1789246 Z:+0.0398865]  Magnet [ X:+33.2864469 Y:+49.4798535 Z:-19.4920635]
 Accel [ X:-0.0505146 Y:+0.0811638 Z:+0.9087246]  Gyro  [ X:+26.1419373 Y:-32.0661316 Z:-0.2652893]  Magnet [ X:+34.7858364 Y:+59.9755800 Z:-10.1958486]
 Accel [ X:-0.0195088 Y:+0.0750603 Z:+0.9424160]  Gyro  [ X:-0.9576721 Y:+19.9663391 Z:+0.1314392]  Magnet [ X:+31.6371184 Y:+56.5269841 Z:-9.7460317]
 Accel [ X:-0.0837178 Y:+0.0963005 Z:+0.8772305]  Gyro  [ X:+13.8128357 Y:-14.6100769 Z:-0.0821838]  Magnet [ X:+27.7387057 Y:+54.1279609 Z:-7.3470085]
 Accel [ X:-0.0646748 Y:+0.0865349 Z:+0.9006680]  Gyro  [ X:-12.0050354 Y:-16.0444031 Z:+0.3450623]  Magnet [ X:+33.4363858 Y:+64.0239316 Z:-7.6468864]
 Accel [ X:-0.0068135 Y:+0.0689568 Z:+0.9499844]  Gyro  [ X:-53.7530823 Y:-26.9391785 Z:-0.0211487]  Magnet [ X:+33.1365079 Y:+51.7289377 Z:-17.8427350]
 Accel [ X:-0.0441670 Y:+0.0831169 Z:+0.9238613]  Gyro  [ X:+14.3011169 Y:-43.7238464 Z:+0.0093689]  Magnet [ X:+33.5863248 Y:+51.8788767 Z:-19.1921856]
 Accel [ X:-0.0737080 Y:+0.0858025 Z:+0.8826016]  Gyro  [ X:+6.3055115 Y:+3.1206360 Z:-0.0211487]  Magnet [ X:+24.5899878 Y:+55.1775336 Z:-2.3990232]
 Accel [ X:-0.0427021 Y:+0.0386833 Z:+0.9138516]  Gyro  [ X:-42.8583069 Y:+41.2065735 Z:+0.1924744]  Magnet [ X:+21.1413919 Y:+39.7338217 Z:-19.6420024]
 Accel [ X:+0.0034404 Y:+0.0562615 Z:+0.9775723]  Gyro  [ X:+50.4644470 Y:-39.3293152 Z:-0.2958069]  Magnet [ X:-19.9418803 Y:+46.6310134 Z:-11.2454212]
 Accel [ X:-0.0527119 Y:+0.0767693 Z:+0.9355801]  Gyro  [ X:+50.2203064 Y:-106.0407410 Z:+0.2535095]  Magnet [ X:-0.8996337 Y:+33.8862027 Z:-27.2888889]
 Accel [ X:-0.1008076 Y:+0.0933708 Z:+0.8591641]  Gyro  [ X:+21.3506775 Y:-47.7216492 Z:-0.0211487]  Magnet [ X:+33.7362637 Y:+52.3286935 Z:-16.0434676]
 Accel [ X:-0.0578389 Y:+0.0816521 Z:+0.8987148]  Gyro  [ X:+3.6199646 Y:+0.0078430 Z:+0.1314392]  Magnet [ X:+24.4400488 Y:+69.4217338 Z:-0.1499389]
 Accel [ X:-0.0590596 Y:+0.0882439 Z:+0.9192227]  Gyro  [ X:-25.0970764 Y:-0.7245789 Z:+0.2535095]  Magnet [ X:+32.5367521 Y:+61.9247863 Z:-7.3470085]
 Accel [ X:-0.0658955 Y:+0.0870232 Z:+0.9075039]  Gyro  [ X:+24.6465759 Y:-16.8378601 Z:-0.0821838]  Magnet [ X:+32.3868132 Y:+57.2766789 Z:-9.5960928]
 Accel [ X:-0.0693135 Y:+0.0941033 Z:+0.8855313]  Gyro  [ X:+14.3621521 Y:-8.8117371 Z:-0.0821838]  Magnet [ X:+28.4884005 Y:+62.9743590 Z:-4.4981685]
 Accel [ X:-0.0812764 Y:+0.0938591 Z:+0.8874844]  Gyro  [ X:-12.0965881 Y:-4.4172058 Z:-0.1127014]  Magnet [ X:+32.3868132 Y:+55.4774115 Z:-10.7956044]
 Accel [ X:-0.0834736 Y:+0.1006951 Z:+0.8884609]  Gyro  [ X:-29.0948792 Y:-21.6291199 Z:-0.3263245]  Magnet [ X:+29.2380952 Y:+50.5294261 Z:-13.6444444]
 Accel [ X:-0.0539326 Y:+0.0953240 Z:+0.8994473]  Gyro  [ X:+2.1246033 Y:-11.6193542 Z:-0.1127014]  Magnet [ X:+32.8366300 Y:+55.6273504 Z:-11.2454212]
 Accel [ X:-0.0541768 Y:+0.0843376 Z:+0.9118984]  Gyro  [ X:-8.8617249 Y:-14.8847351 Z:-0.1737366]  Magnet [ X:+33.2864469 Y:+60.8752137 Z:-9.2962149]
 Accel [ X:-0.0639424 Y:+0.0916619 Z:+0.9048184]  Gyro  [ X:-3.3380432 Y:-14.5185242 Z:+0.4976501]  Magnet [ X:+32.9865690 Y:+55.4774115 Z:-13.7943834]
 Accel [ X:-0.0568623 Y:+0.0916619 Z:+0.9123867]  Gyro  [ X:+5.9698181 Y:-9.8493347 Z:+0.4060974]  Magnet [ X:+34.7858364 Y:+55.4774115 Z:-14.9938950]
 Accel [ X:-0.0590596 Y:+0.0867791 Z:+0.9014004]  Gyro  [ X:+22.5103455 Y:+9.1631165 Z:-0.2652893]  Magnet [ X:+32.0869353 Y:+54.2778999 Z:-12.5948718]
 Accel [ X:-0.0636982 Y:+0.0982537 Z:+0.8874844]  Gyro  [ X:+9.6014099 Y:-18.0585632 Z:+0.1619568]  Magnet [ X:+31.3372405 Y:+51.4290598 Z:-12.1450549]
 Accel [ X:-0.0492939 Y:+0.0870232 Z:+0.8948086]  Gyro  [ X:+6.3970642 Y:-5.4853210 Z:-0.1737366]  Magnet [ X:+33.1365079 Y:+55.3274725 Z:-12.7448107]
 Accel [ X:-0.0417256 Y:+0.0872673 Z:+0.9292324]  Gyro  [ X:+21.8084412 Y:+13.4050598 Z:-0.1127014]  Magnet [ X:+34.4859585 Y:+54.8776557 Z:-14.9938950]
 Accel [ X:-0.0541768 Y:+0.0870232 Z:+0.8913906]  Gyro  [ X:+26.0503845 Y:+5.6535950 Z:+0.1009216]  Magnet [ X:+32.3868132 Y:+55.4774115 Z:-11.3953602]
 Accel [ X:-0.0649189 Y:+0.0928826 Z:+0.8999355]  Gyro  [ X:+0.8123474 Y:-1.8842468 Z:-0.0821838]  Magnet [ X:+33.2864469 Y:+53.0783883 Z:-15.2937729]
 Accel [ X:-0.0556416 Y:+0.0923943 Z:+0.9101895]  Gyro  [ X:+27.5457458 Y:-0.6635437 Z:-0.0211487]  Magnet [ X:+31.3372405 Y:+50.2295482 Z:-16.9431013]
 Accel [ X:-0.0532002 Y:+0.0887322 Z:+0.9043301]  Gyro  [ X:+3.4368591 Y:-7.8046570 Z:+0.1009216]  Magnet [ X:+32.9865690 Y:+52.7785104 Z:-12.5948718]
 Accel [ X:-0.0573506 Y:+0.0875115 Z:+0.9026211]  Gyro  [ X:+5.1153259 Y:-1.7316589 Z:-0.2652893]  Magnet [ X:+33.5863248 Y:+51.5789988 Z:-15.5936508]
 Accel [ X:-0.0868916 Y:+0.0941033 Z:+0.8860195]  Gyro  [ X:+23.9446716 Y:-10.9784851 Z:-0.5094299]  Magnet [ X:+32.5367521 Y:+52.9284493 Z:-13.6444444]
 Accel [ X:-0.0654072 Y:+0.0882439 Z:+0.8945645]  Gyro  [ X:+3.3453064 Y:-15.8307800 Z:-0.1432190]  Magnet [ X:+31.3372405 Y:+52.6285714 Z:-13.3445665]
 Accel [ X:-0.0783467 Y:+0.0931267 Z:+0.8889492]  Gyro  [ X:+4.1082458 Y:-5.0580750 Z:-0.3568420]  Magnet [ X:+32.3868132 Y:+51.2791209 Z:-14.9938950]
 Accel [ X:-0.0544209 Y:+0.0879998 Z:+0.8945645]  Gyro  [ X:+14.8809509 Y:-5.7904968 Z:-0.1737366]  Magnet [ X:+32.3868132 Y:+53.3782662 Z:-13.7943834]
 Accel [ X:-0.0558857 Y:+0.0840935 Z:+0.9077480]  Gyro  [ X:+17.1697693 Y:+4.1277161 Z:-0.1432190]  Magnet [ X:+30.7374847 Y:+53.8280830 Z:-13.0446886]
 Accel [ X:-0.0541768 Y:+0.0862908 Z:+0.9004238]  Gyro  [ X:+7.0379333 Y:-10.5817566 Z:+0.0093689]  Magnet [ X:+33.7362637 Y:+53.8280830 Z:-14.8439560]
 Accel [ X:-0.0593037 Y:+0.0875115 Z:+0.9084805]  Gyro  [ X:+14.1790466 Y:-8.7507019 Z:+0.1314392]  Magnet [ X:+33.5863248 Y:+51.8788767 Z:-12.8947497]
 Accel [ X:-0.0532002 Y:+0.0899529 Z:+0.9014004]  Gyro  [ X:+17.2308044 Y:-6.0041199 Z:+0.2535095]  Magnet [ X:+33.7362637 Y:+53.5282051 Z:-15.1438339]
 Accel [ X:-0.0500264 Y:+0.0831169 Z:+0.9128750]  Gyro  [ X:+28.2171326 Y:+24.5134583 Z:+0.0704041]  Magnet [ X:+32.5367521 Y:+51.4290598 Z:-18.1426129]
 Accel [ X:-0.0761494 Y:+0.0901970 Z:+0.8950527]  Gyro  [ X:+37.6165466 Y:-16.9904480 Z:+0.2229919]  Magnet [ X:+29.6879121 Y:+54.8776557 Z:-9.5960928]
 Accel [ X:-0.0370869 Y:+0.0762810 Z:+0.9131191]  Gyro  [ X:+14.1485291 Y:+3.3647766 Z:+0.1924744]  Magnet [ X:+20.8415140 Y:+76.0190476 Z:+1.9492063]
 Accel [ X:-0.0461201 Y:+0.0828728 Z:+0.9145840]  Gyro  [ X:-18.9325256 Y:+4.7380676 Z:-0.2042542]  Magnet [ X:+31.0373626 Y:+65.5233211 Z:-7.0471306]
 Accel [ X:-0.0522236 Y:+0.0867791 Z:+0.9143398]  Gyro  [ X:+36.7620544 Y:-19.1571960 Z:+0.0093689]  Magnet [ X:+31.6371184 Y:+58.3262515 Z:-9.7460317]
 Accel [ X:-0.0541768 Y:+0.0887322 Z:+0.8930996]  Gyro  [ X:+6.4580994 Y:-12.0771179 Z:+0.3145447]  Magnet [ X:+26.5391941 Y:+67.3225885 Z:-2.5489621]
 Accel [ X:-0.0632100 Y:+0.0941033 Z:+0.8943203]  Gyro  [ X:+6.4886169 Y:-3.5321960 Z:+0.1619568]  Magnet [ X:+29.8378510 Y:+62.8244200 Z:-4.9479853]
 Accel [ X:-0.0595479 Y:+0.0889763 Z:+0.8979824]  Gyro  [ X:+14.9114685 Y:-9.3915710 Z:+0.5892029]  Magnet [ X:+28.3384615 Y:+64.0239316 Z:-4.0483516]
 Accel [ X:-0.0519795 Y:+0.0882439 Z:+0.9016445]  Gyro  [ X:+2.9485779 Y:-6.0041199 Z:+0.0093689]  Magnet [ X:+27.2888889 Y:+64.7736264 Z:-2.6989011]
 Accel [ X:-0.0485615 Y:+0.0916619 Z:+0.9035977]  Gyro  [ X:-10.2044983 Y:-2.8608093 Z:-0.2347717]  Magnet [ X:+31.0373626 Y:+63.4241758 Z:-4.9479853]
 Accel [ X:-0.0439229 Y:+0.0870232 Z:+0.9006680]  Gyro  [ X:+14.9725037 Y:-9.1169128 Z:+0.4060974]  Magnet [ X:+29.9877900 Y:+65.9731380 Z:-4.4981685]
 Accel [ X:-0.0546650 Y:+0.0877556 Z:+0.9035977]  Gyro  [ X:+8.2281189 Y:-9.9103699 Z:+0.1619568]  Magnet [ X:+29.5379731 Y:+64.6236874 Z:-4.6481074]
 Accel [ X:-0.0517354 Y:+0.0943474 Z:+0.8974941]  Gyro  [ X:+10.1202087 Y:-11.2226257 Z:+0.1009216]  Magnet [ X:+32.2368742 Y:+63.7240537 Z:-5.8476190]
 Accel [ X:-0.0544209 Y:+0.0884880 Z:+0.8984707]  Gyro  [ X:+8.5638123 Y:-11.9550476 Z:+0.1619568]  Magnet [ X:+29.3880342 Y:+63.2742369 Z:-5.3978022]
 Accel [ X:-0.0453877 Y:+0.0931267 Z:+0.8970059]  Gyro  [ X:+10.2422791 Y:-6.2482605 Z:-0.5094299]  Magnet [ X:+31.4871795 Y:+62.0747253 Z:-6.5973138]
 Accel [ X:-0.0649189 Y:+0.0931267 Z:+0.8904141]  Gyro  [ X:+16.8035583 Y:+0.5266418 Z:+0.1009216]  Magnet [ X:+29.0881563 Y:+63.5741148 Z:-6.5973138]
 Accel [ X:-0.0429463 Y:+0.0909294 Z:+0.9038418]  Gyro  [ X:+8.1976013 Y:-1.7621765 Z:-0.0211487]  Magnet [ X:+29.9877900 Y:+61.7748474 Z:-6.8971917]
 Accel [ X:-0.0456318 Y:+0.0955681 Z:+0.8894375]  Gyro  [ X:+2.5518494 Y:-5.5768738 Z:-0.0516663]  Magnet [ X:+31.3372405 Y:+61.0251526 Z:-6.4473748]
 Accel [ X:-0.0485615 Y:+0.0950798 Z:+0.8955410]  Gyro  [ X:+3.0401306 Y:-8.2624207 Z:+0.0704041]  Magnet [ X:+30.7374847 Y:+59.8256410 Z:-6.4473748]
 Accel [ X:-0.0488057 Y:+0.0950798 Z:+0.9023770]  Gyro  [ X:+6.0918884 Y:-8.6896667 Z:+0.2535095]  Magnet [ X:+30.4376068 Y:+61.0251526 Z:-5.8476190]
 Accel [ X:-0.0497822 Y:+0.0943474 Z:+0.9033535]  Gyro  [ X:+4.9627380 Y:-3.4711609 Z:+0.2535095]  Magnet [ X:+31.3372405 Y:+64.0239316 Z:-5.8476190]
 Accel [ X:-0.0617451 Y:+0.0911736 Z:+0.9053066]  Gyro  [ X:+11.7376404 Y:-18.8825378 Z:-0.0821838]  Magnet [ X:+30.5875458 Y:+62.3746032 Z:-5.0979243]
 Accel [ X:-0.0615010 Y:+0.0928826 Z:+0.9038418]  Gyro  [ X:+7.7703552 Y:-17.6618347 Z:-0.3568420]  Magnet [ X:+29.8378510 Y:+60.4253968 Z:-8.2466422]
 Accel [ X:-0.0370869 Y:+0.0963005 Z:+0.9126309]  Gyro  [ X:-17.9864807 Y:-19.0656433 Z:+0.3145447]  Magnet [ X:+31.7870574 Y:+57.5765568 Z:-10.1958486]
 Accel [ X:-0.0453877 Y:+0.0989861 Z:+0.9172695]  Gyro  [ X:+12.0733337 Y:-6.4618835 Z:-0.0211487]  Magnet [ X:+32.9865690 Y:+57.8764347 Z:-11.6952381]
 Accel [ X:-0.0710225 Y:+0.0975212 Z:+0.8769863]  Gyro  [ X:+13.7518005 Y:+14.1069641 Z:-0.3568420]  Magnet [ X:+32.0869353 Y:+55.1775336 Z:-11.6952381]
 Accel [ X:-0.0607686 Y:+0.0975212 Z:+0.8970059]  Gyro  [ X:+12.1954041 Y:+0.9844055 Z:+0.1009216]  Magnet [ X:+31.4871795 Y:+51.2791209 Z:-10.7956044]
 Accel [ X:-0.0624775 Y:+0.0884880 Z:+0.8909023]  Gyro  [ X:+2.0025330 Y:-2.2199402 Z:+0.0093689]  Magnet [ X:+29.0881563 Y:+59.9755800 Z:-7.4969475]
 Accel [ X:-0.0575947 Y:+0.0982537 Z:+0.8930996]  Gyro  [ X:-15.2093811 Y:-2.0673523 Z:+0.1924744]  Magnet [ X:+32.3868132 Y:+54.5777778 Z:-11.6952381]
 Accel [ X:-0.0473408 Y:+0.0936150 Z:+0.9082363]  Gyro  [ X:+5.6341248 Y:-12.9621277 Z:+0.1619568]  Magnet [ X:+34.0361416 Y:+53.2283272 Z:-15.4437118]
 Accel [ X:-0.0536885 Y:+0.0884880 Z:+0.9014004]  Gyro  [ X:+15.7049255 Y:-13.5114441 Z:+0.3450623]  Magnet [ X:+32.8366300 Y:+56.2271062 Z:-11.8451770]
 Accel [ X:-0.0602803 Y:+0.0997185 Z:+0.8955410]  Gyro  [ X:+13.3245544 Y:+0.7707825 Z:+0.3145447]  Magnet [ X:+31.4871795 Y:+52.7785104 Z:-12.5948718]
 Accel [ X:-0.0802998 Y:+0.1006951 Z:+0.9001797]  Gyro  [ X:+6.5801697 Y:+1.4421692 Z:+0.1009216]  Magnet [ X:+31.6371184 Y:+50.5294261 Z:-13.9443223]
 Accel [ X:-0.1015400 Y:+0.0980095 Z:+0.8733242]  Gyro  [ X:-14.7210999 Y:-9.1169128 Z:-0.0821838]  Magnet [ X:+30.4376068 Y:+49.6297924 Z:-14.2442002]
 Accel [ X:-0.0956807 Y:+0.1053337 Z:+0.8865078]  Gyro  [ X:+42.7740173 Y:-16.6547546 Z:-0.2347717]  Magnet [ X:+30.1377289 Y:+48.4302808 Z:-13.6444444]
 Accel [ X:-0.0563740 Y:+0.0914177 Z:+0.8996914]  Gyro  [ X:+13.5992126 Y:-5.8515320 Z:+0.1924744]  Magnet [ X:+31.6371184 Y:+61.3250305 Z:-7.3470085]
 Accel [ X:-0.0656514 Y:+0.0897087 Z:+0.8957852]  Gyro  [ X:+9.9981384 Y:+4.1582336 Z:+0.3145447]  Magnet [ X:+32.8366300 Y:+57.1267399 Z:-12.1450549]
 Accel [ X:-0.0431904 Y:+0.0860466 Z:+0.9233730]  Gyro  [ X:+32.0928650 Y:-0.0531921 Z:-0.0516663]  Magnet [ X:+32.6866911 Y:+52.4786325 Z:-14.0942613]
 Accel [ X:-0.0624775 Y:+0.0858025 Z:+0.8940762]  Gyro  [ X:+56.7205505 Y:+19.0202942 Z:-0.0821838]  Magnet [ X:+28.7882784 Y:+54.8776557 Z:-8.3965812]
 Accel [ X:-0.0180439 Y:+0.0721306 Z:+0.9448574]  Gyro  [ X:-42.3395081 Y:-48.8202820 Z:-0.6620178]  Magnet [ X:+29.6879121 Y:+55.7772894 Z:-8.0967033]
 Accel [ X:-0.0788350 Y:+0.0923943 Z:+0.8782070]  Gyro  [ X:-7.5494690 Y:-30.3876648 Z:-0.2652893]  Magnet [ X:+29.0881563 Y:+54.2778999 Z:-6.2974359]
 Accel [ X:-0.0444111 Y:+0.0826287 Z:+0.8940762]  Gyro  [ X:-2.3309631 Y:-26.8476257 Z:+0.0704041]  Magnet [ X:+21.5912088 Y:+65.6732601 Z:+3.8984127]
 Accel [ X:-0.0400166 Y:+0.0589470 Z:+0.9231289]  Gyro  [ X:-80.0897522 Y:+20.8818665 Z:+0.1924744]  Magnet [ X:+18.4424908 Y:+63.1242979 Z:+4.0483516]
 Accel [ X:-0.1423115 Y:+0.1102166 Z:+0.8454922]  Gyro  [ X:-42.7972717 Y:+6.0808411 Z:-0.1737366]  Magnet [ X:+19.1921856 Y:+42.8825397 Z:-9.5960928]
 Accel [ X:-0.1198506 Y:+0.1026482 Z:+0.8540371]  Gyro  [ X:+5.2984314 Y:-51.2006531 Z:+0.0093689]  Magnet [ X:+20.0918193 Y:+41.0832723 Z:-12.2949939]
 Accel [ X:-0.0810322 Y:+0.0901970 Z:+0.8769863]  Gyro  [ X:+2.8875427 Y:-6.7365417 Z:+0.2840271]  Magnet [ X:+28.3384615 Y:+55.3274725 Z:-6.7472527]
 Accel [ X:-0.0160908 Y:+0.0508904 Z:+0.9641445]  Gyro  [ X:+40.4546814 Y:+45.9978333 Z:+0.2840271]  Magnet [ X:+26.8390720 Y:+43.3323565 Z:-18.7423687]
 Accel [ X:-0.0702900 Y:+0.0845818 Z:+0.9075039]  Gyro  [ X:+75.6719666 Y:+16.2431946 Z:-0.0821838]  Magnet [ X:+22.7907204 Y:+40.7833944 Z:-19.4920635]
 Accel [ X:-0.0856709 Y:+0.0887322 Z:+0.8616055]  Gyro  [ X:+38.9593201 Y:-16.3495789 Z:+0.0398865]  Magnet [ X:+30.7374847 Y:+61.9247863 Z:-4.3482295]
 Accel [ X:-0.0929951 Y:+0.0972771 Z:+0.8855313]  Gyro  [ X:-11.3031311 Y:+7.1794739 Z:+0.0093689]  Magnet [ X:+30.2876679 Y:+50.0796093 Z:-12.8947497]
 Accel [ X:-0.0588154 Y:+0.0865349 Z:+0.9104336]  Gyro  [ X:-0.9576721 Y:-24.4062195 Z:+0.1314392]  Magnet [ X:+29.3880342 Y:+48.5802198 Z:-16.4932845]
 Accel [ X:-0.0541768 Y:+0.0850701 Z:+0.9040859]  Gyro  [ X:+21.5032654 Y:+2.3271790 Z:-0.1432190]  Magnet [ X:+34.0361416 Y:+62.2246642 Z:-10.0459096]
 Accel [ X:-0.0387959 Y:+0.0796990 Z:+0.9409512]  Gyro  [ X:-22.8998108 Y:-10.4596863 Z:+0.1009216]  Magnet [ X:+35.6854701 Y:+58.4761905 Z:-15.2937729]
 Accel [ X:-0.0344014 Y:+0.0904412 Z:+0.9441250]  Gyro  [ X:+17.3833923 Y:-6.2177429 Z:-0.0821838]  Magnet [ X:+35.8354090 Y:+54.4278388 Z:-22.9406593]
 Accel [ X:-0.0829854 Y:+0.0955681 Z:+0.8962734]  Gyro  [ X:+4.2913513 Y:-10.6733093 Z:+0.4671326]  Magnet [ X:+35.3855922 Y:+56.0771673 Z:-15.5936508]
 Accel [ X:-0.0273213 Y:+0.0787224 Z:+0.9756191]  Gyro  [ X:-6.3287659 Y:-6.7670593 Z:-0.0211487]  Magnet [ X:+32.9865690 Y:+50.3794872 Z:-19.4920635]
 Accel [ X:-0.0722432 Y:+0.0906853 Z:+0.9128750]  Gyro  [ X:+3.7420349 Y:-7.5605164 Z:-0.2652893]  Magnet [ X:+31.9369963 Y:+49.9296703 Z:-14.8439560]
 Accel [ X:-0.0829854 Y:+0.0948357 Z:+0.9053066]  Gyro  [ X:-4.6197815 Y:-6.8586121 Z:+0.2229919]  Magnet [ X:+31.4871795 Y:+53.3782662 Z:-13.1946276]
 Accel [ X:-0.0939717 Y:+0.0980095 Z:+0.8987148]  Gyro  [ X:+29.6514587 Y:-0.6330261 Z:-0.4483948]  Magnet [ X:+33.2864469 Y:+52.7785104 Z:-15.5936508]
 Accel [ X:-0.0705342 Y:+0.0840935 Z:+0.9199551]  Gyro  [ X:+50.7085876 Y:+17.7995911 Z:+0.0704041]  Magnet [ X:+30.2876679 Y:+50.3794872 Z:-10.4957265]
 Accel [ X:-0.0527119 Y:+0.0879998 Z:+0.9189785]  Gyro  [ X:-14.3548889 Y:+20.3020325 Z:+0.1619568]  Magnet [ X:+34.1860806 Y:+58.4761905 Z:-13.4945055]
 Accel [ X:-0.0656514 Y:+0.0818962 Z:+0.9177578]  Gyro  [ X:+25.7146912 Y:+8.2475891 Z:+0.1924744]  Magnet [ X:+31.3372405 Y:+54.4278388 Z:-10.0459096]
 Accel [ X:-0.0629658 Y:+0.0882439 Z:+0.9053066]  Gyro  [ X:-1.2933655 Y:-10.8869324 Z:+0.2229919]  Magnet [ X:+33.2864469 Y:+58.4761905 Z:-12.2949939]
 Accel [ X:-0.0827412 Y:+0.0858025 Z:+0.8938320]  Gyro  [ X:+20.2520447 Y:-0.5109558 Z:-0.4178772]  Magnet [ X:+31.1873016 Y:+53.9780220 Z:-9.5960928]
 Accel [ X:-0.0763936 Y:+0.0916619 Z:+0.8935879]  Gyro  [ X:+27.3931580 Y:-3.0133972 Z:+0.2535095]  Magnet [ X:+31.6371184 Y:+56.2271062 Z:-9.7460317]
 Accel [ X:-0.1550068 Y:+0.0994744 Z:+0.8081387]  Gyro  [ X:-9.1058655 Y:+2.9985657 Z:-0.1432190]  Magnet [ X:+32.0869353 Y:+56.6769231 Z:-8.9963370]
 Accel [ X:-0.0251240 Y:+0.0528435 Z:+0.9880703]  Gyro  [ X:-78.0450745 Y:+42.3357239 Z:+0.2229919]  Magnet [ X:+10.7956044 Y:+32.9865690 Z:-28.4884005]
 Accel [ X:-0.1064229 Y:+0.0818962 Z:+0.8769863]  Gyro  [ X:+66.7608337 Y:-27.9157410 Z:+0.0704041]  Magnet [ X:-11.8451770 Y:+41.5330891 Z:-13.6444444]
 Accel [ X:-0.1044697 Y:+0.0858025 Z:+0.8786953]  Gyro  [ X:-16.6437073 Y:+28.6943665 Z:+0.1619568]  Magnet [ X:-5.9975580 Y:+35.6854701 Z:-24.5899878]
 Accel [ X:-0.1557393 Y:+0.1114373 Z:+0.8240078]  Gyro  [ X:-19.8480530 Y:+10.3533020 Z:-0.5704651]  Magnet [ X:-13.7943834 Y:+49.1799756 Z:-4.4981685]
 Accel [ X:-0.0820088 Y:+0.0748162 Z:+0.8984707]  Gyro  [ X:+49.8540955 Y:-23.9789734 Z:-0.0516663]  Magnet [ X:-11.6952381 Y:+43.4822955 Z:-10.7956044]
 Accel [ X:-0.0744404 Y:+0.0823845 Z:+0.8862637]  Gyro  [ X:+17.3528748 Y:+23.2012024 Z:+0.3450623]  Magnet [ X:-3.4485958 Y:+39.7338217 Z:-13.0446886]
 Accel [ X:-0.0922627 Y:+0.0853142 Z:+0.8987148]  Gyro  [ X:+38.8067322 Y:-30.2961121 Z:+0.4366150]  Magnet [ X:-11.6952381 Y:+42.2827839 Z:-14.0942613]
 Accel [ X:-0.1069111 Y:+0.0897087 Z:+0.8713711]  Gyro  [ X:+13.5076599 Y:+17.1892395 Z:-0.1127014]  Magnet [ X:-13.0446886 Y:+39.7338217 Z:-14.8439560]
 Accel [ X:-0.1396260 Y:+0.1055779 Z:+0.8210781]  Gyro  [ X:+39.6307068 Y:-38.9936218 Z:-0.2347717]  Magnet [ X:-7.6468864 Y:+37.9345543 Z:-19.6420024]
 Accel [ X:-0.1066670 Y:+0.0958123 Z:+0.8569668]  Gyro  [ X:+6.4580994 Y:+54.5732727 Z:+0.3450623]  Magnet [ X:-5.0979243 Y:+36.8849817 Z:-20.3916972]
 Accel [ X:-0.0654072 Y:+0.0838494 Z:+0.9241055]  Gyro  [ X:+28.5223083 Y:-40.6720886 Z:+0.6197205]  Magnet [ X:-4.7980464 Y:+40.4835165 Z:-11.9951160]
 Accel [ X:-0.0651631 Y:+0.0760369 Z:+0.9150723]  Gyro  [ X:+7.3431091 Y:-8.8422546 Z:+0.0398865]  Magnet [ X:-5.8476190 Y:+35.5355311 Z:-19.3421245]
 Accel [ X:-0.0878682 Y:+0.0933708 Z:+0.8874844]  Gyro  [ X:-15.2704163 Y:+32.3564758 Z:+0.1924744]  Magnet [ X:-7.0471306 Y:+35.8354090 Z:-19.3421245]
 Accel [ X:-0.0451436 Y:+0.0787224 Z:+0.9255703]  Gyro  [ X:-18.1085510 Y:+27.1684875 Z:-0.0516663]  Magnet [ X:-5.3978022 Y:+41.9829060 Z:-9.2962149]
 Accel [ X:-0.1459736 Y:+0.0972771 Z:+0.8315762]  Gyro  [ X:+18.4209900 Y:-18.4858093 Z:-0.0821838]  Magnet [ X:-10.3457875 Y:+40.3335775 Z:-14.5440781]
 Accel [ X:-0.0239033 Y:+0.0635857 Z:+0.9443691]  Gyro  [ X:+20.9234314 Y:+9.1020813 Z:+0.1924744]  Magnet [ X:-6.5973138 Y:+34.4859585 Z:-21.5912088]
 Accel [ X:-0.0763936 Y:+0.0843376 Z:+0.9016445]  Gyro  [ X:+6.5801697 Y:-26.2372742 Z:+0.4976501]  Magnet [ X:-5.5477411 Y:+37.3347985 Z:-20.5416361]
 Accel [ X:-0.0702900 Y:+0.0858025 Z:+0.9072598]  Gyro  [ X:+26.3860779 Y:-10.7953796 Z:+0.1619568]  Magnet [ X:-4.9479853 Y:+36.1352869 Z:-21.4412698]
 Accel [ X:-0.0473408 Y:+0.2923455 Z:+0.9433926]  Gyro  [ X:+9.6319275 Y:-8.9338074 Z:+0.7723083]  Magnet [ X:-5.3978022 Y:+35.3855922 Z:-21.5912088]
 Accel [ X:-0.0590596 Y:+0.2899041 Z:+0.9346035]  Gyro  [ X:+8.4417419 Y:-6.9501648 Z:-0.0516663]  Magnet [ X:-5.3978022 Y:+36.2852259 Z:-21.2913309]
 Accel [ X:-0.0676045 Y:+0.2886833 Z:+0.9372891]  Gyro  [ X:+8.5943298 Y:-7.5605164 Z:+0.5281677]  Magnet [ X:-6.4473748 Y:+35.5355311 Z:-22.9406593]
 Accel [ X:-0.0624775 Y:+0.2886833 Z:+0.9277676]  Gyro  [ X:+8.4722595 Y:-7.8656921 Z:+0.1924744]  Magnet [ X:-6.8971917 Y:+35.3855922 Z:-21.5912088]
 Accel [ X:-0.0578389 Y:+0.2862419 Z:+0.9336270]  Gyro  [ X:+8.2281189 Y:-7.1943054 Z:+0.1619568]  Magnet [ X:-4.0483516 Y:+36.1352869 Z:-22.0410256]
 Accel [ X:-0.0634541 Y:+0.2869744 Z:+0.9316738]  Gyro  [ X:+8.5638123 Y:-6.8280945 Z:-0.1737366]  Magnet [ X:-5.8476190 Y:+35.5355311 Z:-20.8415140]
 Accel [ X:-0.0673604 Y:+0.2874626 Z:+0.9348477]  Gyro  [ X:+8.6248474 Y:-7.5299988 Z:-0.1127014]  Magnet [ X:-6.8971917 Y:+35.3855922 Z:-20.6915751]
 Accel [ X:-0.0683369 Y:+0.2872185 Z:+0.9282559]  Gyro  [ X:+8.4722595 Y:-8.0487976 Z:+0.2535095]  Magnet [ X:-6.1474969 Y:+34.9357753 Z:-21.7411477]
 Accel [ X:-0.0641865 Y:+0.2864861 Z:+0.9365566]  Gyro  [ X:+8.3807068 Y:-7.1027527 Z:+0.0704041]  Magnet [ X:-5.5477411 Y:+34.6358974 Z:-21.4412698]
 Accel [ X:-0.0685811 Y:+0.2908806 Z:+0.9316738]  Gyro  [ X:+8.4112244 Y:-7.2553406 Z:+0.1619568]  Magnet [ X:-6.7472527 Y:+35.8354090 Z:-21.4412698]
 Accel [ X:-0.0656514 Y:+0.2867302 Z:+0.9328945]  Gyro  [ X:+8.6248474 Y:-7.8046570 Z:+0.0398865]  Magnet [ X:-5.8476190 Y:+35.2356532 Z:-20.8415140]
 Accel [ X:-0.0661396 Y:+0.2896599 Z:+0.9289883]  Gyro  [ X:+8.5638123 Y:-7.1637878 Z:-0.4789124]  Magnet [ X:-5.2478632 Y:+34.9357753 Z:-21.7411477]
 Accel [ X:-0.0707783 Y:+0.2896599 Z:+0.9299648]  Gyro  [ X:+8.5027771 Y:-7.6520691 Z:-0.5094299]  Magnet [ X:-6.5973138 Y:+34.7858364 Z:-20.6915751]
 Accel [ X:-0.0595479 Y:+0.2889275 Z:+0.9287441]  Gyro  [ X:+8.0450134 Y:-7.1332703 Z:-0.3263245]  Magnet [ X:-5.2478632 Y:+35.8354090 Z:-20.5416361]
 Accel [ X:-0.0566182 Y:+0.2894158 Z:+0.9326504]  Gyro  [ X:+8.8384705 Y:-7.6520691 Z:-0.4789124]  Magnet [ X:-5.8476190 Y:+36.1352869 Z:-22.3409035]
 Accel [ X:-0.0575947 Y:+0.2889275 Z:+0.9280117]  Gyro  [ X:+8.3807068 Y:-7.1332703 Z:-0.3263245]  Magnet [ X:-4.7980464 Y:+35.6854701 Z:-22.1909646]
 Accel [ X:-0.0629658 Y:+0.2874626 Z:+0.9331387]  Gyro  [ X:+8.4417419 Y:-7.5605164 Z:+0.0704041]  Magnet [ X:-5.8476190 Y:+35.5355311 Z:-20.2417582]
 Accel [ X:-0.0722432 Y:+0.2889275 Z:+0.9294766]  Gyro  [ X:+8.4417419 Y:-7.9572449 Z:-0.2958069]  Magnet [ X:-6.4473748 Y:+35.8354090 Z:-22.0410256]
 Accel [ X:-0.0756611 Y:+0.2879509 Z:+0.9365566]  Gyro  [ X:+8.5638123 Y:-7.5910339 Z:+0.3450623]  Magnet [ X:-5.9975580 Y:+35.3855922 Z:-21.5912088]
 Accel [ X:-0.0632100 Y:+0.2864861 Z:+0.9314297]  Gyro  [ X:+8.4722595 Y:-6.8280945 Z:+0.0398865]  Magnet [ X:-5.5477411 Y:+34.9357753 Z:-22.0410256]
 Accel [ X:-0.0556416 Y:+0.2874626 Z:+0.9265469]  Gyro  [ X:+8.5638123 Y:-7.1332703 Z:+0.2229919]  Magnet [ X:-6.5973138 Y:+34.7858364 Z:-21.2913309]
 Accel [ X:-0.0732197 Y:+0.2852654 Z:+0.9292324]  Gyro  [ X:+8.4112244 Y:-7.8656921 Z:+0.3755798]  Magnet [ X:-5.3978022 Y:+35.6854701 Z:-20.3916972]
 Accel [ X:-0.0658955 Y:+0.2903923 Z:+0.9328945]  Gyro  [ X:+8.4417419 Y:-7.9267273 Z:-0.0211487]  Magnet [ X:-6.2974359 Y:+35.6854701 Z:-21.2913309]
 Accel [ X:-0.0666279 Y:+0.2906365 Z:+0.9292324]  Gyro  [ X:+8.3807068 Y:-6.7975769 Z:-0.0211487]  Magnet [ X:-6.4473748 Y:+35.2356532 Z:-20.2417582]
 Accel [ X:-0.0680928 Y:+0.2855095 Z:+0.9267910]  Gyro  [ X:+8.3196716 Y:-7.3163757 Z:+0.1924744]  Magnet [ X:-5.0979243 Y:+34.4859585 Z:-20.6915751]
 Accel [ X:-0.0639424 Y:+0.2903923 Z:+0.9294766]  Gyro  [ X:+8.4417419 Y:-7.9572449 Z:+0.0398865]  Magnet [ X:-5.3978022 Y:+34.7858364 Z:-20.6915751]
 Accel [ X:-0.0734639 Y:+0.2872185 Z:+0.9302090]  Gyro  [ X:+8.6858826 Y:-7.7131042 Z:-0.3568420]  Magnet [ X:-5.8476190 Y:+35.8354090 Z:-22.0410256]
 Accel [ X:-0.0558857 Y:+0.2862419 Z:+0.9267910]  Gyro  [ X:+8.6858826 Y:-7.3774109 Z:+0.1619568]  Magnet [ X:-5.8476190 Y:+36.1352869 Z:-22.3409035]
 Accel [ X:-0.0602803 Y:+0.2869744 Z:+0.9326504]  Gyro  [ X:+8.3196716 Y:-6.7670593 Z:-0.3263245]  Magnet [ X:-5.8476190 Y:+34.6358974 Z:-20.5416361]
 Accel [ X:-0.0536885 Y:+0.2855095 Z:+0.9365566]  Gyro  [ X:+8.4722595 Y:-7.2553406 Z:+0.0093689]  Magnet [ X:-6.4473748 Y:+35.8354090 Z:-21.7411477]
 Accel [ X:-0.0639424 Y:+0.2886833 Z:+0.9370449]  Gyro  [ X:+8.5027771 Y:-7.6215515 Z:+0.1314392]  Magnet [ X:-5.5477411 Y:+34.9357753 Z:-20.2417582]
 Accel [ X:-0.0715107 Y:+0.2925896 Z:+0.9326504]  Gyro  [ X:+8.5943298 Y:-7.7741394 Z:-0.1432190]  Magnet [ X:-6.1474969 Y:+34.9357753 Z:-21.4412698]
 Accel [ X:-0.0654072 Y:+0.2940544 Z:+0.9368008]  Gyro  [ X:+8.5943298 Y:-7.8351746 Z:+0.1314392]  Magnet [ X:-5.0979243 Y:+35.0857143 Z:-20.9914530]
 Accel [ X:-0.0624775 Y:+0.2906365 Z:+0.9289883]  Gyro  [ X:+8.5638123 Y:-7.6825867 Z:+0.1619568]  Magnet [ X:-5.5477411 Y:+34.9357753 Z:-21.7411477]
 Accel [ X:-0.0654072 Y:+0.2894158 Z:+0.9231289]  Gyro  [ X:+8.4722595 Y:-7.2858582 Z:+0.4671326]  Magnet [ X:-6.4473748 Y:+35.2356532 Z:-21.1413919]
 Accel [ X:-0.0715107 Y:+0.2877068 Z:+0.9321621]  Gyro  [ X:+8.5638123 Y:-6.7365417 Z:-0.5094299]  Magnet [ X:-5.3978022 Y:+35.0857143 Z:-20.9914530]
 Accel [ X:-0.0619893 Y:+0.2886833 Z:+0.9316738]  Gyro  [ X:+8.1365662 Y:-7.5605164 Z:-0.3568420]  Magnet [ X:-4.9479853 Y:+34.6358974 Z:-21.4412698]
 Accel [ X:-0.0705342 Y:+0.2901482 Z:+0.9292324]  Gyro  [ X:+8.3501892 Y:-7.6825867 Z:-0.1737366]  Magnet [ X:-5.3978022 Y:+36.2852259 Z:-21.2913309]
 Accel [ X:-0.0693135 Y:+0.2867302 Z:+0.9372891]  Gyro  [ X:+8.2586365 Y:-7.5605164 Z:-0.1737366]  Magnet [ X:-4.7980464 Y:+35.9853480 Z:-21.8910867]
 Accel [ X:-0.0654072 Y:+0.2864861 Z:+0.9277676]  Gyro  [ X:+8.4722595 Y:-7.1027527 Z:+0.1619568]  Magnet [ X:-6.8971917 Y:+35.3855922 Z:-21.2913309]
 Accel [ X:-0.0602803 Y:+0.2872185 Z:+0.9348477]  Gyro  [ X:+8.4112244 Y:-7.3774109 Z:-0.1432190]  Magnet [ X:-6.1474969 Y:+36.1352869 Z:-22.0410256]
 Accel [ X:-0.0522236 Y:+0.2918572 Z:+0.9292324]  Gyro  [ X:+8.3807068 Y:-7.3163757 Z:-0.2652893]  Magnet [ X:-5.5477411 Y:+35.8354090 Z:-22.0410256]
 Accel [ X:-0.0712666 Y:+0.2896599 Z:+0.9253262]  Gyro  [ X:+8.2891541 Y:-7.6215515 Z:-0.3263245]  Magnet [ X:-5.6976801 Y:+33.8862027 Z:-20.6915751]
 Accel [ X:-0.0644307 Y:+0.2906365 Z:+0.9292324]  Gyro  [ X:+8.3807068 Y:-7.9572449 Z:-0.3873596]  Magnet [ X:-5.8476190 Y:+36.1352869 Z:-20.5416361]
 Accel [ X:-0.0566182 Y:+0.2869744 Z:+0.9306973]  Gyro  [ X:+8.4417419 Y:-7.8962097 Z:-0.3568420]  Magnet [ X:-5.8476190 Y:+36.1352869 Z:-20.8415140]
 Accel [ X:-0.0688252 Y:+0.2935662 Z:+0.9353359]  Gyro  [ X:+8.4112244 Y:-7.6520691 Z:-0.2042542]  Magnet [ X:-5.3978022 Y:+34.7858364 Z:-21.2913309]
 Accel [ X:-0.0744404 Y:+0.2901482 Z:+0.9243496]  Gyro  [ X:+8.8079529 Y:-7.8962097 Z:-0.2652893]  Magnet [ X:-5.0979243 Y:+35.6854701 Z:-21.8910867]
 Accel [ X:-0.0658955 Y:+0.2945427 Z:+0.9302090]  Gyro  [ X:+8.4417419 Y:-8.0182800 Z:+0.4671326]  Magnet [ X:-4.6481074 Y:+35.5355311 Z:-21.7411477]
 Accel [ X:-0.0719990 Y:+0.2906365 Z:+0.9358242]  Gyro  [ X:+8.4417419 Y:-7.8656921 Z:-0.2042542]  Magnet [ X:-5.3978022 Y:+34.1860806 Z:-21.2913309]
 Accel [ X:-0.0651631 Y:+0.2918572 Z:+0.9324063]  Gyro  [ X:+8.5943298 Y:-8.0182800 Z:-0.0821838]  Magnet [ X:-5.5477411 Y:+35.2356532 Z:-21.1413919]
 Accel [ X:-0.0636982 Y:+0.2933220 Z:+0.9282559]  Gyro  [ X:+8.3196716 Y:-7.5605164 Z:+0.0093689]  Magnet [ X:-6.4473748 Y:+35.5355311 Z:-21.1413919]
 Accel [ X:-0.0634541 Y:+0.2894158 Z:+0.9270352]  Gyro  [ X:+8.4112244 Y:-7.9267273 Z:+0.3755798]  Magnet [ X:-4.3482295 Y:+34.6358974 Z:-22.6407814]
 Accel [ X:-0.0590596 Y:+0.2925896 Z:+0.9272793]  Gyro  [ X:+7.9839783 Y:-7.6825867 Z:-0.2042542]  Magnet [ X:-5.8476190 Y:+34.6358974 Z:-22.6407814]
 Accel [ X:-0.0607686 Y:+0.2901482 Z:+0.9297207]  Gyro  [ X:+8.4112244 Y:-7.3468933 Z:+0.0093689]  Magnet [ X:-5.5477411 Y:+36.7350427 Z:-21.7411477]
 Accel [ X:-0.0597920 Y:+0.2903923 Z:+0.9282559]  Gyro  [ X:+8.5332947 Y:-7.3163757 Z:+0.4366150]  Magnet [ X:-6.5973138 Y:+35.0857143 Z:-22.4908425]
 Accel [ X:-0.0514912 Y:+0.2886833 Z:+0.9289883]  Gyro  [ X:+8.8079529 Y:-7.2553406 Z:-0.0516663]  Magnet [ X:-6.1474969 Y:+36.7350427 Z:-21.1413919]
 Accel [ X:-0.0573506 Y:+0.2886833 Z:+0.9331387]  Gyro  [ X:+8.4112244 Y:-7.0112000 Z:+0.4366150]  Magnet [ X:-7.6468864 Y:+36.1352869 Z:-20.5416361]
 Accel [ X:-0.0619893 Y:+0.2886833 Z:+0.9402188]  Gyro  [ X:+8.3807068 Y:-7.4994812 Z:+0.2535095]  Magnet [ X:-6.2974359 Y:+35.6854701 Z:-20.6915751]
 Accel [ X:-0.0693135 Y:+0.2940544 Z:+0.9385098]  Gyro  [ X:+8.4417419 Y:-7.8046570 Z:-0.2652893]  Magnet [ X:-6.8971917 Y:+35.3855922 Z:-21.2913309]
 Accel [ X:-0.0546650 Y:+0.2896599 Z:+0.9309414]  Gyro  [ X:+8.4722595 Y:-7.8656921 Z:-0.2347717]  Magnet [ X:-5.6976801 Y:+34.4859585 Z:-21.5912088]
 Accel [ X:-0.0634541 Y:+0.2933220 Z:+0.9370449]  Gyro  [ X:+8.6553650 Y:-7.8046570 Z:+0.0704041]  Magnet [ X:-5.8476190 Y:+34.6358974 Z:-22.0410256]
 Accel [ X:-0.0575947 Y:+0.2911248 Z:+0.9297207]  Gyro  [ X:+8.5943298 Y:-7.7436218 Z:+0.0093689]  Magnet [ X:-6.4473748 Y:+35.2356532 Z:-21.1413919]
 Accel [ X:-0.0563740 Y:+0.2901482 Z:+0.9304531]  Gyro  [ X:+8.5332947 Y:-7.7741394 Z:+0.1619568]  Magnet [ X:-5.2478632 Y:+34.9357753 Z:-22.0410256]
 Accel [ X:-0.0617451 Y:+0.2928337 Z:+0.9353359]  Gyro  [ X:+8.4417419 Y:-7.7741394 Z:+0.3450623]  Magnet [ X:-5.8476190 Y:+36.4351648 Z:-21.4412698]
 Accel [ X:-0.0607686 Y:+0.2935662 Z:+0.9375332]  Gyro  [ X:+8.4722595 Y:-7.5605164 Z:+0.4671326]  Magnet [ X:-5.6976801 Y:+35.6854701 Z:-21.2913309]
 Accel [ X:-0.0654072 Y:+0.2916130 Z:+0.9341152]  Gyro  [ X:+8.7164001 Y:-7.5605164 Z:+0.0398865]  Magnet [ X:-5.6976801 Y:+35.6854701 Z:-21.2913309]
 Accel [ X:-0.0700459 Y:+0.2928337 Z:+0.9328945]  Gyro  [ X:+8.5027771 Y:-7.6825867 Z:-0.1127014]  Magnet [ X:-5.9975580 Y:+35.3855922 Z:-21.8910867]
 Accel [ X:-0.0597920 Y:+0.2925896 Z:+0.9228848]  Gyro  [ X:+8.6553650 Y:-7.3774109 Z:+0.3755798]  Magnet [ X:-4.9479853 Y:+34.9357753 Z:-22.3409035]
 Accel [ X:-0.0553975 Y:+0.2899041 Z:+0.9350918]  Gyro  [ X:+8.4112244 Y:-7.3774109 Z:-0.2347717]  Magnet [ X:-5.8476190 Y:+34.9357753 Z:-21.1413919]
 Accel [ X:-0.0859150 Y:+0.2901482 Z:+0.9338711]  Gyro  [ X:+8.5027771 Y:-7.9267273 Z:-0.2347717]  Magnet [ X:-5.3978022 Y:+35.0857143 Z:-21.5912088]
 Accel [ X:-0.0719990 Y:+0.2933220 Z:+0.9314297]  Gyro  [ X:+8.5943298 Y:-7.8046570 Z:+0.2840271]  Magnet [ X:-6.2974359 Y:+35.3855922 Z:-21.8910867]
 Accel [ X:-0.0607686 Y:+0.2886833 Z:+0.9299648]  Gyro  [ X:+8.1670837 Y:-7.8656921 Z:+0.0093689]  Magnet [ X:-5.9975580 Y:+35.3855922 Z:-22.1909646]
 Accel [ X:-0.0561299 Y:+0.2918572 Z:+0.9241055]  Gyro  [ X:+8.1670837 Y:-7.3468933 Z:-0.0516663]  Magnet [ X:-4.7980464 Y:+35.6854701 Z:-22.4908425]
 Accel [ X:-0.0524678 Y:+0.2906365 Z:+0.9289883]  Gyro  [ X:+8.1060486 Y:-7.0417175 Z:+0.3450623]  Magnet [ X:-5.6976801 Y:+35.3855922 Z:-21.8910867]
 Accel [ X:-0.0671162 Y:+0.2903923 Z:+0.9289883]  Gyro  [ X:+8.3807068 Y:-7.3774109 Z:+0.0093689]  Magnet [ X:-5.0979243 Y:+34.7858364 Z:-21.8910867]
 Accel [ X:-0.0734639 Y:+0.2894158 Z:+0.9289883]  Gyro  [ X:+8.4112244 Y:-7.4689636 Z:+0.2535095]  Magnet [ X:-6.2974359 Y:+35.6854701 Z:-20.9914530]
 Accel [ X:-0.0649189 Y:+0.2889275 Z:+0.9289883]  Gyro  [ X:+8.0144958 Y:-6.8586121 Z:+0.1619568]  Magnet [ X:-5.3978022 Y:+37.1848596 Z:-21.2913309]
 Accel [ X:-0.0654072 Y:+0.2918572 Z:+0.9324063]  Gyro  [ X:+8.4722595 Y:-7.5299988 Z:-0.1737366]  Magnet [ X:-6.2974359 Y:+34.1860806 Z:-21.5912088]
 Accel [ X:-0.0759053 Y:+0.2896599 Z:+0.9314297]  Gyro  [ X:+8.1670837 Y:-8.0182800 Z:-0.0516663]  Magnet [ X:-5.5477411 Y:+35.8354090 Z:-20.8415140]
 Accel [ X:-0.0585713 Y:+0.2889275 Z:+0.9272793]  Gyro  [ X:+8.1670837 Y:-7.0417175 Z:-0.1127014]  Magnet [ X:-4.6481074 Y:+35.2356532 Z:-21.1413919]
 Accel [ X:-0.0778584 Y:+0.2918572 Z:+0.9297207]  Gyro  [ X:+8.4417419 Y:-7.6520691 Z:+0.0093689]  Magnet [ X:-6.8971917 Y:+35.0857143 Z:-20.9914530]
 Accel [ X:-0.0729756 Y:+0.2901482 Z:+0.9343594]  Gyro  [ X:+8.2891541 Y:-7.7436218 Z:-0.0821838]  Magnet [ X:-7.1970696 Y:+35.9853480 Z:-21.5912088]
 Accel [ X:-0.0597920 Y:+0.2877068 Z:+0.9267910]  Gyro  [ X:+8.2281189 Y:-7.0112000 Z:-0.2958069]  Magnet [ X:-5.6976801 Y:+35.6854701 Z:-22.1909646]
 Accel [ X:-0.0663838 Y:+0.2911248 Z:+0.9370449]  Gyro  [ X:+8.5332947 Y:-7.3774109 Z:-0.2347717]  Magnet [ X:-5.8476190 Y:+34.9357753 Z:-21.1413919]
 Accel [ X:-0.0639424 Y:+0.2884392 Z:+0.9309414]  Gyro  [ X:+8.6248474 Y:-8.0182800 Z:+0.0398865]  Magnet [ X:-5.0979243 Y:+34.4859585 Z:-21.2913309]
 Accel [ X:-0.0527119 Y:+0.2862419 Z:+0.9280117]  Gyro  [ X:+8.2586365 Y:-7.3163757 Z:-0.2958069]  Magnet [ X:-5.5477411 Y:+35.2356532 Z:-20.5416361]
 Accel [ X:-0.0817646 Y:+0.2881951 Z:+0.9416836]  Gyro  [ X:+8.4112244 Y:-7.6215515 Z:+0.1619568]  Magnet [ X:-4.6481074 Y:+35.8354090 Z:-21.4412698]
 Accel [ X:-0.0656514 Y:+0.2906365 Z:+0.9297207]  Gyro  [ X:+8.5943298 Y:-8.0487976 Z:+0.0704041]  Magnet [ X:-6.4473748 Y:+34.0361416 Z:-20.8415140]
 Accel [ X:-0.0580830 Y:+0.2925896 Z:+0.9180020]  Gyro  [ X:+8.3196716 Y:-7.3468933 Z:-0.1737366]  Magnet [ X:-5.5477411 Y:+34.9357753 Z:-22.3409035]
 Accel [ X:-0.0700459 Y:+0.2852654 Z:+0.9358242]  Gyro  [ X:+8.8689880 Y:-7.1637878 Z:-0.0211487]  Magnet [ X:-5.9975580 Y:+35.3855922 Z:-22.1909646]
 Accel [ X:-0.0754170 Y:+0.2859978 Z:+0.9375332]  Gyro  [ X:+8.7164001 Y:-7.8351746 Z:-0.1432190]  Magnet [ X:-4.9479853 Y:+35.5355311 Z:-22.3409035]
 Accel [ X:-0.0693135 Y:+0.2872185 Z:+0.9324063]  Gyro  [ X:+8.5332947 Y:-7.1027527 Z:+0.1314392]  Magnet [ X:-5.5477411 Y:+36.1352869 Z:-20.8415140]
 Accel [ X:-0.0615010 Y:+0.2840447 Z:+0.9326504]  Gyro  [ X:+8.5027771 Y:-7.1332703 Z:+0.2840271]  Magnet [ X:-5.9975580 Y:+35.3855922 Z:-22.4908425]
 Accel [ X:-0.0561299 Y:+0.2903923 Z:+0.9255703]  Gyro  [ X:+8.1976013 Y:-7.8656921 Z:+0.1924744]  Magnet [ X:-7.0471306 Y:+34.3360195 Z:-22.6407814]
 Accel [ X:-0.0668721 Y:+0.2833123 Z:+0.9243496]  Gyro  [ X:+8.4112244 Y:-6.9806824 Z:+0.1314392]  Magnet [ X:-7.0471306 Y:+35.8354090 Z:-22.0410256]
 Accel [ X:-0.0700459 Y:+0.2877068 Z:+0.9328945]  Gyro  [ X:+8.4722595 Y:-7.6825867 Z:+0.5586853]  Magnet [ X:-5.5477411 Y:+34.9357753 Z:-20.2417582]
 Accel [ X:-0.0737080 Y:+0.1629509 Z:+0.9023770]  Gyro  [ X:+49.1827087 Y:-1.2128601 Z:+0.1314392]  Magnet [ X:+3.8984127 Y:+34.7858364 Z:-22.7907204]
 Accel [ X:-0.0707783 Y:+0.2781853 Z:+0.9231289]  Gyro  [ X:+8.1976013 Y:-7.4384460 Z:+0.3755798]  Magnet [ X:+23.9902320 Y:+38.9841270 Z:-18.8923077]
 Accel [ X:-0.0802998 Y:+0.2933220 Z:+0.9287441]  Gyro  [ X:+8.3196716 Y:-7.3163757 Z:-0.1432190]  Magnet [ X:+22.4908425 Y:+38.9841270 Z:-17.6927961]
 Accel [ X:-0.0737080 Y:+0.2933220 Z:+0.9280117]  Gyro  [ X:+8.4722595 Y:-7.5910339 Z:+0.3145447]  Magnet [ X:+22.1909646 Y:+38.6842491 Z:-17.3929182]
 Accel [ X:-0.0658955 Y:+0.2825798 Z:+0.9348477]  Gyro  [ X:+8.2586365 Y:-7.2858582 Z:+0.1619568]  Magnet [ X:+24.2901099 Y:+40.1836386 Z:-19.1921856]
 Accel [ X:+0.0930400 Y:+0.2496208 Z:+1.0137051]  Gyro  [ X:+30.0176697 Y:+1.7778625 Z:+0.1314392]  Magnet [ X:+24.5899878 Y:+40.7833944 Z:-17.3929182]
 Accel [ X:-0.0217061 Y:+0.2054314 Z:+0.7605313]  Gyro  [ X:+24.2498474 Y:+0.0688782 Z:+0.2840271]  Magnet [ X:+30.5875458 Y:+56.9768010 Z:-7.7968254]
 Accel [ X:+0.0283428 Y:+0.1006951 Z:+0.7746914]  Gyro  [ X:+1.2090759 Y:-27.1528015 Z:-0.2958069]  Magnet [ X:+26.8390720 Y:+64.6236874 Z:-2.2490842]
 Accel [ X:+0.0049053 Y:+0.0403923 Z:+0.8281582]  Gyro  [ X:+9.5708923 Y:+24.0251770 Z:+0.0093689]  Magnet [ X:+27.5887668 Y:+64.7736264 Z:-2.9987790]
