Accel calibration start
Accel calibration complete
Gyro calibration start
Gyro calibration complete
 Accel [ X:+0.0299136 Y:-0.3170837 Z:+1.0000000]  Gyro  [ X:-7.1144104 Y:+25.2420654 Z:+0.1635132]  Magnet [ X:+34.1860806 Y:+59.0759463 Z:-30.8874237]
 Accel [ X:-0.1539243 Y:-0.5768494 Z:+1.0000000]  Gyro  [ X:-36.2281799 Y:+38.4256592 Z:+0.3771362]  Magnet [ X:+32.8366300 Y:+68.2222222 Z:-18.4424908]
 Accel [ X:+0.1654116 Y:-0.4579529 Z:+1.0000000]  Gyro  [ X:-63.2362366 Y:-24.5931396 Z:+0.0719604]  Magnet [ X:+29.9877900 Y:+60.8752137 Z:-22.4908425]
 Accel [ X:+0.0670229 Y:-0.4393982 Z:+1.0000000]  Gyro  [ X:-7.3890686 Y:+9.3118896 Z:+0.4992065]  Magnet [ X:+35.6854701 Y:+60.2754579 Z:-31.7870574]
 Accel [ X:+0.1273257 Y:-0.2291931 Z:+1.0000000]  Gyro  [ X:-2.9945374 Y:+20.0540771 Z:-0.0195923]  Magnet [ X:+32.5367521 Y:+60.7252747 Z:-25.3396825]
 Accel [ X:+0.0042788 Y:-0.2831482 Z:+1.0000000]  Gyro  [ X:-94.7914124 Y:-10.0667725 Z:+0.1635132]  Magnet [ X:+28.1885226 Y:+61.4749695 Z:-17.6927961]
 Accel [ X:+0.0745913 Y:-0.1386169 Z:+1.0000000]  Gyro  [ X:-32.5660706 Y:-7.5643311 Z:+0.2855835]  Magnet [ X:+22.3409035 Y:+57.4266178 Z:-18.1426129]
 Accel [ X:+0.1197573 Y:-0.2858337 Z:+1.0000000]  Gyro  [ X:-66.5016174 Y:-2.8646240 Z:-0.2026978]  Magnet [ X:+30.1377289 Y:+55.9272283 Z:-22.9406593]
 Accel [ X:+0.1156069 Y:-0.3480896 Z:+1.0000000]  Gyro  [ X:-49.5033264 Y:+66.2882080 Z:+0.5297241]  Magnet [ X:+33.1365079 Y:+57.1267399 Z:-37.9345543]
 Accel [ X:-0.0103696 Y:-0.5936951 Z:+1.0000000]  Gyro  [ X:+27.6756287 Y:-22.6400146 Z:-0.0806274]  Magnet [ X:+29.0881563 Y:+66.8727717 Z:-16.1934066]
 Accel [ X:+0.0860659 Y:-0.3395447 Z:+1.0000000]  Gyro  [ X:-0.9803772 Y:+6.7789307 Z:+0.0109253]  Magnet [ X:+25.7894994 Y:+64.1738706 Z:-14.3941392]
 Accel [ X:-0.0184263 Y:-0.2492126 Z:+1.0000000]  Gyro  [ X:-96.4393616 Y:-23.5250244 Z:-0.0501099]  Magnet [ X:+9.1462759 Y:+71.8207570 Z:-4.9479853]
 Accel [ X:-0.1243833 Y:-0.4225525 Z:+1.0000000]  Gyro  [ X:-63.4193420 Y:-22.4569092 Z:-0.0195923]  Magnet [ X:+18.1426129 Y:+73.9199023 Z:-6.1474969]
 Accel [ X:+0.0445620 Y:-0.3480896 Z:+1.0000000]  Gyro  [ X:+49.8008728 Y:-26.7598877 Z:+0.8043823]  Magnet [ X:+23.9902320 Y:+63.5741148 Z:-12.8947497]
 Accel [ X:+0.0023257 Y:-0.4398865 Z:+1.0000000]  Gyro  [ X:-114.4447327 Y:-31.1239014 Z:-0.0195923]  Magnet [ X:+33.8862027 Y:+62.0747253 Z:-24.5899878]
 Accel [ X:-0.0059751 Y:-0.1056580 Z:+1.0000000]  Gyro  [ X:-10.2577209 Y:-31.8563232 Z:+0.0109253]  Magnet [ X:+7.1970696 Y:+69.8715507 Z:-5.3978022]
 Accel [ X:-0.0606626 Y:-0.1408142 Z:+1.0000000]  Gyro  [ X:+59.6885681 Y:-4.8482666 Z:-0.0806274]  Magnet [ X:-7.6468864 Y:+71.5208791 Z:-8.2466422]
 Accel [ X:+0.0169741 Y:-0.3966736 Z:+1.0000000]  Gyro  [ X:-139.5606995 Y:-34.6944580 Z:+0.2855835]  Magnet [ X:+14.0942613 Y:+68.6720391 Z:-7.4969475]
 Accel [ X:-0.0003599 Y:-0.2809509 Z:+1.0000000]  Gyro  [ X:+27.3094177 Y:+37.1744385 Z:+0.4076538]  Magnet [ X:+15.2937729 Y:+71.3709402 Z:-5.0979243]
 Accel [ X:-0.1329282 Y:-0.3200134 Z:+1.0000000]  Gyro  [ X:-68.3021545 Y:-53.0355225 Z:-0.2026978]  Magnet [ X:+0.5997558 Y:+80.3672772 Z:-2.6989011]
 Accel [ X:-0.0140317 Y:-0.2934021 Z:+1.0000000]  Gyro  [ X:+2.4681091 Y:+26.9815674 Z:-0.0806274]  Magnet [ X:+10.3457875 Y:+69.7216117 Z:-5.2478632]
 Accel [ X:-0.0562681 Y:-0.4513611 Z:+1.0000000]  Gyro  [ X:+15.7432556 Y:-8.5714111 Z:-0.1111450]  Magnet [ X:+23.2405372 Y:+75.7191697 Z:-7.0471306]
 Accel [ X:+0.0074526 Y:-0.6193298 Z:+1.0000000]  Gyro  [ X:-151.7677307 Y:-17.9708252 Z:-0.2332153]  Magnet [ X:+26.6891331 Y:+75.5692308 Z:-8.3965812]
 Accel [ X:-0.1002134 Y:-0.4909119 Z:+1.0000000]  Gyro  [ X:+137.8135681 Y:-4.1463623 Z:-0.2026978]  Magnet [ X:+20.0918193 Y:+77.0686203 Z:-5.0979243]
 Accel [ X:+0.0738589 Y:-0.5336365 Z:+1.0000000]  Gyro  [ X:-46.0548401 Y:-54.0120850 Z:+0.1024780]  Magnet [ X:+19.3421245 Y:+77.8183150 Z:-5.2478632]
 Accel [ X:+0.1392886 Y:-0.1666931 Z:+1.0000000]  Gyro  [ X:-29.8805237 Y:-22.2432861 Z:+0.3161011]  Magnet [ X:-13.9443223 Y:+69.4217338 Z:-12.4449328]
 Accel [ X:-0.1778501 Y:-0.2816833 Z:+1.0000000]  Gyro  [ X:-46.2379456 Y:-37.8682861 Z:-0.1416626]  Magnet [ X:-2.6989011 Y:+75.8691087 Z:-4.7980464]
 Accel [ X:+0.0118472 Y:-0.4887146 Z:+1.0000000]  Gyro  [ X:-36.4723206 Y:-16.3533936 Z:+0.2855835]  Magnet [ X:+17.5428571 Y:+75.7191697 Z:-5.2478632]
 Accel [ X:+0.0260073 Y:-0.5136169 Z:+1.0000000]  Gyro  [ X:+0.3929138 Y:-39.2110596 Z:+0.1940308]  Magnet [ X:+26.8390720 Y:+73.3201465 Z:-8.5465201]
 Accel [ X:-0.1002134 Y:-0.1857361 Z:+1.0000000]  Gyro  [ X:+28.3164978 Y:+6.4737549 Z:-0.0501099]  Magnet [ X:+1.6493284 Y:+79.9174603 Z:-2.5489621]
 Accel [ X:-0.3721860 Y:-0.2164978 Z:+1.0000000]  Gyro  [ X:-24.2652893 Y:+12.7298584 Z:-0.4773560]  Magnet [ X:-3.5985348 Y:+78.5680098 Z:-3.8984127]
 Accel [ X:+0.0477358 Y:-0.3468689 Z:+1.0000000]  Gyro  [ X:-26.1878967 Y:-9.4564209 Z:-0.0501099]  Magnet [ X:+7.6468864 Y:+76.3189255 Z:-3.7484737]
 Accel [ X:-0.0172056 Y:-0.2855896 Z:+1.0000000]  Gyro  [ X:+41.7747498 Y:-16.7806396 Z:-0.0195923]  Magnet [ X:-0.2998779 Y:+76.7687424 Z:-3.8984127]
 Accel [ X:-0.3109067 Y:-0.0365662 Z:+1.0000000]  Gyro  [ X:-38.2728577 Y:-29.5369873 Z:+0.3466187]  Magnet [ X:-14.0942613 Y:+82.1665446 Z:-9.2962149]
 Accel [ X:-0.0125669 Y:-0.1986755 Z:+1.0000000]  Gyro  [ X:-79.7462463 Y:-13.8204346 Z:+0.1635132]  Magnet [ X:+1.4993895 Y:+79.4676435 Z:-2.0991453]
 Accel [ X:+0.0850894 Y:-0.4750427 Z:+1.0000000]  Gyro  [ X:-49.9916077 Y:-6.1910400 Z:+0.1635132]  Magnet [ X:+25.4896215 Y:+76.4688645 Z:-7.7968254]
 Accel [ X:+0.0142886 Y:-0.3363708 Z:+1.0000000]  Gyro  [ X:+31.5208435 Y:-17.9403076 Z:-0.0806274]  Magnet [ X:+6.2974359 Y:+73.4700855 Z:-4.1982906]
 Accel [ X:-0.1429380 Y:-0.1403259 Z:+1.0000000]  Gyro  [ X:+30.5747986 Y:+3.5135498 Z:-0.1416626]  Magnet [ X:-6.8971917 Y:+82.4664225 Z:-5.0979243]
 Accel [ X:+0.3665835 Y:-0.2650818 Z:+1.0000000]  Gyro  [ X:-26.3404846 Y:+29.3314209 Z:-0.2942505]  Magnet [ X:-0.1499389 Y:+73.3201465 Z:-4.0483516]
 Accel [ X:+0.0389468 Y:-0.5800232 Z:+1.0000000]  Gyro  [ X:-4.8561096 Y:-3.9632568 Z:-0.2026978]  Magnet [ X:+27.1389499 Y:+68.5221001 Z:-10.9455433]
 Accel [ X:+0.3680483 Y:+0.1008850 Z:+1.0000000]  Gyro  [ X:-18.9247131 Y:+11.5091553 Z:-0.2637329]  Magnet [ X:-14.5440781 Y:+77.8183150 Z:-8.2466422]
 Accel [ X:+0.0008608 Y:+0.0361877 Z:+1.0000000]  Gyro  [ X:-73.2460022 Y:-48.2747803 Z:-0.1721802]  Magnet [ X:-10.9455433 Y:+76.9186813 Z:-7.0471306]
 Accel [ X:-0.0223325 Y:-0.3624939 Z:+1.0000000]  Gyro  [ X:-9.2506409 Y:+0.9805908 Z:+0.0414429]  Magnet [ X:+19.1921856 Y:+76.1689866 Z:-5.0979243]
 Accel [ X:-0.0723813 Y:-0.4928650 Z:+1.0000000]  Gyro  [ X:-16.7579651 Y:+18.5281982 Z:+0.1940308]  Magnet [ X:+30.4376068 Y:+72.1206349 Z:-12.7448107]
 Accel [ X:+0.1873843 Y:-0.4054626 Z:+1.0000000]  Gyro  [ X:+32.2227478 Y:+10.4715576 Z:-0.0501099]  Magnet [ X:+23.0905983 Y:+74.0698413 Z:-6.5973138]
 Accel [ X:-0.0140317 Y:-0.3256287 Z:+1.0000000]  Gyro  [ X:+5.2452087 Y:-21.6024170 Z:-0.1111450]  Magnet [ X:+21.2913309 Y:+74.0698413 Z:-7.1970696]
 Accel [ X:-0.1661313 Y:-0.2592224 Z:+1.0000000]  Gyro  [ X:+19.6800232 Y:-5.3365479 Z:-0.1721802]  Magnet [ X:+13.4945055 Y:+77.9682540 Z:-2.0991453]
 Accel [ X:-0.0357603 Y:+0.0046936 Z:+1.0000000]  Gyro  [ X:-35.3126526 Y:-15.5599365 Z:-0.4468384]  Magnet [ X:-9.1462759 Y:+75.7191697 Z:-6.7472527]
 Accel [ X:+0.0218569 Y:-0.0746521 Z:+1.0000000]  Gyro  [ X:-57.8346252 Y:+15.9036865 Z:+0.1024780]  Magnet [ X:+2.9987790 Y:+79.7675214 Z:-2.0991453]
 Accel [ X:+0.1602847 Y:-0.3175720 Z:+1.0000000]  Gyro  [ X:+15.2244568 Y:+10.0748291 Z:-0.1416626]  Magnet [ X:+23.8402930 Y:+70.3213675 Z:-9.1462759]
 Accel [ X:-0.1988462 Y:-0.2279724 Z:+1.0000000]  Gyro  [ X:-32.5660706 Y:-44.7042236 Z:-0.5078735]  Magnet [ X:+15.4437118 Y:+80.8170940 Z:-3.1487179]
 Accel [ X:+0.1331851 Y:-0.5341248 Z:+1.0000000]  Gyro  [ X:-30.6739807 Y:+11.1124268 Z:+0.3161011]  Magnet [ X:+28.7882784 Y:+71.0710623 Z:-11.9951160]
 Accel [ X:-0.2308286 Y:-0.3497986 Z:+1.0000000]  Gyro  [ X:+6.4353943 Y:+3.0557861 Z:+0.3466187]  Magnet [ X:+4.1982906 Y:+74.6695971 Z:-2.9987790]
 Accel [ X:-0.0628599 Y:-0.0126404 Z:+1.0000000]  Gyro  [ X:+74.9168396 Y:+22.7091064 Z:+0.2550659]  Magnet [ X:-11.0954823 Y:+78.2681319 Z:-6.2974359]
 Accel [ X:+0.1353823 Y:-0.2636169 Z:+1.0000000]  Gyro  [ X:-72.2999573 Y:-4.6651611 Z:+0.2245483]  Magnet [ X:+16.1934066 Y:+69.8715507 Z:-6.5973138]
 Accel [ X:-0.2838071 Y:-0.5973572 Z:+1.0000000]  Gyro  [ X:-13.6146545 Y:-46.6878662 Z:-0.0501099]  Magnet [ X:+35.5355311 Y:+66.4229548 Z:-19.6420024]
 Accel [ X:+0.0313784 Y:-0.3241638 Z:+1.0000000]  Gyro  [ X:+49.2210388 Y:-12.3861084 Z:-0.3552856]  Magnet [ X:+21.8910867 Y:+76.1689866 Z:-5.3978022]
 Accel [ X:+0.0015933 Y:-0.1869568 Z:+1.0000000]  Gyro  [ X:+66.8601990 Y:-9.4259033 Z:+0.3466187]  Magnet [ X:+0.8996337 Y:+70.7711844 Z:-5.0979243]
 Accel [ X:+0.1717593 Y:-0.1176208 Z:+1.0000000]  Gyro  [ X:-27.2865295 Y:-81.4779053 Z:+0.1329956]  Magnet [ X:+0.7496947 Y:+80.2173382 Z:-2.2490842]
 Accel [ X:+0.0125796 Y:-0.4669861 Z:+1.0000000]  Gyro  [ X:-91.0377502 Y:-1.0946045 Z:-0.0806274]  Magnet [ X:+31.4871795 Y:+71.6708181 Z:-12.5948718]
 Accel [ X:-0.3668149 Y:-0.5451111 Z:+1.0000000]  Gyro  [ X:-0.1564026 Y:-7.9305420 Z:-0.0195923]  Magnet [ X:+29.2380952 Y:+70.3213675 Z:-12.4449328]
 Accel [ X:-0.0350278 Y:-0.2570251 Z:+1.0000000]  Gyro  [ X:-18.5585022 Y:-26.3631592 Z:-0.5078735]  Magnet [ X:+9.2962149 Y:+72.5704518 Z:-4.1982906]
 Accel [ X:-0.0650571 Y:-0.2033142 Z:+1.0000000]  Gyro  [ X:+38.5093689 Y:-4.2073975 Z:-0.1721802]  Magnet [ X:+3.4485958 Y:+79.9174603 Z:-3.4485958]
 Accel [ X:-0.2156919 Y:-0.3788513 Z:+1.0000000]  Gyro  [ X:-71.6896057 Y:-26.1190186 Z:-0.3858032]  Magnet [ X:+22.7907204 Y:+70.1714286 Z:-9.5960928]
 Accel [ X:-0.0882505 Y:-0.4938416 Z:+1.0000000]  Gyro  [ X:+19.1917419 Y:-17.7572021 Z:+0.2245483]  Magnet [ X:+28.9382173 Y:+73.6200244 Z:-10.6456654]
 Accel [ X:-0.3751157 Y:-0.1032166 Z:+1.0000000]  Gyro  [ X:-53.1654358 Y:+35.0076904 Z:-0.4468384]  Magnet [ X:-4.1982906 Y:+82.7663004 Z:-2.6989011]
 Accel [ X:+0.0731265 Y:-0.2753357 Z:+1.0000000]  Gyro  [ X:-62.3817444 Y:-11.5316162 Z:-0.0806274]  Magnet [ X:+10.9455433 Y:+71.2210012 Z:-4.9479853]
 Accel [ X:+0.2130190 Y:-0.3158630 Z:+1.0000000]  Gyro  [ X:+0.6065369 Y:-16.1397705 Z:+0.1024780]  Magnet [ X:+22.6407814 Y:+75.4192918 Z:-6.1474969]
 Accel [ X:+0.0511538 Y:-0.3436951 Z:+1.0000000]  Gyro  [ X:-89.4203186 Y:-9.5784912 Z:+0.0719604]  Magnet [ X:+21.4412698 Y:+73.6200244 Z:-6.1474969]
 Accel [ X:-0.0887388 Y:-0.1388611 Z:+1.0000000]  Gyro  [ X:-3.6659241 Y:+7.3892822 Z:-0.0195923]  Magnet [ X:+3.1487179 Y:+74.5196581 Z:-5.2478632]
 Accel [ X:-0.0054868 Y:-0.1242126 Z:+1.0000000]  Gyro  [ X:-20.3895569 Y:-32.0089111 Z:-0.2942505]  Magnet [ X:+0.0000000 Y:+73.4700855 Z:-4.7980464]
 Accel [ X:-0.0186704 Y:-0.3349060 Z:+1.0000000]  Gyro  [ X:-66.4100647 Y:-0.1180420 Z:+0.1329956]  Magnet [ X:+22.3409035 Y:+76.6188034 Z:-4.6481074]
 Accel [ X:+0.0379702 Y:-0.4252380 Z:+1.0000000]  Gyro  [ X:-45.0782776 Y:-2.9561768 Z:-0.2942505]  Magnet [ X:+30.4376068 Y:+69.7216117 Z:-13.9443223]
 Accel [ X:+0.0528628 Y:-0.3104919 Z:+1.0000000]  Gyro  [ X:+61.0618591 Y:-15.5904541 Z:+0.1329956]  Magnet [ X:+19.1921856 Y:+70.4713065 Z:-5.6976801]
 Accel [ X:-0.0279478 Y:-0.0956482 Z:+1.0000000]  Gyro  [ X:+20.9617615 Y:-13.6068115 Z:-0.4468384]  Magnet [ X:-1.7992674 Y:+77.9682540 Z:-3.5985348]
 Accel [ X:-0.0313657 Y:-0.1347107 Z:+1.0000000]  Gyro  [ X:-69.6144104 Y:-13.0574951 Z:+0.0414429]  Magnet [ X:+3.7484737 Y:+77.5184371 Z:-2.8488400]
 Accel [ X:-0.1719907 Y:-0.4408630 Z:+1.0000000]  Gyro  [ X:-46.6957092 Y:-31.7342529 Z:+0.1024780]  Magnet [ X:+25.1897436 Y:+77.0686203 Z:-6.2974359]
 Accel [ X:+0.1334292 Y:-0.3141541 Z:+1.0000000]  Gyro  [ X:-20.9693909 Y:-34.9996338 Z:+0.2550659]  Magnet [ X:+22.4908425 Y:+75.2693529 Z:-6.5973138]
 Accel [ X:+0.0011050 Y:-0.2033142 Z:+1.0000000]  Gyro  [ X:+4.9705505 Y:-43.0257568 Z:+0.0414429]  Magnet [ X:+7.0471306 Y:+81.1169719 Z:-2.5489621]
 Accel [ X:-0.0084165 Y:-0.2877869 Z:+1.0000000]  Gyro  [ X:-12.1803284 Y:-42.0797119 Z:-0.3247681]  Magnet [ X:+16.0434676 Y:+76.3189255 Z:-3.4485958]
 Accel [ X:-0.0169614 Y:-0.2423767 Z:+1.0000000]  Gyro  [ X:-0.8277893 Y:-34.1451416 Z:+0.2245483]  Magnet [ X:+11.2454212 Y:+80.5172161 Z:-2.2490842]
 Accel [ X:-0.0386899 Y:-0.3012146 Z:+1.0000000]  Gyro  [ X:-56.8580627 Y:-29.3843994 Z:-0.7825317]  Magnet [ X:+18.4424908 Y:+79.6175824 Z:-3.1487179]
 Accel [ X:-0.0545591 Y:-0.2995056 Z:+1.0000000]  Gyro  [ X:-12.1803284 Y:-34.3282471 Z:+0.0719604]  Magnet [ X:+14.3941392 Y:+79.1677656 Z:-3.2986569]
 Accel [ X:+0.0033022 Y:-0.2174744 Z:+1.0000000]  Gyro  [ X:-11.8446350 Y:-40.0045166 Z:+0.4686890]  Magnet [ X:+13.9443223 Y:+79.3177045 Z:-3.1487179]
 Accel [ X:-0.0379575 Y:-0.3390564 Z:+1.0000000]  Gyro  [ X:-55.3932190 Y:-47.7559814 Z:-0.3552856]  Magnet [ X:+19.9418803 Y:+78.4180708 Z:-3.7484737]
 Accel [ X:-0.0345396 Y:-0.4101013 Z:+1.0000000]  Gyro  [ X:+35.1829529 Y:-30.1473389 Z:-0.0195923]  Magnet [ X:+22.7907204 Y:+78.8678877 Z:-5.9975580]
 Accel [ X:-0.1146177 Y:-0.1666931 Z:+1.0000000]  Gyro  [ X:-29.3312073 Y:-5.2144775 Z:+0.3161011]  Magnet [ X:+10.7956044 Y:+82.1665446 Z:-2.3990232]
 Accel [ X:-0.2091001 Y:-0.1622986 Z:+1.0000000]  Gyro  [ X:+9.2124939 Y:-5.0618896 Z:+0.3161011]  Magnet [ X:+19.9418803 Y:+80.5172161 Z:-5.8476190]
 Accel [ X:+0.0208804 Y:-0.5792908 Z:+1.0000000]  Gyro  [ X:-165.2870178 Y:+3.9407959 Z:+0.3771362]  Magnet [ X:+36.1352869 Y:+71.5208791 Z:-20.2417582]
 Accel [ X:+0.1793276 Y:-0.6061462 Z:+1.0000000]  Gyro  [ X:+27.7671814 Y:-9.0902100 Z:+0.1635132]  Magnet [ X:+33.7362637 Y:+67.3225885 Z:-20.8415140]
 Accel [ X:-0.0777524 Y:-0.3595642 Z:+1.0000000]  Gyro  [ X:-15.4151917 Y:-12.2030029 Z:-0.1416626]  Magnet [ X:+15.8935287 Y:+75.5692308 Z:-4.7980464]
 Accel [ X:-0.0928892 Y:-0.2609314 Z:+1.0000000]  Gyro  [ X:-22.8004456 Y:+15.5679932 Z:+0.2855835]  Magnet [ X:+6.7472527 Y:+81.4168498 Z:-2.5489621]
 Accel [ X:+0.0689761 Y:-0.6012634 Z:+1.0000000]  Gyro  [ X:+102.5962830 Y:-12.8438721 Z:-0.0806274]  Magnet [ X:+16.0434676 Y:+78.1181929 Z:-4.0483516]
 Accel [ X:-0.0794614 Y:-0.5158142 Z:+1.0000000]  Gyro  [ X:+58.4068298 Y:+0.4923096 Z:-0.1721802]  Magnet [ X:+12.7448107 Y:+79.3177045 Z:-2.5489621]
 Accel [ X:-0.1807798 Y:-0.5087341 Z:+1.0000000]  Gyro  [ X:-86.9789124 Y:-27.2176514 Z:+0.0414429]  Magnet [ X:+16.3433455 Y:+77.2185592 Z:-3.7484737]
 Accel [ X:-0.0950864 Y:-0.7526306 Z:+1.0000000]  Gyro  [ X:-23.4718323 Y:-19.8629150 Z:-0.2637329]  Magnet [ X:+30.5875458 Y:+75.5692308 Z:-12.5948718]
 Accel [ X:+0.0501772 Y:-0.3944763 Z:+1.0000000]  Gyro  [ X:-59.5741272 Y:-10.6771240 Z:+0.1635132]  Magnet [ X:+16.0434676 Y:+79.0178266 Z:-3.4485958]
 Accel [ X:+0.0775210 Y:-0.1364197 Z:+1.0000000]  Gyro  [ X:+0.4234314 Y:-2.4068604 Z:+0.3161011]  Magnet [ X:-1.7992674 Y:+80.0673993 Z:-3.2986569]
 Accel [ X:+0.0543276 Y:-0.2562927 Z:+1.0000000]  Gyro  [ X:-46.0243225 Y:-50.8687744 Z:-0.0501099]  Magnet [ X:+4.4981685 Y:+78.2681319 Z:-3.2986569]
 Accel [ X:-0.2645200 Y:-0.2533630 Z:+1.0000000]  Gyro  [ X:-157.1388245 Y:+9.5865479 Z:+0.0719604]  Magnet [ X:+10.4957265 Y:+78.2681319 Z:-1.7992674]
 Accel [ X:-0.1675962 Y:-0.7157654 Z:+1.0000000]  Gyro  [ X:+98.4458923 Y:+7.8165283 Z:+0.1024780]  Magnet [ X:+24.7399267 Y:+79.0178266 Z:-6.4473748]
 Accel [ X:+0.1685854 Y:-0.4530701 Z:+1.0000000]  Gyro  [ X:+61.4891052 Y:+56.7056885 Z:-0.0806274]  Magnet [ X:+17.0930403 Y:+81.5667888 Z:-4.1982906]
 Accel [ X:-0.5284360 Y:-0.8151306 Z:+1.0000000]  Gyro  [ X:-36.1671448 Y:+20.9085693 Z:+0.1940308]  Magnet [ X:+22.9406593 Y:+86.8146520 Z:-5.2478632]
 Accel [ X:-0.0394224 Y:-0.5895447 Z:+1.0000000]  Gyro  [ X:-13.3399963 Y:-18.8253174 Z:+0.1635132]  Magnet [ X:+30.8874237 Y:+82.4664225 Z:-13.4945055]
 Accel [ X:+0.1197573 Y:-0.9147400 Z:+1.0000000]  Gyro  [ X:+108.4861755 Y:-2.7120361 Z:-0.2332153]  Magnet [ X:+32.8366300 Y:+79.6175824 Z:-14.8439560]
 Accel [ X:+0.0423647 Y:-0.4218201 Z:+1.0000000]  Gyro  [ X:-79.3800354 Y:-60.0240479 Z:-0.1721802]  Magnet [ X:+24.7399267 Y:+84.4156288 Z:-7.9467643]
 Accel [ X:+0.4129702 Y:-0.9447693 Z:+1.0000000]  Gyro  [ X:+27.1568298 Y:-24.8067627 Z:-0.3247681]  Magnet [ X:+36.8849817 Y:+78.8678877 Z:-17.9926740]
 Accel [ X:+0.3509585 Y:-0.7428650 Z:+1.0000000]  Gyro  [ X:+264.5835876 Y:-16.4754639 Z:-0.3247681]  Magnet [ X:+4.4981685 Y:+86.0649573 Z:-0.5997558]
 Accel [ X:-0.2361997 Y:-0.8756775 Z:+1.0000000]  Gyro  [ X:-54.5692444 Y:-80.2266846 Z:-0.1111450]  Magnet [ X:+18.8923077 Y:+90.5631258 Z:-4.1982906]
 Accel [ X:-0.4466489 Y:-0.9498962 Z:+1.0000000]  Gyro  [ X:+70.8580017 Y:-28.4078369 Z:-0.1416626]  Magnet [ X:+26.3892552 Y:+81.2669109 Z:-8.0967033]
 Accel [ X:-0.3087095 Y:-0.6727966 Z:+1.0000000]  Gyro  [ X:-144.1383362 Y:+107.6700439 Z:-0.5078735]  Magnet [ X:+15.7435897 Y:+83.8158730 Z:-3.4485958]
 Accel [ X:+0.2320620 Y:-0.4235291 Z:+1.0000000]  Gyro  [ X:-72.0863342 Y:-42.8121338 Z:+0.1635132]  Magnet [ X:+26.2393162 Y:+82.6163614 Z:-8.5465201]
 Accel [ X:+0.1324526 Y:-0.4608826 Z:+1.0000000]  Gyro  [ X:+43.4226990 Y:+92.0145264 Z:+0.1635132]  Magnet [ X:+20.2417582 Y:+80.5172161 Z:-5.8476190]
 Accel [ X:-0.0069517 Y:-0.4015564 Z:+1.0000000]  Gyro  [ X:+85.2928162 Y:+10.0443115 Z:-0.2332153]  Magnet [ X:+14.8439560 Y:+91.9125763 Z:-1.3494505]
 Accel [ X:-0.3538755 Y:-0.8178162 Z:+1.0000000]  Gyro  [ X:+133.8462830 Y:-172.1151123 Z:-0.0195923]  Magnet [ X:+13.3445665 Y:+87.7142857 Z:-1.3494505]
 Accel [ X:-0.0826353 Y:-0.7638611 Z:+1.0000000]  Gyro  [ X:-70.8656311 Y:+103.1534424 Z:+0.3466187]  Magnet [ X:+24.5899878 Y:+88.7638584 Z:-6.8971917]
 Accel [ X:-0.4642271 Y:-0.6215271 Z:+1.0000000]  Gyro  [ X:-99.6742249 Y:+53.0435791 Z:+0.2550659]  Magnet [ X:+20.3916972 Y:+87.2644689 Z:-5.3978022]
 Accel [ X:-0.2796567 Y:-0.3026794 Z:+1.0000000]  Gyro  [ X:+91.9151306 Y:+88.2913818 Z:-0.3552856]  Magnet [ X:+8.3965812 Y:+89.6634921 Z:+0.5997558]
 Accel [ X:-0.0750669 Y:-0.1915955 Z:+1.0000000]  Gyro  [ X:-238.4681702 Y:+142.0633545 Z:-0.4773560]  Magnet [ X:+12.1450549 Y:+91.0129426 Z:-1.9492063]
 Accel [ X:-0.2278989 Y:-0.2914490 Z:+1.0000000]  Gyro  [ X:-21.9459534 Y:-68.7215576 Z:-0.0195923]  Magnet [ X:+8.5465201 Y:+88.3140415 Z:-1.0495726]
 Accel [ X:+0.2122866 Y:-0.6373962 Z:+1.0000000]  Gyro  [ X:+40.4014587 Y:+109.7757568 Z:+0.3466187]  Magnet [ X:+34.0361416 Y:+82.3164835 Z:-12.1450549]
 Accel [ X:+0.4095522 Y:-0.5995544 Z:+1.0000000]  Gyro  [ X:-15.6288147 Y:-130.5501709 Z:+0.3161011]  Magnet [ X:+10.4957265 Y:+91.4627595 Z:-0.2998779]
 Accel [ X:+0.0846011 Y:-0.2506775 Z:+1.0000000]  Gyro  [ X:-16.7274475 Y:+63.8162842 Z:+0.1329956]  Magnet [ X:+17.9926740 Y:+87.8642247 Z:-2.9987790]
 Accel [ X:-0.2845396 Y:-0.7684998 Z:+1.0000000]  Gyro  [ X:-27.8663635 Y:+8.3658447 Z:-0.1721802]  Magnet [ X:+30.8874237 Y:+90.5631258 Z:-9.5960928]
 Accel [ X:+0.6256167 Y:+0.0261780 Z:+1.0000000]  Gyro  [ X:-61.1305237 Y:+36.8082275 Z:+0.2245483]  Magnet [ X:-13.1946276 Y:+89.6634921 Z:-3.8984127]
 Accel [ X:-0.8248228 Y:-0.2965759 Z:+1.0000000]  Gyro  [ X:-24.5704651 Y:+64.4266357 Z:+0.3771362]  Magnet [ X:+18.5924298 Y:+94.4615385 Z:-6.2974359]
 Accel [ X:-0.4263853 Y:-0.2189392 Z:+1.0000000]  Gyro  [ X:-120.3346252 Y:+44.6512451 Z:+0.1635132]  Magnet [ X:+22.4908425 Y:+88.1641026 Z:-7.1970696]
 Accel [ X:+0.1588198 Y:-1.2977966 Z:+1.0000000]  Gyro  [ X:+161.0679626 Y:-28.0416260 Z:-0.3858032]  Magnet [ X:+32.8366300 Y:+75.7191697 Z:-17.2429792]
 Accel [ X:-0.6151060 Y:-0.4843201 Z:+1.0000000]  Gyro  [ X:-70.2552795 Y:-41.7440186 Z:+0.2550659]  Magnet [ X:+13.4945055 Y:+92.0625153 Z:-1.1995116]
 Accel [ X:-0.3543638 Y:-0.2289490 Z:+1.0000000]  Gyro  [ X:-210.3919983 Y:-33.9925537 Z:+0.0414429]  Magnet [ X:+6.1474969 Y:+91.3128205 Z:+0.1499389]
 Accel [ X:-0.2134946 Y:-0.7177185 Z:+1.0000000]  Gyro  [ X:-87.0704651 Y:-59.7188721 Z:-0.0806274]  Magnet [ X:+26.3892552 Y:+94.1616606 Z:-8.0967033]
 Accel [ X:-0.7117856 Y:-0.8778748 Z:+1.0000000]  Gyro  [ X:-3.5438538 Y:-62.6485596 Z:+0.2550659]  Magnet [ X:+15.4437118 Y:+88.9137973 Z:-1.9492063]
 Accel [ X:-0.8001646 Y:-0.3978943 Z:+1.0000000]  Gyro  [ X:+0.3623962 Y:-115.2303467 Z:-0.0501099]  Magnet [ X:+26.6891331 Y:+95.3611722 Z:-10.1958486]
 Accel [ X:-0.5594419 Y:-0.5658630 Z:+1.0000000]  Gyro  [ X:+197.3228455 Y:+9.2813721 Z:+0.1024780]  Magnet [ X:+27.4388278 Y:+89.5135531 Z:-7.3470085]
 Accel [ X:-0.7327817 Y:-0.6532654 Z:+1.0000000]  Gyro  [ X:-45.7191467 Y:-34.9385986 Z:-0.0501099]  Magnet [ X:+10.0459096 Y:+97.6102564 Z:-1.6493284]
 Accel [ X:-0.5140317 Y:-0.8148865 Z:+1.0000000]  Gyro  [ X:-88.7489319 Y:-34.9080811 Z:-0.2332153]  Magnet [ X:+25.4896215 Y:+85.1653236 Z:-8.3965812]
 Accel [ X:-0.6361021 Y:+0.0581604 Z:+1.0000000]  Gyro  [ X:+127.8648376 Y:-37.8682861 Z:+0.2245483]  Magnet [ X:+5.5477411 Y:+98.2100122 Z:-2.8488400]
 Accel [ X:-0.2989438 Y:-0.7404236 Z:+1.0000000]  Gyro  [ X:-30.2467346 Y:+46.7569580 Z:+0.0414429]  Magnet [ X:+22.3409035 Y:+88.0141636 Z:-4.3482295]
 Accel [ X:-0.6417173 Y:-0.5780701 Z:+1.0000000]  Gyro  [ X:+13.9122009 Y:-157.9549561 Z:+0.1329956]  Magnet [ X:+17.8427350 Y:+92.8122100 Z:-4.0483516]
 Accel [ X:-0.3753599 Y:-0.2016052 Z:+1.0000000]  Gyro  [ X:+125.8201599 Y:+18.1619873 Z:+0.0414429]  Magnet [ X:+17.9926740 Y:+89.6634921 Z:-1.4993895]
 Accel [ X:+0.0770327 Y:-0.8124451 Z:+1.0000000]  Gyro  [ X:-74.6192932 Y:+92.1671143 Z:-0.2637329]  Magnet [ X:+30.1377289 Y:+86.8146520 Z:-12.7448107]
 Accel [ X:+0.2367007 Y:-0.6727966 Z:+1.0000000]  Gyro  [ X:+228.7559509 Y:+22.6785889 Z:+0.1940308]  Magnet [ X:+22.1909646 Y:+90.5631258 Z:-3.2986569]
 Accel [ X:+0.1905581 Y:+0.1670471 Z:+1.0000000]  Gyro  [ X:-55.8204651 Y:-30.3304443 Z:-0.1111450]  Magnet [ X:+30.8874237 Y:+93.2620269 Z:-15.2937729]
 Accel [ X:-0.4102720 Y:-0.7526306 Z:+1.0000000]  Gyro  [ X:+69.9729919 Y:+45.0174561 Z:-0.1111450]  Magnet [ X:+40.1836386 Y:+85.7650794 Z:-20.6915751]
 Accel [ X:-0.2386411 Y:-1.2311462 Z:+1.0000000]  Gyro  [ X:+253.0784607 Y:-29.2318115 Z:-0.0806274]  Magnet [ X:+27.8886447 Y:+76.4688645 Z:-12.2949939]
 Accel [ X:-0.2510923 Y:-0.3991150 Z:+1.0000000]  Gyro  [ X:-62.4427795 Y:-113.0941162 Z:-0.0195923]  Magnet [ X:+10.3457875 Y:+90.1133089 Z:-1.9492063]
 Accel [ X:+0.1024233 Y:-0.6825623 Z:+1.0000000]  Gyro  [ X:-152.2254944 Y:+21.7325439 Z:-0.2637329]  Magnet [ X:+31.0373626 Y:+85.9150183 Z:-10.0459096]
 Accel [ X:-0.7581724 Y:-0.4210876 Z:+1.0000000]  Gyro  [ X:+24.6238708 Y:+6.8399658 Z:+0.3466187]  Magnet [ X:-2.0991453 Y:+88.7638584 Z:+0.5997558]
 Accel [ X:-0.4615415 Y:-0.0817322 Z:+1.0000000]  Gyro  [ X:+1.8577576 Y:-77.4495850 Z:+0.1940308]  Magnet [ X:+27.1389499 Y:+95.8109890 Z:-7.3470085]
 Accel [ X:-0.4095396 Y:-1.2047791 Z:+1.0000000]  Gyro  [ X:-242.5575256 Y:-105.2816162 Z:-0.1721802]  Magnet [ X:+19.0422466 Y:+83.2161172 Z:-4.3482295]
 Accel [ X:-0.1075376 Y:-0.1586365 Z:+1.0000000]  Gyro  [ X:-92.8077698 Y:-98.2015381 Z:-0.1721802]  Magnet [ X:+21.1413919 Y:+94.0117216 Z:-4.9479853]
 Accel [ X:+0.0511538 Y:-0.8637146 Z:+1.0000000]  Gyro  [ X:+195.5833435 Y:+129.3985596 Z:+0.1940308]  Magnet [ X:+14.5440781 Y:+91.0129426 Z:-1.9492063]
 Accel [ X:+0.4437319 Y:-0.6359314 Z:+1.0000000]  Gyro  [ X:-167.5453186 Y:+75.0772705 Z:-0.1721802]  Magnet [ X:+31.1873016 Y:+86.0649573 Z:-12.2949939]
 Accel [ X:-0.1087583 Y:-0.9830994 Z:+1.0000000]  Gyro  [ X:+184.8411560 Y:-142.4825439 Z:-0.2332153]  Magnet [ X:+35.9853480 Y:+83.9658120 Z:-16.7931624]
 Accel [ X:+0.0125796 Y:-0.4794373 Z:+1.0000000]  Gyro  [ X:+177.0286560 Y:+87.0096436 Z:+0.1635132]  Magnet [ X:+12.2949939 Y:+91.1628816 Z:-0.2998779]
 Accel [ X:+0.1549136 Y:-0.4784607 Z:+1.0000000]  Gyro  [ X:-107.7919006 Y:-29.8726807 Z:-0.1111450]  Magnet [ X:+32.3868132 Y:+87.8642247 Z:-14.9938950]
 Accel [ X:-0.1927427 Y:-0.6808533 Z:+1.0000000]  Gyro  [ X:-270.2369690 Y:-182.3995361 Z:+0.1635132]  Magnet [ X:+14.2442002 Y:+87.4144078 Z:-2.2490842]
 Accel [ X:-0.9390806 Y:-1.1715759 Z:+1.0000000]  Gyro  [ X:+202.7549744 Y:-51.2655029 Z:-0.0195923]  Magnet [ X:+26.6891331 Y:+86.6647131 Z:-8.3965812]
 Accel [ X:+0.2198550 Y:-0.4193787 Z:+1.0000000]  Gyro  [ X:+215.3587341 Y:-67.6229248 Z:-0.2942505]  Magnet [ X:+10.3457875 Y:+87.1145299 Z:-1.6493284]
 Accel [ X:-0.6309751 Y:+0.1108948 Z:+1.0000000]  Gyro  [ X:-151.6456604 Y:-66.0054932 Z:-0.0806274]  Magnet [ X:-9.8959707 Y:+92.9621490 Z:-5.6976801]
 Accel [ X:+0.1715151 Y:-0.4618591 Z:+1.0000000]  Gyro  [ X:-114.1395569 Y:+81.0892334 Z:+0.3161011]  Magnet [ X:+30.2876679 Y:+90.5631258 Z:-10.4957265]
 Accel [ X:-0.0562681 Y:-1.0082458 Z:+1.0000000]  Gyro  [ X:-116.0926819 Y:-29.3538818 Z:+0.0109253]  Magnet [ X:+30.5875458 Y:+84.8654457 Z:-14.0942613]
 Accel [ X:-0.5723813 Y:-0.2706970 Z:+1.0000000]  Gyro  [ X:-130.3138733 Y:-149.2574463 Z:-0.0195923]  Magnet [ X:+7.9467643 Y:+94.9113553 Z:-1.0495726]
 Accel [ X:+0.1246401 Y:-0.8146423 Z:+1.0000000]  Gyro  [ X:+83.7364197 Y:+44.1019287 Z:-0.4163208]  Magnet [ X:+21.5912088 Y:+85.4652015 Z:-7.1970696]
 Accel [ X:-0.3768247 Y:-0.6127380 Z:+1.0000000]  Gyro  [ X:-76.4808655 Y:-42.9036865 Z:-0.0501099]  Magnet [ X:+19.7919414 Y:+86.3648352 Z:-4.4981685]
 Accel [ X:+0.2227847 Y:-0.7704529 Z:+1.0000000]  Gyro  [ X:-57.4073792 Y:+19.7183838 Z:-0.1111450]  Magnet [ X:+29.5379731 Y:+87.7142857 Z:-7.9467643]
 Accel [ X:-0.6402524 Y:-0.6095642 Z:+1.0000000]  Gyro  [ X:-93.9979553 Y:-42.0491943 Z:-0.0195923]  Magnet [ X:+7.6468864 Y:+91.0129426 Z:+1.3494505]
 Accel [ X:-0.3944028 Y:-0.5944275 Z:+1.0000000]  Gyro  [ X:-90.9156799 Y:+6.3516846 Z:-0.2332153]  Magnet [ X:+28.4884005 Y:+90.2632479 Z:-11.9951160]
 Accel [ X:+0.1954409 Y:-0.3163513 Z:+1.0000000]  Gyro  [ X:-152.6832581 Y:+114.6585693 Z:-0.5078735]  Magnet [ X:+11.9951160 Y:+89.6634921 Z:-2.0991453]
 Accel [ X:+0.2454897 Y:-0.3419861 Z:+1.0000000]  Gyro  [ X:+134.7618103 Y:+73.3377686 Z:+0.0719604]  Magnet [ X:+4.3482295 Y:+92.8122100 Z:-0.4498168]
 Accel [ X:-0.1612485 Y:-0.8041443 Z:+1.0000000]  Gyro  [ X:-103.0006409 Y:-148.7386475 Z:+0.1329956]  Magnet [ X:+39.4339438 Y:+87.4144078 Z:-19.6420024]
 Accel [ X:+0.1788394 Y:-0.4513611 Z:+1.0000000]  Gyro  [ X:-87.4366760 Y:+65.6778564 Z:-0.3247681]  Magnet [ X:+11.2454212 Y:+87.4144078 Z:-0.1499389]
 Accel [ X:-0.0933774 Y:-0.0126404 Z:+1.0000000]  Gyro  [ X:+42.4461365 Y:+9.2203369 Z:-0.2637329]  Magnet [ X:+21.5912088 Y:+94.7614164 Z:-7.1970696]
 Accel [ X:+0.1434390 Y:-0.4350037 Z:+1.0000000]  Gyro  [ X:-84.4459534 Y:+118.1680908 Z:+0.2245483]  Magnet [ X:+24.4400488 Y:+88.3140415 Z:-7.0471306]
 Accel [ X:-0.1441587 Y:-0.7050232 Z:+1.0000000]  Gyro  [ X:+63.8389587 Y:-74.8861084 Z:+0.2550659]  Magnet [ X:+11.8451770 Y:+91.0129426 Z:-2.8488400]
 Accel [ X:-0.9600767 Y:-0.6393494 Z:+1.0000000]  Gyro  [ X:-289.5240784 Y:+115.4215088 Z:+0.2855835]  Magnet [ X:+32.3868132 Y:+90.5631258 Z:-14.0942613]
 Accel [ X:-0.7413267 Y:+0.3413635 Z:+1.0000000]  Gyro  [ X:-168.4913635 Y:+26.8594971 Z:-0.5078735]  Magnet [ X:-5.6976801 Y:+99.8593407 Z:-5.0979243]
 Accel [ X:-0.2781919 Y:-0.4652771 Z:+1.0000000]  Gyro  [ X:+87.1849060 Y:+11.6617432 Z:+0.2550659]  Magnet [ X:+23.9902320 Y:+95.6610501 Z:-8.6964591]
 Accel [ X:-0.9913267 Y:-0.2140564 Z:+1.0000000]  Gyro  [ X:+8.1138611 Y:+123.3865967 Z:-0.3858032]  Magnet [ X:+7.4969475 Y:+91.4627595 Z:-1.4993895]
 Accel [ X:+0.2098452 Y:-0.6359314 Z:+1.0000000]  Gyro  [ X:+219.1734314 Y:-42.6290283 Z:-0.2332153]  Magnet [ X:+25.6395604 Y:+92.2124542 Z:-8.5465201]
 Accel [ X:+0.1781069 Y:-0.3073181 Z:+1.0000000]  Gyro  [ X:-45.2003479 Y:-169.0328369 Z:+0.6212769]  Magnet [ X:+13.6444444 Y:+90.1133089 Z:-3.4485958]
 Accel [ X:-0.2789243 Y:+0.0352112 Z:+1.0000000]  Gyro  [ X:-95.4933167 Y:+57.1939697 Z:+0.0719604]  Magnet [ X:+12.8947497 Y:+89.6634921 Z:-1.1995116]
 Accel [ X:-0.6382993 Y:-0.9433044 Z:+1.0000000]  Gyro  [ X:+289.1502380 Y:+130.0089111 Z:+0.1329956]  Magnet [ X:+18.5924298 Y:+83.3660562 Z:-3.2986569]
 Accel [ X:-0.8011411 Y:-1.0536560 Z:+1.0000000]  Gyro  [ X:-24.0821838 Y:-122.4630127 Z:-0.3858032]  Magnet [ X:+31.4871795 Y:+82.1665446 Z:-14.9938950]
 Accel [ X:+0.4823062 Y:-0.4896912 Z:+1.0000000]  Gyro  [ X:-86.2464905 Y:-39.4246826 Z:+0.1329956]  Magnet [ X:+24.7399267 Y:+81.4168498 Z:-7.9467643]
 Accel [ X:-0.9627622 Y:-0.6342224 Z:+1.0000000]  Gyro  [ X:-116.8251038 Y:-227.9317627 Z:+0.2855835]  Magnet [ X:+21.1413919 Y:+81.4168498 Z:-4.0483516]
 Accel [ X:-0.7801450 Y:+0.0234924 Z:+1.0000000]  Gyro  [ X:+39.3028259 Y:+17.5516357 Z:+0.4992065]  Magnet [ X:+10.1958486 Y:+86.6647131 Z:-2.3990232]
 Accel [ X:+0.2857729 Y:-0.2592224 Z:+1.0000000]  Gyro  [ X:-118.5035706 Y:+4.5206299 Z:-0.2332153]  Magnet [ X:+10.1958486 Y:+70.4713065 Z:-4.7980464]
 Accel [ X:+0.3956362 Y:-0.3576111 Z:+1.0000000]  Gyro  [ X:-50.7545471 Y:-45.1009521 Z:+0.2855835]  Magnet [ X:+18.5924298 Y:+73.4700855 Z:-6.2974359]
 Accel [ X:+0.0980288 Y:+0.1047913 Z:+1.0000000]  Gyro  [ X:+0.7591248 Y:-44.0938721 Z:+0.3466187]  Magnet [ X:+2.2490842 Y:+70.0214896 Z:-5.8476190]
 Accel [ X:+0.2159487 Y:+0.1931702 Z:+1.0000000]  Gyro  [ X:-32.5050354 Y:+16.3309326 Z:+0.1635132]  Magnet [ X:+2.2490842 Y:+61.9247863 Z:-10.0459096]
 Accel [ X:+0.2105776 Y:+0.1011292 Z:+1.0000000]  Gyro  [ X:+24.0440369 Y:+61.2833252 Z:-0.1721802]  Magnet [ X:-7.1970696 Y:+59.0759463 Z:-16.4932845]
 Accel [ X:+0.2232729 Y:+0.1318909 Z:+1.0000000]  Gyro  [ X:-10.6849670 Y:+24.9674072 Z:+0.1329956]  Magnet [ X:-7.9467643 Y:+55.0275946 Z:-22.6407814]
 Accel [ X:+0.1114565 Y:+0.1211487 Z:+1.0000000]  Gyro  [ X:+7.8086853 Y:+40.1041260 Z:-0.2637329]  Magnet [ X:-7.3470085 Y:+55.3274725 Z:-20.5416361]
 Accel [ X:+0.1868960 Y:+0.3477112 Z:+1.0000000]  Gyro  [ X:+21.8772888 Y:+34.7635498 Z:+0.1024780]  Magnet [ X:-4.3482295 Y:+53.2283272 Z:-23.8402930]
 Accel [ X:-0.1639341 Y:+0.2190491 Z:+1.0000000]  Gyro  [ X:-0.7972717 Y:+7.7554932 Z:+0.1024780]  Magnet [ X:-9.5960928 Y:+53.6781441 Z:-27.5887668]
 Accel [ X:-0.1524595 Y:+0.1467834 Z:+1.0000000]  Gyro  [ X:-9.4947815 Y:-3.5970459 Z:+0.1940308]  Magnet [ X:-4.0483516 Y:+52.0288156 Z:-28.9382173]
 Accel [ X:-0.0653013 Y:+0.1067444 Z:+1.0000000]  Gyro  [ X:+0.7896423 Y:+12.1500244 Z:+0.1024780]  Magnet [ X:-10.9455433 Y:+55.0275946 Z:-25.9394383]
 Accel [ X:-0.1238950 Y:+0.0881897 Z:+1.0000000]  Gyro  [ X:-19.0773010 Y:-14.7664795 Z:-0.4468384]  Magnet [ X:-7.4969475 Y:+53.3782662 Z:-27.2888889]
 Accel [ X:-0.0389341 Y:+0.0620667 Z:+1.0000000]  Gyro  [ X:-34.1835022 Y:-24.3795166 Z:+0.0109253]  Magnet [ X:-4.0483516 Y:+51.7289377 Z:-26.2393162]
 Accel [ X:+0.0255190 Y:+0.0625549 Z:+1.0000000]  Gyro  [ X:-32.5050354 Y:+7.5723877 Z:+0.1635132]  Magnet [ X:+1.6493284 Y:+49.9296703 Z:-28.6383394]
 Accel [ X:-0.1124204 Y:+0.1426331 Z:+1.0000000]  Gyro  [ X:-24.5704651 Y:+8.6710205 Z:-0.2637329]  Magnet [ X:-4.4981685 Y:+51.2791209 Z:-27.2888889]
 Accel [ X:+0.0306460 Y:+0.2412659 Z:+1.0000000]  Gyro  [ X:-42.3622131 Y:+15.1712646 Z:+0.1024780]  Magnet [ X:-2.0991453 Y:+51.8788767 Z:-23.9902320]
 Accel [ X:-0.1297544 Y:+0.2529846 Z:+1.0000000]  Gyro  [ X:-51.8836975 Y:+13.7064209 Z:+0.1329956]  Magnet [ X:+4.4981685 Y:+50.0796093 Z:-25.7894994]
 Accel [ X:-0.0377134 Y:+0.2070862 Z:+1.0000000]  Gyro  [ X:-9.5863342 Y:-12.7828369 Z:+0.0719604]  Magnet [ X:+9.8959707 Y:+51.2791209 Z:-22.4908425]
 Accel [ X:+0.1129214 Y:+0.2678772 Z:+1.0000000]  Gyro  [ X:-30.0025940 Y:-17.2994385 Z:+0.2245483]  Magnet [ X:+18.4424908 Y:+54.1279609 Z:-21.4412698]
 Accel [ X:+0.0804507 Y:-0.0827087 Z:+1.0000000]  Gyro  [ X:+22.1824646 Y:+35.4654541 Z:+0.0109253]  Magnet [ X:+21.4412698 Y:+63.7240537 Z:-11.8451770]
 Accel [ X:+0.0614077 Y:-0.3766541 Z:+1.0000000]  Gyro  [ X:-80.3871155 Y:-40.5538330 Z:+0.4076538]  Magnet [ X:+30.7374847 Y:+64.6236874 Z:-16.0434676]
 Accel [ X:+0.3158022 Y:-0.1381287 Z:+1.0000000]  Gyro  [ X:-19.0773010 Y:-16.4144287 Z:+0.1635132]  Magnet [ X:+20.3916972 Y:+63.2742369 Z:-11.6952381]
 Accel [ X:-0.0086606 Y:-0.2345642 Z:+1.0000000]  Gyro  [ X:-66.0133362 Y:-8.4798584 Z:+0.3161011]  Magnet [ X:+34.7858364 Y:+61.7748474 Z:-25.7894994]
 Accel [ X:+0.3338687 Y:-0.3009705 Z:+1.0000000]  Gyro  [ X:-147.9530334 Y:-45.3450928 Z:-0.2026978]  Magnet [ X:+30.7374847 Y:+58.6261294 Z:-24.4400488]
 Accel [ X:+0.0277163 Y:-0.4757751 Z:+1.0000000]  Gyro  [ X:-45.7801819 Y:+22.5870361 Z:+0.2245483]  Magnet [ X:+37.0349206 Y:+59.2258852 Z:-34.6358974]
 Accel [ X:+0.3861147 Y:-0.5163025 Z:+1.0000000]  Gyro  [ X:-87.8944397 Y:+36.9302979 Z:-0.1721802]  Magnet [ X:+43.7821734 Y:+69.5716728 Z:-33.5863248]
 Accel [ X:+0.0179507 Y:-1.0253357 Z:+1.0000000]  Gyro  [ X:+126.7662048 Y:+165.7755127 Z:-0.1721802]  Magnet [ X:+34.7858364 Y:+61.7748474 Z:-29.6879121]
 Accel [ X:-0.1343931 Y:-0.3878845 Z:+1.0000000]  Gyro  [ X:+114.3455505 Y:+19.8099365 Z:-0.2942505]  Magnet [ X:+35.8354090 Y:+63.7240537 Z:-28.3384615]
 Accel [ X:-1.1068052 Y:+0.0757385 Z:+1.0000000]  Gyro  [ X:-45.4444885 Y:+57.0413818 Z:-0.3552856]  Magnet [ X:+0.4498168 Y:+61.0251526 Z:-12.7448107]
 Accel [ X:-0.2442563 Y:-0.2321228 Z:+1.0000000]  Gyro  [ X:+11.5623474 Y:-71.8343506 Z:-0.2942505]  Magnet [ X:+8.2466422 Y:+50.5294261 Z:-25.6395604]
 Accel [ X:+0.1246401 Y:-0.0206970 Z:+1.0000000]  Gyro  [ X:+39.2112732 Y:-67.7144775 Z:-0.0195923]  Magnet [ X:+10.6456654 Y:+60.4253968 Z:-12.4449328]
 Accel [ X:+0.0770327 Y:-0.2687439 Z:+1.0000000]  Gyro  [ X:-10.4713440 Y:-14.9801025 Z:-0.2637329]  Magnet [ X:+0.4498168 Y:+69.7216117 Z:-6.1474969]
 Accel [ X:+0.0904604 Y:-0.2318787 Z:+1.0000000]  Gyro  [ X:-20.0233459 Y:-10.2193604 Z:+0.1024780]  Magnet [ X:+1.3494505 Y:+68.8219780 Z:-6.4473748]
 Accel [ X:-0.2352231 Y:-0.2973083 Z:+1.0000000]  Gyro  [ X:-37.7540588 Y:-22.7315674 Z:-0.2637329]  Magnet [ X:+0.7496947 Y:+72.1206349 Z:-5.5477411]
 Accel [ X:+0.0758120 Y:-0.3046326 Z:+1.0000000]  Gyro  [ X:-19.5045471 Y:-10.6771240 Z:-0.1721802]  Magnet [ X:+4.0483516 Y:+70.6212454 Z:-5.2478632]
 Accel [ X:+0.0789858 Y:-0.2948669 Z:+1.0000000]  Gyro  [ X:-20.1454163 Y:-10.7381592 Z:+0.2855835]  Magnet [ X:+2.5489621 Y:+70.0214896 Z:-4.9479853]
 Accel [ X:+0.0684878 Y:-0.2885193 Z:+1.0000000]  Gyro  [ X:-20.5116272 Y:-10.1583252 Z:-0.0195923]  Magnet [ X:+2.5489621 Y:+68.5221001 Z:-5.2478632]
 Accel [ X:+0.0714175 Y:-0.2836365 Z:+1.0000000]  Gyro  [ X:-20.1148987 Y:-10.5550537 Z:+0.0414429]  Magnet [ X:+2.2490842 Y:+69.7216117 Z:-6.1474969]
 Accel [ X:+0.0841128 Y:-0.2785095 Z:+1.0000000]  Gyro  [ X:-20.2674866 Y:-10.3414307 Z:-0.2637329]  Magnet [ X:+1.4993895 Y:+70.4713065 Z:-5.3978022]
 Accel [ X:+0.0721499 Y:-0.2721619 Z:+1.0000000]  Gyro  [ X:-20.2980042 Y:-10.6160889 Z:-0.0806274]  Magnet [ X:+2.2490842 Y:+70.6212454 Z:-4.9479853]
 Accel [ X:+0.0872866 Y:-0.2614197 Z:+1.0000000]  Gyro  [ X:-22.0985413 Y:-10.7076416 Z:-0.0501099]  Magnet [ X:+1.1995116 Y:+70.4713065 Z:-5.0979243]
 Accel [ X:+0.0933901 Y:-0.2567810 Z:+1.0000000]  Gyro  [ X:-20.2980042 Y:-10.2803955 Z:+0.1024780]  Magnet [ X:+0.2998779 Y:+70.1714286 Z:-5.6976801]
 Accel [ X:-0.0477231 Y:-0.3507751 Z:+1.0000000]  Gyro  [ X:+31.5513611 Y:+132.6029053 Z:-0.0806274]  Magnet [ X:-5.0979243 Y:+60.5753358 Z:-13.1946276]
 Accel [ X:-0.8011411 Y:-0.8949646 Z:+1.0000000]  Gyro  [ X:-25.4554749 Y:-7.4117432 Z:-0.3552856]  Magnet [ X:+2.6989011 Y:+94.4615385 Z:-1.1995116]
 Accel [ X:-1.7237485 Y:-0.6676697 Z:+1.0000000]  Gyro  [ X:-13.0653381 Y:-20.1680908 Z:-0.1111450]  Magnet [ X:+1.9492063 Y:+114.1035409 Z:-10.0459096]
 Accel [ X:-1.4227231 Y:-0.6710876 Z:+1.0000000]  Gyro  [ X:-32.2914124 Y:-15.8956299 Z:+0.0414429]  Magnet [ X:+11.6952381 Y:+112.1543346 Z:-11.0954823]
 Accel [ X:-1.3575376 Y:-0.6708435 Z:+1.0000000]  Gyro  [ X:-32.0777893 Y:-37.2884521 Z:-0.2332153]  Magnet [ X:+15.1438339 Y:+108.7057387 Z:-9.1462759]
 Accel [ X:-1.0406431 Y:-0.6857361 Z:+1.0000000]  Gyro  [ X:-23.6549377 Y:-26.9124756 Z:-0.2026978]  Magnet [ X:+17.5428571 Y:+103.3079365 Z:+3.4485958]
 Accel [ X:-1.0159849 Y:-0.6347107 Z:+1.0000000]  Gyro  [ X:-36.5028381 Y:-44.7652588 Z:-0.3552856]  Magnet [ X:+15.2937729 Y:+102.2583639 Z:+9.2962149]
 Accel [ X:-0.8443540 Y:-0.6869568 Z:+1.0000000]  Gyro  [ X:-20.6642151 Y:-10.4940186 Z:-0.1416626]  Magnet [ X:+13.9443223 Y:+92.5123321 Z:+19.6420024]
 Accel [ X:-0.8614438 Y:-0.6852478 Z:+1.0000000]  Gyro  [ X:-20.6031799 Y:-10.2803955 Z:+0.0414429]  Magnet [ X:+12.7448107 Y:+91.6126984 Z:+18.7423687]
 Accel [ X:-0.8433774 Y:-0.6850037 Z:+1.0000000]  Gyro  [ X:-20.4811096 Y:-10.4635010 Z:+0.3466187]  Magnet [ X:+14.0942613 Y:+90.5631258 Z:+20.3916972]
 Accel [ X:-0.8631528 Y:-0.6857361 Z:+1.0000000]  Gyro  [ X:-20.6031799 Y:-10.1278076 Z:+0.0414429]  Magnet [ X:+14.3941392 Y:+91.1628816 Z:+19.1921856]
 Accel [ X:-0.8431333 Y:-0.6862244 Z:+1.0000000]  Gyro  [ X:-20.5421448 Y:-10.4329834 Z:-0.1111450]  Magnet [ X:+13.7943834 Y:+92.6622711 Z:+19.7919414]
 Accel [ X:-0.8624204 Y:-0.6881775 Z:+1.0000000]  Gyro  [ X:-20.4811096 Y:-10.3414307 Z:+0.2855835]  Magnet [ X:+14.8439560 Y:+91.3128205 Z:+18.7423687]
 Accel [ X:-0.8555845 Y:-0.6830505 Z:+1.0000000]  Gyro  [ X:-20.6642151 Y:-10.5550537 Z:-0.0806274]  Magnet [ X:+13.1946276 Y:+92.0625153 Z:+19.1921856]
 Accel [ X:-0.8487485 Y:-0.6842712 Z:+1.0000000]  Gyro  [ X:-20.3895569 Y:-10.4024658 Z:+0.4076538]  Magnet [ X:+14.9938950 Y:+92.0625153 Z:+18.5924298]
 Accel [ X:-0.8553403 Y:-0.6845154 Z:+1.0000000]  Gyro  [ X:-20.3590393 Y:-10.4024658 Z:-0.2332153]  Magnet [ X:+15.5936508 Y:+92.6622711 Z:+19.4920635]
 Accel [ X:-0.8482603 Y:-0.6815857 Z:+1.0000000]  Gyro  [ X:-20.1454163 Y:-11.2264404 Z:-0.1111450]  Magnet [ X:+13.3445665 Y:+91.3128205 Z:+19.6420024]
 Accel [ X:-0.8550962 Y:-0.6852478 Z:+1.0000000]  Gyro  [ X:-20.6031799 Y:-10.6160889 Z:-0.1416626]  Magnet [ X:+13.4945055 Y:+91.4627595 Z:+19.1921856]
 Accel [ X:-0.8690122 Y:-0.6759705 Z:+1.0000000]  Gyro  [ X:-20.2674866 Y:-10.2498779 Z:+0.2245483]  Magnet [ X:+15.2937729 Y:+91.7626374 Z:+19.1921856]
 Accel [ X:-0.8619321 Y:-0.6832947 Z:+1.0000000]  Gyro  [ X:-20.5116272 Y:-10.2498779 Z:+0.5602417]  Magnet [ X:+13.1946276 Y:+91.4627595 Z:+19.1921856]
 Accel [ X:-0.8712095 Y:-0.6840271 Z:+1.0000000]  Gyro  [ X:-20.2064514 Y:-10.2498779 Z:+0.0719604]  Magnet [ X:+13.9443223 Y:+91.9125763 Z:+19.0422466]
 Accel [ X:-0.8675474 Y:-0.6779236 Z:+1.0000000]  Gyro  [ X:-20.2369690 Y:-10.7991943 Z:+0.0719604]  Magnet [ X:+13.6444444 Y:+91.3128205 Z:+20.8415140]
 Accel [ X:-0.8641294 Y:-0.6789001 Z:+1.0000000]  Gyro  [ X:-20.9999084 Y:-10.5855713 Z:-0.5383911]  Magnet [ X:+12.2949939 Y:+90.5631258 Z:+20.0918193]
 Accel [ X:-0.8323911 Y:-0.6825623 Z:+1.0000000]  Gyro  [ X:-20.2980042 Y:-10.2498779 Z:+0.0719604]  Magnet [ X:+6.7472527 Y:+88.6139194 Z:+18.7423687]
 Accel [ X:-0.8492368 Y:-0.6869568 Z:+1.0000000]  Gyro  [ X:-20.2674866 Y:-10.3109131 Z:+0.0109253]  Magnet [ X:+4.0483516 Y:+88.9137973 Z:+15.7435897]
 Accel [ X:-0.8665708 Y:-0.6869568 Z:+1.0000000]  Gyro  [ X:-20.0843811 Y:-10.4940186 Z:-0.2637329]  Magnet [ X:+4.4981685 Y:+87.2644689 Z:+15.8935287]
 Accel [ X:-0.8597349 Y:-0.6862244 Z:+1.0000000]  Gyro  [ X:-20.4505920 Y:-10.3414307 Z:-0.2637329]  Magnet [ X:+4.9479853 Y:+88.6139194 Z:+15.4437118]
 Accel [ X:-0.8707212 Y:-0.6891541 Z:+1.0000000]  Gyro  [ X:-20.4811096 Y:-10.2193604 Z:+0.2245483]  Magnet [ X:+2.3990232 Y:+88.1641026 Z:+15.5936508]
 Accel [ X:-0.8646177 Y:-0.6879333 Z:+1.0000000]  Gyro  [ X:-20.3285217 Y:-10.2803955 Z:-0.0195923]  Magnet [ X:+3.5985348 Y:+89.6634921 Z:+16.4932845]
 Accel [ X:-0.8641294 Y:-0.6842712 Z:+1.0000000]  Gyro  [ X:-20.2064514 Y:-10.2193604 Z:-0.0806274]  Magnet [ X:+3.7484737 Y:+89.2136752 Z:+16.0434676]
 Accel [ X:-0.8509458 Y:-0.6830505 Z:+1.0000000]  Gyro  [ X:-20.5116272 Y:-10.3109131 Z:-0.1721802]  Magnet [ X:+3.8984127 Y:+88.1641026 Z:+16.1934066]
 Accel [ X:-0.8619321 Y:-0.6891541 Z:+1.0000000]  Gyro  [ X:-20.3895569 Y:-10.5550537 Z:-0.2332153]  Magnet [ X:+4.7980464 Y:+88.7638584 Z:+16.1934066]
 Accel [ X:-0.8624204 Y:-0.6925720 Z:+1.0000000]  Gyro  [ X:-20.6947327 Y:-10.1888428 Z:+0.0719604]  Magnet [ X:+3.4485958 Y:+88.3140415 Z:+15.7435897]
 Accel [ X:-0.8477720 Y:-0.6867126 Z:+1.0000000]  Gyro  [ X:-20.3285217 Y:-10.2803955 Z:+0.1635132]  Magnet [ X:+4.0483516 Y:+88.0141636 Z:+16.0434676]
 Accel [ X:-0.8607114 Y:-0.6915955 Z:+1.0000000]  Gyro  [ X:-20.4505920 Y:-10.4940186 Z:-0.3247681]  Magnet [ X:+3.7484737 Y:+90.4131868 Z:+16.6432234]
 Accel [ X:-0.8489927 Y:-0.6872009 Z:+1.0000000]  Gyro  [ X:-20.3590393 Y:-10.3414307 Z:+0.1024780]  Magnet [ X:+2.8488400 Y:+89.2136752 Z:+16.0434676]
 Accel [ X:-0.8787778 Y:-0.6893982 Z:+1.0000000]  Gyro  [ X:-21.1830139 Y:-10.4940186 Z:+0.0414429]  Magnet [ X:+3.7484737 Y:+87.7142857 Z:+17.5428571]
 Accel [ X:-0.8419126 Y:-0.6893982 Z:+1.0000000]  Gyro  [ X:-20.2674866 Y:-10.3414307 Z:-0.1721802]  Magnet [ X:+3.5985348 Y:+87.8642247 Z:+16.4932845]
 Accel [ X:-0.8572935 Y:-0.6874451 Z:+1.0000000]  Gyro  [ X:-20.6031799 Y:-10.2498779 Z:+0.5602417]  Magnet [ X:+2.9987790 Y:+88.4639805 Z:+16.1934066]
 Accel [ X:-0.8709653 Y:-0.6862244 Z:+1.0000000]  Gyro  [ X:-20.5726624 Y:-10.7686768 Z:+0.0414429]  Magnet [ X:+3.4485958 Y:+89.5135531 Z:+16.6432234]
 Accel [ X:-0.8599790 Y:-0.6876892 Z:+1.0000000]  Gyro  [ X:-20.7252502 Y:-10.2193604 Z:-0.4773560]  Magnet [ X:+4.9479853 Y:+88.0141636 Z:+17.2429792]
 Accel [ X:-0.8536313 Y:-0.6864685 Z:+1.0000000]  Gyro  [ X:-20.2980042 Y:-10.3414307 Z:+0.1635132]  Magnet [ X:+3.5985348 Y:+89.0637363 Z:+16.1934066]
 Accel [ X:-0.8548521 Y:-0.6837830 Z:+1.0000000]  Gyro  [ X:-20.2369690 Y:-10.2193604 Z:-0.2026978]  Magnet [ X:+3.8984127 Y:+89.0637363 Z:+15.8935287]
 Accel [ X:-0.8704771 Y:-0.6876892 Z:+1.0000000]  Gyro  [ X:-20.4200745 Y:-10.2498779 Z:-0.2637329]  Magnet [ X:+4.3482295 Y:+88.3140415 Z:+16.0434676]
 Accel [ X:-0.8653501 Y:-0.6872009 Z:+1.0000000]  Gyro  [ X:-20.7252502 Y:-10.2498779 Z:-0.0195923]  Magnet [ X:+3.8984127 Y:+88.7638584 Z:+15.8935287]
 Accel [ X:-0.8597349 Y:-0.6857361 Z:+1.0000000]  Gyro  [ X:-20.6947327 Y:-10.2498779 Z:-0.0195923]  Magnet [ X:+3.4485958 Y:+88.3140415 Z:+15.4437118]
 Accel [ X:-0.8716978 Y:-0.6869568 Z:+1.0000000]  Gyro  [ X:-20.4200745 Y:-10.2498779 Z:-0.0195923]  Magnet [ X:+4.3482295 Y:+89.5135531 Z:+16.9431013]
 Accel [ X:-0.8526548 Y:-0.6893982 Z:+1.0000000]  Gyro  [ X:-20.5116272 Y:-10.2193604 Z:+0.2245483]  Magnet [ X:+3.5985348 Y:+88.1641026 Z:+17.3929182]
 Accel [ X:-0.8465513 Y:-0.6837830 Z:+1.0000000]  Gyro  [ X:-20.2980042 Y:-10.3414307 Z:-0.4468384]  Magnet [ X:+4.9479853 Y:+88.6139194 Z:+16.9431013]
 Accel [ X:-0.8563169 Y:-0.6872009 Z:+1.0000000]  Gyro  [ X:-20.5421448 Y:-10.3719482 Z:-0.3247681]  Magnet [ X:+4.6481074 Y:+88.9137973 Z:+16.0434676]
 Accel [ X:-0.8670591 Y:-0.6891541 Z:+1.0000000]  Gyro  [ X:-20.9388733 Y:-10.4635010 Z:+0.0719604]  Magnet [ X:+3.7484737 Y:+88.0141636 Z:+16.0434676]
 Accel [ X:-0.8563169 Y:-0.6854919 Z:+1.0000000]  Gyro  [ X:-20.3285217 Y:-10.6466064 Z:+0.1024780]  Magnet [ X:+3.5985348 Y:+88.1641026 Z:+16.4932845]
 Accel [ X:-0.8619321 Y:-0.6879333 Z:+1.0000000]  Gyro  [ X:-20.4811096 Y:-10.2803955 Z:-0.1416626]  Magnet [ X:+3.2986569 Y:+88.1641026 Z:+15.8935287]
 Accel [ X:-0.8548521 Y:-0.6918396 Z:+1.0000000]  Gyro  [ X:-20.1148987 Y:-10.3719482 Z:-0.1416626]  Magnet [ X:+4.3482295 Y:+89.2136752 Z:+17.8427350]
 Accel [ X:-0.8631528 Y:-0.6876892 Z:+1.0000000]  Gyro  [ X:-20.4200745 Y:-10.1888428 Z:-0.3858032]  Magnet [ X:+4.0483516 Y:+88.6139194 Z:+16.6432234]
 Accel [ X:-0.8524106 Y:-0.6881775 Z:+1.0000000]  Gyro  [ X:-20.4505920 Y:-10.4940186 Z:-0.2332153]  Magnet [ X:+3.4485958 Y:+88.3140415 Z:+14.8439560]
 Accel [ X:-0.8463071 Y:-0.6891541 Z:+1.0000000]  Gyro  [ X:-20.2064514 Y:-10.4635010 Z:+0.2855835]  Magnet [ X:+3.8984127 Y:+88.4639805 Z:+17.3929182]
 Accel [ X:-0.8697446 Y:-0.6879333 Z:+1.0000000]  Gyro  [ X:-20.4505920 Y:-10.5245361 Z:+0.2855835]  Magnet [ X:+4.9479853 Y:+88.0141636 Z:+16.3433455]
 Accel [ X:-0.8441099 Y:-0.6879333 Z:+1.0000000]  Gyro  [ X:-20.3285217 Y:-10.6771240 Z:+0.1024780]  Magnet [ X:+3.2986569 Y:+88.1641026 Z:+16.7931624]
 Accel [ X:-0.8655942 Y:-0.6889099 Z:+1.0000000]  Gyro  [ X:-20.4200745 Y:-10.4024658 Z:+0.1940308]  Magnet [ X:+5.0979243 Y:+87.5643468 Z:+16.1934066]
 Accel [ X:-0.8692563 Y:-0.6874451 Z:+1.0000000]  Gyro  [ X:-20.2674866 Y:-10.1583252 Z:+0.1635132]  Magnet [ X:+3.8984127 Y:+88.7638584 Z:+15.8935287]
 Accel [ X:-0.8734067 Y:-0.6862244 Z:+1.0000000]  Gyro  [ X:-20.4505920 Y:-10.3414307 Z:-0.1416626]  Magnet [ X:+4.4981685 Y:+88.7638584 Z:+17.0930403]
 Accel [ X:-0.8614438 Y:-0.6889099 Z:+1.0000000]  Gyro  [ X:-20.5116272 Y:-10.2193604 Z:+0.0719604]  Magnet [ X:+3.1487179 Y:+87.4144078 Z:+16.9431013]
 Accel [ X:-0.8580259 Y:-0.6898865 Z:+1.0000000]  Gyro  [ X:-20.5726624 Y:-10.3109131 Z:+0.0719604]  Magnet [ X:+4.0483516 Y:+88.0141636 Z:+16.0434676]
 Accel [ X:-0.8680356 Y:-0.6832947 Z:+1.0000000]  Gyro  [ X:-20.4505920 Y:-10.5245361 Z:-0.2942505]  Magnet [ X:+3.8984127 Y:+88.1641026 Z:+15.8935287]
 Accel [ X:-0.8531431 Y:-0.6852478 Z:+1.0000000]  Gyro  [ X:-20.5726624 Y:-10.4024658 Z:-0.0501099]  Magnet [ X:+3.5985348 Y:+87.5643468 Z:+16.4932845]
 Accel [ X:-0.8646177 Y:-0.6881775 Z:+1.0000000]  Gyro  [ X:-20.3285217 Y:-10.5245361 Z:+0.0109253]  Magnet [ X:+3.7484737 Y:+89.5135531 Z:+16.9431013]
 Accel [ X:-0.8655942 Y:-0.6896423 Z:+1.0000000]  Gyro  [ X:-20.6031799 Y:-10.5550537 Z:-0.1111450]  Magnet [ X:+4.1982906 Y:+87.8642247 Z:+16.4932845]
 Accel [ X:-0.8680356 Y:-0.6886658 Z:+1.0000000]  Gyro  [ X:-20.6642151 Y:-10.0057373 Z:-0.0501099]  Magnet [ X:+4.3482295 Y:+88.6139194 Z:+16.3433455]
 Accel [ X:-0.8763364 Y:-0.6869568 Z:+1.0000000]  Gyro  [ X:-20.6947327 Y:-10.4024658 Z:+0.0414429]  Magnet [ X:+4.6481074 Y:+88.3140415 Z:+17.2429792]
 Accel [ X:-0.8704771 Y:-0.6884216 Z:+1.0000000]  Gyro  [ X:-20.1759338 Y:-10.3414307 Z:-0.2637329]  Magnet [ X:+4.1982906 Y:+89.0637363 Z:+15.2937729]
 Accel [ X:-0.8560728 Y:-0.6876892 Z:+1.0000000]  Gyro  [ X:-20.6947327 Y:-10.5245361 Z:+0.1329956]  Magnet [ X:+4.4981685 Y:+87.5643468 Z:+17.3929182]
 Accel [ X:-0.8797544 Y:-0.6869568 Z:+1.0000000]  Gyro  [ X:-20.2369690 Y:-10.0972900 Z:-0.1721802]  Magnet [ X:+3.5985348 Y:+89.0637363 Z:+15.5936508]
 Accel [ X:-0.8546079 Y:-0.6854919 Z:+1.0000000]  Gyro  [ X:-20.5726624 Y:-10.3719482 Z:+0.1024780]  Magnet [ X:+3.8984127 Y:+88.1641026 Z:+16.4932845]
 Accel [ X:-0.8563169 Y:-0.6874451 Z:+1.0000000]  Gyro  [ X:-20.5726624 Y:-10.5245361 Z:+0.3466187]  Magnet [ X:+2.5489621 Y:+88.3140415 Z:+15.7435897]
 Accel [ X:-0.8734067 Y:-0.6864685 Z:+1.0000000]  Gyro  [ X:-20.8473206 Y:-10.2803955 Z:-0.0806274]  Magnet [ X:+2.9987790 Y:+89.3636142 Z:+17.0930403]
 Accel [ X:-0.8731626 Y:-0.6874451 Z:+1.0000000]  Gyro  [ X:-20.2674866 Y:-10.2803955 Z:-0.0195923]  Magnet [ X:+3.2986569 Y:+88.4639805 Z:+16.1934066]
 Accel [ X:-0.8697446 Y:-0.6881775 Z:+1.0000000]  Gyro  [ X:-20.4200745 Y:-10.4940186 Z:+0.1329956]  Magnet [ X:+2.6989011 Y:+88.7638584 Z:+16.7931624]
 Accel [ X:-0.8599790 Y:-0.6867126 Z:+1.0000000]  Gyro  [ X:-20.4811096 Y:-10.2193604 Z:-0.0806274]  Magnet [ X:+3.7484737 Y:+88.6139194 Z:+16.3433455]
 Accel [ X:-0.8773130 Y:-0.6840271 Z:+1.0000000]  Gyro  [ X:-20.3895569 Y:-10.1888428 Z:-0.2332153]  Magnet [ X:+2.3990232 Y:+87.5643468 Z:+16.7931624]
 Accel [ X:-0.8685239 Y:-0.6867126 Z:+1.0000000]  Gyro  [ X:-20.5726624 Y:-10.2193604 Z:-0.6909790]  Magnet [ X:+4.0483516 Y:+88.3140415 Z:+16.6432234]
 Accel [ X:-0.8585142 Y:-0.6859802 Z:+1.0000000]  Gyro  [ X:-20.1148987 Y:-10.2498779 Z:-0.3247681]  Magnet [ X:+3.5985348 Y:+87.5643468 Z:+17.3929182]
 Accel [ X:-0.8621763 Y:-0.6857361 Z:+1.0000000]  Gyro  [ X:-20.5726624 Y:-10.2193604 Z:+0.1024780]  Magnet [ X:+3.4485958 Y:+88.6139194 Z:+16.6432234]
 Accel [ X:-0.8690122 Y:-0.6845154 Z:+1.0000000]  Gyro  [ X:-20.6031799 Y:-10.4635010 Z:+0.1940308]  Magnet [ X:+3.4485958 Y:+89.2136752 Z:+16.0434676]
 Accel [ X:-0.8746274 Y:-0.6876892 Z:+1.0000000]  Gyro  [ X:-20.7252502 Y:-10.1278076 Z:-0.2942505]  Magnet [ X:+3.8984127 Y:+88.7638584 Z:+15.8935287]
 Accel [ X:-0.8699888 Y:-0.6867126 Z:+1.0000000]  Gyro  [ X:-20.4811096 Y:-10.3109131 Z:-0.3247681]  Magnet [ X:+4.0483516 Y:+88.0141636 Z:+13.6444444]
 Accel [ X:-0.8719419 Y:-0.6903748 Z:+1.0000000]  Gyro  [ X:-20.6642151 Y:-10.2498779 Z:+0.1024780]  Magnet [ X:+3.7484737 Y:+88.6139194 Z:+16.0434676]
 Accel [ X:-0.8699888 Y:-0.6889099 Z:+1.0000000]  Gyro  [ X:-20.2674866 Y:-10.4329834 Z:+0.1635132]  Magnet [ X:+3.8984127 Y:+88.1641026 Z:+14.6940171]
 Accel [ X:-0.8677915 Y:-0.6884216 Z:+1.0000000]  Gyro  [ X:-20.4200745 Y:-10.1888428 Z:-0.0195923]  Magnet [ X:+4.7980464 Y:+88.4639805 Z:+15.5936508]
 Accel [ X:-0.8795103 Y:-0.6842712 Z:+1.0000000]  Gyro  [ X:-20.4200745 Y:-10.3414307 Z:-0.3858032]  Magnet [ X:+3.2986569 Y:+88.4639805 Z:+15.5936508]
 Accel [ X:-0.8565610 Y:-0.6872009 Z:+1.0000000]  Gyro  [ X:-20.5421448 Y:-10.4940186 Z:-0.2026978]  Magnet [ X:+3.2986569 Y:+88.7638584 Z:+16.7931624]
 Accel [ X:-0.8687681 Y:-0.6850037 Z:+1.0000000]  Gyro  [ X:-20.6031799 Y:-10.4635010 Z:+0.0414429]  Magnet [ X:+2.9987790 Y:+89.3636142 Z:+15.5936508]
 Accel [ X:-0.8541196 Y:-0.6876892 Z:+1.0000000]  Gyro  [ X:-20.2980042 Y:-10.3719482 Z:+0.0719604]  Magnet [ X:+3.8984127 Y:+88.7638584 Z:+15.2937729]
 Accel [ X:-0.8602231 Y:-0.6881775 Z:+1.0000000]  Gyro  [ X:-20.6642151 Y:-10.4329834 Z:+0.1024780]  Magnet [ X:+2.9987790 Y:+88.4639805 Z:+15.2937729]
 Accel [ X:-0.8587583 Y:-0.6898865 Z:+1.0000000]  Gyro  [ X:-20.2980042 Y:-10.4024658 Z:+0.2855835]  Magnet [ X:+4.9479853 Y:+88.3140415 Z:+15.4437118]
 Accel [ X:-0.8746274 Y:-0.6825623 Z:+1.0000000]  Gyro  [ X:-20.5116272 Y:-10.3109131 Z:+0.2245483]  Magnet [ X:+3.1487179 Y:+87.7142857 Z:+16.3433455]